<?xml version="1.0" encoding="utf-8"?>
<TestRun id="c2f44b9d-8ec3-4bb9-bccb-6a0eed5d21a4" name="@MacBook-Pro 2025-08-11 23:47:32" xmlns="http://microsoft.com/schemas/VisualStudio/TeamTest/2010">
  <Times creation="2025-08-11T23:47:32.8890820-03:00" queuing="2025-08-11T23:47:32.8890820-03:00" start="2025-08-11T23:47:31.8523040-03:00" finish="2025-08-11T23:47:34.5513650-03:00" />
  <TestSettings name="default" id="5c11e6d4-486e-4bb6-b812-411662248246">
    <Deployment runDeploymentRoot="_MacBook-Pro_2025-08-11_23_47_32" />
  </TestSettings>
  <Results>
    <UnitTestResult executionId="2fb626a1-09c2-4728-975c-12abc5528e89" testId="c14045dd-f91b-3e98-d221-a8a83ca7b93f" testName="FileContentRenamer.Tests.Services.FileServiceTests.ProcessFilesAsync_WithParallelProcessing_ShouldProcessMultipleFiles" computerName="MacBook-Pro" duration="00:00:00.3428272" startTime="2025-08-11T23:47:32.7311510-03:00" endTime="2025-08-11T23:47:33.1754130-03:00" testType="13cdc9d9-ddb5-4fa4-a97d-d965ccfc6d4b" outcome="Passed" testListId="8c84fa94-04c1-424b-9868-57a2d4851a1d" relativeResultsDirectory="2fb626a1-09c2-4728-975c-12abc5528e89" />
    <UnitTestResult executionId="b01db1de-f6f5-443d-831f-da95996775ff" testId="824839a8-20c1-e236-c120-b27a5f944d83" testName="FileContentRenamer.Tests.Services.DirectoryOrganizerTests.GetMonthName_WithValidMonth_ShouldReturnSpanishName(monthNumber: 7, expected: &quot;julio&quot;)" computerName="MacBook-Pro" duration="00:00:00.0003267" startTime="2025-08-11T23:47:32.9652430-03:00" endTime="2025-08-11T23:47:32.9930430-03:00" testType="13cdc9d9-ddb5-4fa4-a97d-d965ccfc6d4b" outcome="Passed" testListId="8c84fa94-04c1-424b-9868-57a2d4851a1d" relativeResultsDirectory="b01db1de-f6f5-443d-831f-da95996775ff" />
    <UnitTestResult executionId="0617c3a1-90f7-4290-8b4b-f0ec172597ab" testId="66a19620-a3b0-afbc-935a-264e635ffa8f" testName="FileContentRenamer.Tests.Services.FilenameGeneratorTests.IsAlreadyNamedFilename_WithInvalidFormats_ShouldReturnFalse(filename: &quot;service_2024-03-15&quot;)" computerName="MacBook-Pro" duration="00:00:00.0000073" startTime="2025-08-11T23:47:33.1055750-03:00" endTime="2025-08-11T23:47:33.1056130-03:00" testType="13cdc9d9-ddb5-4fa4-a97d-d965ccfc6d4b" outcome="Passed" testListId="8c84fa94-04c1-424b-9868-57a2d4851a1d" relativeResultsDirectory="0617c3a1-90f7-4290-8b4b-f0ec172597ab" />
    <UnitTestResult executionId="b07a3955-d2af-47bf-88bd-2d5cb43c4e3a" testId="62f5d1dd-bd59-22f3-6b49-8433f76fa54e" testName="FileContentRenamer.Tests.Services.DateExtractorTests.ExtractDateFromFilename_WithVariousValidFormats_ShouldReturnCorrectDates(filename: &quot;invoice_2025-06-15_bank&quot;, expected: &quot;2025-06-15&quot;)" computerName="MacBook-Pro" duration="00:00:00.0000583" startTime="2025-08-11T23:47:32.9925620-03:00" endTime="2025-08-11T23:47:32.9926160-03:00" testType="13cdc9d9-ddb5-4fa4-a97d-d965ccfc6d4b" outcome="Passed" testListId="8c84fa94-04c1-424b-9868-57a2d4851a1d" relativeResultsDirectory="b07a3955-d2af-47bf-88bd-2d5cb43c4e3a" />
    <UnitTestResult executionId="5f28660f-73e8-453f-9314-db17b54d0d61" testId="43108df8-7f9e-e70a-a456-a12f9dd6bbcf" testName="FileContentRenamer.Tests.Services.DateExtractorTests.ExtractDateFromContent_WithNullContent_ShouldReturnEmptyString" computerName="MacBook-Pro" duration="00:00:00.0000441" startTime="2025-08-11T23:47:32.9643900-03:00" endTime="2025-08-11T23:47:32.9644200-03:00" testType="13cdc9d9-ddb5-4fa4-a97d-d965ccfc6d4b" outcome="Passed" testListId="8c84fa94-04c1-424b-9868-57a2d4851a1d" relativeResultsDirectory="5f28660f-73e8-453f-9314-db17b54d0d61" />
    <UnitTestResult executionId="e1db9eb4-6cfc-4b4f-bc33-d005286e07be" testId="ef0ba115-bb03-098e-48b3-8914fb59fb7f" testName="FileContentRenamer.Tests.Services.DirectoryOrganizerTests.GetMonthName_WithValidMonth_ShouldReturnSpanishName(monthNumber: 1, expected: &quot;enero&quot;)" computerName="MacBook-Pro" duration="00:00:00.0001116" startTime="2025-08-11T23:47:32.9311790-03:00" endTime="2025-08-11T23:47:32.9312280-03:00" testType="13cdc9d9-ddb5-4fa4-a97d-d965ccfc6d4b" outcome="Passed" testListId="8c84fa94-04c1-424b-9868-57a2d4851a1d" relativeResultsDirectory="e1db9eb4-6cfc-4b4f-bc33-d005286e07be" />
    <UnitTestResult executionId="69cc5f5b-7362-449a-b1d4-7605ca134d7f" testId="4cd48cba-1ee4-9efa-c790-541706c3159b" testName="FileContentRenamer.Tests.Services.FileValidatorTests.ValidateFileSize_WithLargeFile_ShouldLogWarning" computerName="MacBook-Pro" duration="00:00:00.1193825" startTime="2025-08-11T23:47:33.0787330-03:00" endTime="2025-08-11T23:47:33.1132800-03:00" testType="13cdc9d9-ddb5-4fa4-a97d-d965ccfc6d4b" outcome="Passed" testListId="8c84fa94-04c1-424b-9868-57a2d4851a1d" relativeResultsDirectory="69cc5f5b-7362-449a-b1d4-7605ca134d7f" />
    <UnitTestResult executionId="25d34274-96c4-426c-a675-d3b93cf9c294" testId="2044c162-1147-8fb8-adb8-ab6044bfdf21" testName="FileContentRenamer.Tests.Models.NamingRulesTests.FindMatchingRule_WithMatchingRule_ShouldReturnRule" computerName="MacBook-Pro" duration="00:00:00.0005989" startTime="2025-08-11T23:47:32.7664900-03:00" endTime="2025-08-11T23:47:32.7665410-03:00" testType="13cdc9d9-ddb5-4fa4-a97d-d965ccfc6d4b" outcome="Passed" testListId="8c84fa94-04c1-424b-9868-57a2d4851a1d" relativeResultsDirectory="25d34274-96c4-426c-a675-d3b93cf9c294" />
    <UnitTestResult executionId="7d3a1717-469a-4d21-a45c-e8a6d8b25a92" testId="8031668c-d19b-b8db-0235-3b555a1ef3fc" testName="FileContentRenamer.Tests.Services.PdfProcessorTests.CanProcess_WithNonPdfExtension_ShouldReturnFalse(filename: &quot;test.txt&quot;)" computerName="MacBook-Pro" duration="00:00:00.0000941" startTime="2025-08-11T23:47:33.0525870-03:00" endTime="2025-08-11T23:47:33.0526500-03:00" testType="13cdc9d9-ddb5-4fa4-a97d-d965ccfc6d4b" outcome="Passed" testListId="8c84fa94-04c1-424b-9868-57a2d4851a1d" relativeResultsDirectory="7d3a1717-469a-4d21-a45c-e8a6d8b25a92" />
    <UnitTestResult executionId="fb3a3fc4-6469-493e-be44-8fb343e6f6c9" testId="f0b07320-4d8e-00cc-a232-a17246b4be02" testName="FileContentRenamer.Tests.Services.FileServiceTests.ProcessFilesAsync_WithValidFiles_ShouldProcessFiles" computerName="MacBook-Pro" duration="00:00:00.0310468" startTime="2025-08-11T23:47:33.1756800-03:00" endTime="2025-08-11T23:47:33.2763700-03:00" testType="13cdc9d9-ddb5-4fa4-a97d-d965ccfc6d4b" outcome="Passed" testListId="8c84fa94-04c1-424b-9868-57a2d4851a1d" relativeResultsDirectory="fb3a3fc4-6469-493e-be44-8fb343e6f6c9" />
    <UnitTestResult executionId="377b5093-a8bc-4c11-86ab-4a3fe615cae1" testId="6d87e1fd-55be-eef4-fa85-511734dc705c" testName="FileContentRenamer.Tests.Services.PdfProcessorTests.CanProcess_WithPdfExtensionVariations_ShouldReturnTrue(filename: &quot;document.pdf&quot;)" computerName="MacBook-Pro" duration="00:00:00.0002565" startTime="2025-08-11T23:47:33.1117080-03:00" endTime="2025-08-11T23:47:33.1120550-03:00" testType="13cdc9d9-ddb5-4fa4-a97d-d965ccfc6d4b" outcome="Passed" testListId="8c84fa94-04c1-424b-9868-57a2d4851a1d" relativeResultsDirectory="377b5093-a8bc-4c11-86ab-4a3fe615cae1" />
    <UnitTestResult executionId="583bf243-fe8a-4ed0-95f9-f72ff5a719e4" testId="19ed11aa-a710-6873-89bb-77d5892f3032" testName="FileContentRenamer.Tests.Services.TextProcessorTests.ExtractContentAsync_WithEmptyFile_ShouldReturnEmptyString" computerName="MacBook-Pro" duration="00:00:00.0197325" startTime="2025-08-11T23:47:33.2763420-03:00" endTime="2025-08-11T23:47:33.2773970-03:00" testType="13cdc9d9-ddb5-4fa4-a97d-d965ccfc6d4b" outcome="Passed" testListId="8c84fa94-04c1-424b-9868-57a2d4851a1d" relativeResultsDirectory="583bf243-fe8a-4ed0-95f9-f72ff5a719e4" />
    <UnitTestResult executionId="68cf5051-7ea5-4781-b822-5a116e7255e4" testId="0585f1ec-f642-09e1-866f-6d3653426f93" testName="FileContentRenamer.Tests.Services.FileValidatorTests.ShouldSkipAlreadyNamedFile_WithNotAlreadyNamedFile_ShouldReturnFalse" computerName="MacBook-Pro" duration="00:00:00.0002989" startTime="2025-08-11T23:47:33.1753740-03:00" endTime="2025-08-11T23:47:33.1757060-03:00" testType="13cdc9d9-ddb5-4fa4-a97d-d965ccfc6d4b" outcome="Passed" testListId="8c84fa94-04c1-424b-9868-57a2d4851a1d" relativeResultsDirectory="68cf5051-7ea5-4781-b822-5a116e7255e4" />
    <UnitTestResult executionId="86c15258-fc78-49ea-98b3-0bb3ef0ac1c6" testId="a973dd7a-7c46-af87-44cd-7bf4a36abf9b" testName="FileContentRenamer.Tests.Services.DateExtractorTests.ExtractDateFromFilename_WithVariousValidFormats_ShouldReturnCorrectDates(filename: &quot;test_2023-12-31_method&quot;, expected: &quot;2023-12-31&quot;)" computerName="MacBook-Pro" duration="00:00:00.0000044" startTime="2025-08-11T23:47:33.0138560-03:00" endTime="2025-08-11T23:47:33.0139010-03:00" testType="13cdc9d9-ddb5-4fa4-a97d-d965ccfc6d4b" outcome="Passed" testListId="8c84fa94-04c1-424b-9868-57a2d4851a1d" relativeResultsDirectory="86c15258-fc78-49ea-98b3-0bb3ef0ac1c6" />
    <UnitTestResult executionId="8ceb465d-f43b-433f-9e1e-1780726a532b" testId="8b50f6a7-4d32-7ee6-c298-95c6826dd2dd" testName="FileContentRenamer.Tests.Services.ImageProcessorTests.CanProcess_WithImageExtensions_ShouldReturnTrue(extension: &quot;.png&quot;)" computerName="MacBook-Pro" duration="00:00:00.0774282" startTime="2025-08-11T23:47:33.3605250-03:00" endTime="2025-08-11T23:47:33.3614940-03:00" testType="13cdc9d9-ddb5-4fa4-a97d-d965ccfc6d4b" outcome="Passed" testListId="8c84fa94-04c1-424b-9868-57a2d4851a1d" relativeResultsDirectory="8ceb465d-f43b-433f-9e1e-1780726a532b" />
    <UnitTestResult executionId="191b02c9-f3b3-426d-adcd-e8b6df5d9121" testId="3ecade73-7761-1f4e-e941-925f13343fbf" testName="FileContentRenamer.Tests.Services.ImageProcessorTests.CanProcess_WithNonImageExtension_ShouldReturnFalse(extension: &quot;.docx&quot;)" computerName="MacBook-Pro" duration="00:00:00.0316955" startTime="2025-08-11T23:47:33.1762510-03:00" endTime="2025-08-11T23:47:33.2767240-03:00" testType="13cdc9d9-ddb5-4fa4-a97d-d965ccfc6d4b" outcome="Passed" testListId="8c84fa94-04c1-424b-9868-57a2d4851a1d" relativeResultsDirectory="191b02c9-f3b3-426d-adcd-e8b6df5d9121" />
    <UnitTestResult executionId="18c24003-5c50-4e67-bcb1-1096b36de3a7" testId="653d3743-7cb8-b116-b4af-cf8e20bba6f6" testName="FileContentRenamer.Tests.Models.NamingRulesTests.GenerateFilename_WithRuleWithEmptyPaymentMethod_ShouldUseDefault" computerName="MacBook-Pro" duration="00:00:00.0000886" startTime="2025-08-11T23:47:32.8577340-03:00" endTime="2025-08-11T23:47:32.8577620-03:00" testType="13cdc9d9-ddb5-4fa4-a97d-d965ccfc6d4b" outcome="Passed" testListId="8c84fa94-04c1-424b-9868-57a2d4851a1d" relativeResultsDirectory="18c24003-5c50-4e67-bcb1-1096b36de3a7" />
    <UnitTestResult executionId="ce20b2ca-b182-4895-8b3c-21ed5148ff2d" testId="75799e7f-c8b2-eb49-e7fc-7e63546cf626" testName="FileContentRenamer.Tests.Services.ImageProcessorTests.CanProcess_WithImageExtensions_ShouldReturnTrue(extension: &quot;.tif&quot;)" computerName="MacBook-Pro" duration="00:00:00.0297796" startTime="2025-08-11T23:47:33.2809150-03:00" endTime="2025-08-11T23:47:33.3419830-03:00" testType="13cdc9d9-ddb5-4fa4-a97d-d965ccfc6d4b" outcome="Passed" testListId="8c84fa94-04c1-424b-9868-57a2d4851a1d" relativeResultsDirectory="ce20b2ca-b182-4895-8b3c-21ed5148ff2d" />
    <UnitTestResult executionId="f91478a3-52a2-4044-b688-9e32c19e14fb" testId="ae46ec5c-7f7f-c8d8-b22b-c6a93692a055" testName="FileContentRenamer.Tests.Services.TextProcessorTests.ExtractContentAsync_WithExactly1000Characters_ShouldReturnAllContent" computerName="MacBook-Pro" duration="00:00:00.0295006" startTime="2025-08-11T23:47:33.1413860-03:00" endTime="2025-08-11T23:47:33.1726480-03:00" testType="13cdc9d9-ddb5-4fa4-a97d-d965ccfc6d4b" outcome="Passed" testListId="8c84fa94-04c1-424b-9868-57a2d4851a1d" relativeResultsDirectory="f91478a3-52a2-4044-b688-9e32c19e14fb" />
    <UnitTestResult executionId="6a5362d8-76e3-4193-9882-ea9baa9e5d5c" testId="2ce66dbc-f5ab-5500-4273-caffb3bf4e5f" testName="FileContentRenamer.Tests.Models.NamingRulesTests.FindMatchingRule_WithNoMatchingRule_ShouldReturnNull" computerName="MacBook-Pro" duration="00:00:00.0001774" startTime="2025-08-11T23:47:32.8547810-03:00" endTime="2025-08-11T23:47:32.8549110-03:00" testType="13cdc9d9-ddb5-4fa4-a97d-d965ccfc6d4b" outcome="Passed" testListId="8c84fa94-04c1-424b-9868-57a2d4851a1d" relativeResultsDirectory="6a5362d8-76e3-4193-9882-ea9baa9e5d5c" />
    <UnitTestResult executionId="18337a91-2dc6-47c6-9731-49c08fa86afb" testId="c5db792d-e049-7e4c-45a4-ac95e98dbc54" testName="FileContentRenamer.Tests.Services.DirectoryOrganizerTests.GetMonthName_WithValidMonth_ShouldReturnSpanishName(monthNumber: 4, expected: &quot;abril&quot;)" computerName="MacBook-Pro" duration="00:00:00.0003910" startTime="2025-08-11T23:47:33.0194880-03:00" endTime="2025-08-11T23:47:33.0227470-03:00" testType="13cdc9d9-ddb5-4fa4-a97d-d965ccfc6d4b" outcome="Passed" testListId="8c84fa94-04c1-424b-9868-57a2d4851a1d" relativeResultsDirectory="18337a91-2dc6-47c6-9731-49c08fa86afb" />
    <UnitTestResult executionId="99d97f11-a69c-43ff-85d3-4cc3b9462a61" testId="e47068f5-ce83-2091-31a6-2a3fb625188b" testName="FileContentRenamer.Tests.Services.DirectoryOrganizerTests.IsInYearMonthStructure_WithNonExistentPath_ShouldReturnFalse" computerName="MacBook-Pro" duration="00:00:00.0006077" startTime="2025-08-11T23:47:33.0579080-03:00" endTime="2025-08-11T23:47:33.0579590-03:00" testType="13cdc9d9-ddb5-4fa4-a97d-d965ccfc6d4b" outcome="Passed" testListId="8c84fa94-04c1-424b-9868-57a2d4851a1d" relativeResultsDirectory="99d97f11-a69c-43ff-85d3-4cc3b9462a61" />
    <UnitTestResult executionId="03d49d9f-9505-4892-bfc6-df1cbf6676c7" testId="ea32b4ee-de29-bcf5-9e6a-b7b5b963e16b" testName="FileContentRenamer.Tests.Services.FileValidatorTests.ShouldProcessFile_WithInvalidExtensions_ShouldReturnFalse(extension: &quot;.png&quot;)" computerName="MacBook-Pro" duration="00:00:00.0003822" startTime="2025-08-11T23:47:33.0776160-03:00" endTime="2025-08-11T23:47:33.0778280-03:00" testType="13cdc9d9-ddb5-4fa4-a97d-d965ccfc6d4b" outcome="Passed" testListId="8c84fa94-04c1-424b-9868-57a2d4851a1d" relativeResultsDirectory="03d49d9f-9505-4892-bfc6-df1cbf6676c7" />
    <UnitTestResult executionId="a9c77406-77a4-4a5f-9f33-b8e244ab509c" testId="ff7c2091-3327-e767-4933-31644bd21f67" testName="FileContentRenamer.Tests.Configuration.ServiceConfigurationTests.ConfigureServices_ShouldRegisterAllServices" computerName="MacBook-Pro" duration="00:00:00.0530666" startTime="2025-08-11T23:47:32.9224300-03:00" endTime="2025-08-11T23:47:33.0787620-03:00" testType="13cdc9d9-ddb5-4fa4-a97d-d965ccfc6d4b" outcome="Passed" testListId="8c84fa94-04c1-424b-9868-57a2d4851a1d" relativeResultsDirectory="a9c77406-77a4-4a5f-9f33-b8e244ab509c" />
    <UnitTestResult executionId="5df406b5-4f2b-46e0-b822-3b15afbcbb78" testId="c781d212-7be9-917b-2eb4-49e5e562dd6d" testName="FileContentRenamer.Tests.Models.AppConfigTests.LoadFromConfiguration_WithNoBasePath_ShouldUseCurrentDirectory" computerName="MacBook-Pro" duration="00:00:00.0874672" startTime="2025-08-11T23:47:33.3103280-03:00" endTime="2025-08-11T23:47:33.3607830-03:00" testType="13cdc9d9-ddb5-4fa4-a97d-d965ccfc6d4b" outcome="Passed" testListId="8c84fa94-04c1-424b-9868-57a2d4851a1d" relativeResultsDirectory="5df406b5-4f2b-46e0-b822-3b15afbcbb78" />
    <UnitTestResult executionId="b7f4d527-06ea-4d76-abe6-1b327c4234ca" testId="aab26939-6c58-dafe-eca6-6d66c1372e38" testName="FileContentRenamer.Tests.Services.DateExtractorTests.ExtractDateFromContent_WithVariousSpanishDates_ShouldReturnCorrectDates(content: &quot;15 de junio de 2025&quot;, expected: &quot;2025-06-15&quot;)" computerName="MacBook-Pro" duration="00:00:00.0000038" startTime="2025-08-11T23:47:33.0206890-03:00" endTime="2025-08-11T23:47:33.0207890-03:00" testType="13cdc9d9-ddb5-4fa4-a97d-d965ccfc6d4b" outcome="Passed" testListId="8c84fa94-04c1-424b-9868-57a2d4851a1d" relativeResultsDirectory="b7f4d527-06ea-4d76-abe6-1b327c4234ca" />
    <UnitTestResult executionId="faff98e4-bc49-48f2-82a9-e1d9c061b794" testId="999b4cf4-0fb5-ec67-530a-d59638da1c9d" testName="FileContentRenamer.Tests.Services.DateExtractorTests.ExtractDateFromContent_WithInvalidSpanishMonth_ShouldFallbackToOtherFormats" computerName="MacBook-Pro" duration="00:00:00.0002146" startTime="2025-08-11T23:47:33.0544050-03:00" endTime="2025-08-11T23:47:33.0544340-03:00" testType="13cdc9d9-ddb5-4fa4-a97d-d965ccfc6d4b" outcome="Passed" testListId="8c84fa94-04c1-424b-9868-57a2d4851a1d" relativeResultsDirectory="faff98e4-bc49-48f2-82a9-e1d9c061b794" />
    <UnitTestResult executionId="2de9084a-8a52-4b89-850c-0e517bd31083" testId="1fee9821-3919-b84e-fa07-8bc4fb6625e5" testName="FileContentRenamer.Tests.Services.FileValidatorTests.ShouldProcessFile_WithDifferentCasing_ShouldBeCaseInsensitive(filename: &quot;test.Pdf&quot;)" computerName="MacBook-Pro" duration="00:00:00.0017376" startTime="2025-08-11T23:47:33.1720330-03:00" endTime="2025-08-11T23:47:33.1720720-03:00" testType="13cdc9d9-ddb5-4fa4-a97d-d965ccfc6d4b" outcome="Passed" testListId="8c84fa94-04c1-424b-9868-57a2d4851a1d" relativeResultsDirectory="2de9084a-8a52-4b89-850c-0e517bd31083" />
    <UnitTestResult executionId="539de692-db30-4f69-94cf-0139c7059612" testId="929aa209-e3f7-852b-9884-da4d7850f9c4" testName="FileContentRenamer.Tests.Services.TextProcessorTests.ExtractContentAsync_WithValidTextFile_ShouldReturnContent" computerName="MacBook-Pro" duration="00:00:00.0074701" startTime="2025-08-11T23:47:33.1094120-03:00" endTime="2025-08-11T23:47:33.1097970-03:00" testType="13cdc9d9-ddb5-4fa4-a97d-d965ccfc6d4b" outcome="Passed" testListId="8c84fa94-04c1-424b-9868-57a2d4851a1d" relativeResultsDirectory="539de692-db30-4f69-94cf-0139c7059612" />
    <UnitTestResult executionId="09502515-2808-4389-9c2e-9690cbcd3343" testId="f0195bc9-b668-8b5d-b703-9a52aa1e98e6" testName="FileContentRenamer.Tests.Services.FileValidatorTests.ValidateConfiguration_WithNullBasePath_ShouldReturnFalse" computerName="MacBook-Pro" duration="00:00:00.0007364" startTime="2025-08-11T23:47:33.2004390-03:00" endTime="2025-08-11T23:47:33.2009270-03:00" testType="13cdc9d9-ddb5-4fa4-a97d-d965ccfc6d4b" outcome="Passed" testListId="8c84fa94-04c1-424b-9868-57a2d4851a1d" relativeResultsDirectory="09502515-2808-4389-9c2e-9690cbcd3343" />
    <UnitTestResult executionId="7ba47d63-f6a3-4df6-abc7-7cecbb6109ec" testId="5782f6c4-4818-df21-281e-6b620d8a99e2" testName="FileContentRenamer.Tests.Services.FilenameGeneratorTests.IsAlreadyNamedFilename_WithInvalidFormats_ShouldReturnFalse(filename: &quot;2024-03-15&quot;)" computerName="MacBook-Pro" duration="00:00:00.0001684" startTime="2025-08-11T23:47:33.0854340-03:00" endTime="2025-08-11T23:47:33.0854710-03:00" testType="13cdc9d9-ddb5-4fa4-a97d-d965ccfc6d4b" outcome="Passed" testListId="8c84fa94-04c1-424b-9868-57a2d4851a1d" relativeResultsDirectory="7ba47d63-f6a3-4df6-abc7-7cecbb6109ec" />
    <UnitTestResult executionId="f7455bc4-e019-41e9-bb3e-f515075cc5b5" testId="6c106499-e2c3-a0a7-eafe-eacf56794202" testName="FileContentRenamer.Tests.Services.DirectoryOrganizerTests.GetMonthName_WithInvalidMonth_ShouldReturnUnknown(monthNumber: 13)" computerName="MacBook-Pro" duration="00:00:00.0000894" startTime="2025-08-11T23:47:33.0457640-03:00" endTime="2025-08-11T23:47:33.0458220-03:00" testType="13cdc9d9-ddb5-4fa4-a97d-d965ccfc6d4b" outcome="Passed" testListId="8c84fa94-04c1-424b-9868-57a2d4851a1d" relativeResultsDirectory="f7455bc4-e019-41e9-bb3e-f515075cc5b5" />
    <UnitTestResult executionId="984db994-5aab-4ed9-89e7-2d75c4890af3" testId="9a26edef-7dd2-4e60-c205-9ce214074484" testName="FileContentRenamer.Tests.Services.DirectoryOrganizerTests.OrganizeFileIntoDirectoryStructure_WithDifferentYears_ShouldCreateNewYearStructure" computerName="MacBook-Pro" duration="00:00:00.0030536" startTime="2025-08-11T23:47:33.0536800-03:00" endTime="2025-08-11T23:47:33.0574210-03:00" testType="13cdc9d9-ddb5-4fa4-a97d-d965ccfc6d4b" outcome="Passed" testListId="8c84fa94-04c1-424b-9868-57a2d4851a1d" relativeResultsDirectory="984db994-5aab-4ed9-89e7-2d75c4890af3" />
    <UnitTestResult executionId="e68f6751-e5ed-4bbe-9062-5e433381118b" testId="8642e301-1a01-c43f-5457-781e9082a823" testName="FileContentRenamer.Tests.Services.PdfProcessorTests.CanProcess_WithPdfExtensionVariations_ShouldReturnTrue(filename: &quot;document.PDF&quot;)" computerName="MacBook-Pro" duration="00:00:00.0001091" startTime="2025-08-11T23:47:33.1126130-03:00" endTime="2025-08-11T23:47:33.1126570-03:00" testType="13cdc9d9-ddb5-4fa4-a97d-d965ccfc6d4b" outcome="Passed" testListId="8c84fa94-04c1-424b-9868-57a2d4851a1d" relativeResultsDirectory="e68f6751-e5ed-4bbe-9062-5e433381118b" />
    <UnitTestResult executionId="4c881a8e-8d5c-44a8-b80d-c9d7e34229f6" testId="8294d7f7-2da1-4ee0-8cd3-c37ff5907cd4" testName="FileContentRenamer.Tests.Services.DateExtractorTests.ExtractDateFromContent_WithSpanishDateFormat_ShouldReturnCorrectDate" computerName="MacBook-Pro" duration="00:00:00.0005235" startTime="2025-08-11T23:47:33.0181790-03:00" endTime="2025-08-11T23:47:33.0185700-03:00" testType="13cdc9d9-ddb5-4fa4-a97d-d965ccfc6d4b" outcome="Passed" testListId="8c84fa94-04c1-424b-9868-57a2d4851a1d" relativeResultsDirectory="4c881a8e-8d5c-44a8-b80d-c9d7e34229f6" />
    <UnitTestResult executionId="0fcd18cc-0d0e-45e6-a823-ee3b8787927a" testId="fe7b897c-fd2e-f8e6-f880-7f5c0aaede02" testName="FileContentRenamer.Tests.Services.DateExtractorTests.ExtractDateFromContent_WithVariousGenericDates_ShouldReturnCorrectDates(content: &quot;31/12/2023&quot;, expected: &quot;2023-12-31&quot;)" computerName="MacBook-Pro" duration="00:00:00.0000492" startTime="2025-08-11T23:47:33.0561920-03:00" endTime="2025-08-11T23:47:33.0562160-03:00" testType="13cdc9d9-ddb5-4fa4-a97d-d965ccfc6d4b" outcome="Passed" testListId="8c84fa94-04c1-424b-9868-57a2d4851a1d" relativeResultsDirectory="0fcd18cc-0d0e-45e6-a823-ee3b8787927a" />
    <UnitTestResult executionId="010b322d-7888-497b-842e-11201988c1d0" testId="6802e4b7-d13f-9fd7-e900-410b7d9a430f" testName="FileContentRenamer.Tests.Services.PdfProcessorTests.ExtractContentAsync_WithEmptyPdfFile_ShouldReturnEmptyString" computerName="MacBook-Pro" duration="00:00:00.0015920" startTime="2025-08-11T23:47:33.1746790-03:00" endTime="2025-08-11T23:47:33.1768420-03:00" testType="13cdc9d9-ddb5-4fa4-a97d-d965ccfc6d4b" outcome="Passed" testListId="8c84fa94-04c1-424b-9868-57a2d4851a1d" relativeResultsDirectory="010b322d-7888-497b-842e-11201988c1d0" />
    <UnitTestResult executionId="a030159d-d6fa-4bf7-a3d5-26136080a2d9" testId="5350316f-15de-b350-a21b-48de21601546" testName="FileContentRenamer.Tests.Services.PdfProcessorTests.CanProcess_WithNonPdfExtension_ShouldReturnFalse(filename: &quot;test&quot;)" computerName="MacBook-Pro" duration="00:00:00.0001729" startTime="2025-08-11T23:47:33.0476340-03:00" endTime="2025-08-11T23:47:33.0476880-03:00" testType="13cdc9d9-ddb5-4fa4-a97d-d965ccfc6d4b" outcome="Passed" testListId="8c84fa94-04c1-424b-9868-57a2d4851a1d" relativeResultsDirectory="a030159d-d6fa-4bf7-a3d5-26136080a2d9" />
    <UnitTestResult executionId="4d5513f4-dad9-4e03-a56e-680aec4bd07a" testId="b9d72b25-82ca-6ec3-5870-6ffcc88918e2" testName="FileContentRenamer.Tests.Services.DirectoryOrganizerTests.GetMonthName_WithValidMonth_ShouldReturnSpanishName(monthNumber: 10, expected: &quot;octubre&quot;)" computerName="MacBook-Pro" duration="00:00:00.0002425" startTime="2025-08-11T23:47:32.9297160-03:00" endTime="2025-08-11T23:47:32.9298770-03:00" testType="13cdc9d9-ddb5-4fa4-a97d-d965ccfc6d4b" outcome="Passed" testListId="8c84fa94-04c1-424b-9868-57a2d4851a1d" relativeResultsDirectory="4d5513f4-dad9-4e03-a56e-680aec4bd07a" />
    <UnitTestResult executionId="48d9308d-4261-496c-a208-bd2dc94589e3" testId="8788403a-0d19-e088-1175-07bf39207809" testName="FileContentRenamer.Tests.Services.PdfProcessorTests.CanProcess_WithNonPdfExtension_ShouldReturnFalse(filename: &quot;test.jpg&quot;)" computerName="MacBook-Pro" duration="00:00:00.0000971" startTime="2025-08-11T23:47:33.0487650-03:00" endTime="2025-08-11T23:47:33.0488220-03:00" testType="13cdc9d9-ddb5-4fa4-a97d-d965ccfc6d4b" outcome="Passed" testListId="8c84fa94-04c1-424b-9868-57a2d4851a1d" relativeResultsDirectory="48d9308d-4261-496c-a208-bd2dc94589e3" />
    <UnitTestResult executionId="d27702a7-4e25-4e25-a4c0-29f8347fba86" testId="8f2c1c6f-2d06-5c80-db10-fbc31b9e4155" testName="FileContentRenamer.Tests.Services.DirectoryOrganizerTests.OrganizeFileIntoDirectoryStructure_WithValidDate_ShouldCreateStructureAndMoveFile" computerName="MacBook-Pro" duration="00:00:00.0276386" startTime="2025-08-11T23:47:32.9180710-03:00" endTime="2025-08-11T23:47:32.9212860-03:00" testType="13cdc9d9-ddb5-4fa4-a97d-d965ccfc6d4b" outcome="Passed" testListId="8c84fa94-04c1-424b-9868-57a2d4851a1d" relativeResultsDirectory="d27702a7-4e25-4e25-a4c0-29f8347fba86" />
    <UnitTestResult executionId="10740409-3369-47c1-aa46-f9acb5e382a4" testId="2266e366-c62d-09c9-ded7-1e7b5d0da037" testName="FileContentRenamer.Tests.Services.DirectoryOrganizerTests.IsInYearMonthStructure_WithInvalidStructure_ShouldReturnFalse(folderName: &quot;03_marzo_not_in_year&quot;)" computerName="MacBook-Pro" duration="00:00:00.0003097" startTime="2025-08-11T23:47:33.0240810-03:00" endTime="2025-08-11T23:47:33.0244390-03:00" testType="13cdc9d9-ddb5-4fa4-a97d-d965ccfc6d4b" outcome="Passed" testListId="8c84fa94-04c1-424b-9868-57a2d4851a1d" relativeResultsDirectory="10740409-3369-47c1-aa46-f9acb5e382a4" />
    <UnitTestResult executionId="c9322eda-6dfb-47eb-8dd0-c8f857d6acaf" testId="a366a934-60e2-7009-7a6f-f68837f539c2" testName="FileContentRenamer.Tests.Services.FileValidatorTests.ValidateConfiguration_WithValidConfig_ShouldReturnTrue" computerName="MacBook-Pro" duration="00:00:00.1194499" startTime="2025-08-11T23:47:32.7317350-03:00" endTime="2025-08-11T23:47:33.0766640-03:00" testType="13cdc9d9-ddb5-4fa4-a97d-d965ccfc6d4b" outcome="Passed" testListId="8c84fa94-04c1-424b-9868-57a2d4851a1d" relativeResultsDirectory="c9322eda-6dfb-47eb-8dd0-c8f857d6acaf" />
    <UnitTestResult executionId="dc49bcde-741f-48d6-bee3-93d0e60083e1" testId="0fcf9b9b-b820-ecc4-eb7d-d476c5dd956f" testName="FileContentRenamer.Tests.Services.FileServiceTests.ProcessFilesAsync_WithNoFiles_ShouldCompleteSuccessfully" computerName="MacBook-Pro" duration="00:00:00.0195244" startTime="2025-08-11T23:47:33.2805600-03:00" endTime="2025-08-11T23:47:33.2812830-03:00" testType="13cdc9d9-ddb5-4fa4-a97d-d965ccfc6d4b" outcome="Passed" testListId="8c84fa94-04c1-424b-9868-57a2d4851a1d" relativeResultsDirectory="dc49bcde-741f-48d6-bee3-93d0e60083e1" />
    <UnitTestResult executionId="9c47ec22-465a-40f5-b08b-3412a2bc9fc7" testId="c1072614-89d7-ecfa-6ece-76abc08d540d" testName="FileContentRenamer.Tests.Services.FilenameGeneratorTests.IsAlreadyNamedFilename_WithInvalidFormats_ShouldReturnFalse(filename: &quot;&quot;)" computerName="MacBook-Pro" duration="00:00:00.0000098" startTime="2025-08-11T23:47:33.1047300-03:00" endTime="2025-08-11T23:47:33.1047730-03:00" testType="13cdc9d9-ddb5-4fa4-a97d-d965ccfc6d4b" outcome="Passed" testListId="8c84fa94-04c1-424b-9868-57a2d4851a1d" relativeResultsDirectory="9c47ec22-465a-40f5-b08b-3412a2bc9fc7" />
    <UnitTestResult executionId="b7046b7e-7b21-457b-8788-868a5d533d4c" testId="8a90efb2-6fff-e39e-99bc-4c5b85d7b70e" testName="FileContentRenamer.Tests.Services.DirectoryOrganizerTests.GetMonthName_WithValidMonth_ShouldReturnSpanishName(monthNumber: 6, expected: &quot;junio&quot;)" computerName="MacBook-Pro" duration="00:00:00.0000889" startTime="2025-08-11T23:47:32.9624580-03:00" endTime="2025-08-11T23:47:32.9625450-03:00" testType="13cdc9d9-ddb5-4fa4-a97d-d965ccfc6d4b" outcome="Passed" testListId="8c84fa94-04c1-424b-9868-57a2d4851a1d" relativeResultsDirectory="b7046b7e-7b21-457b-8788-868a5d533d4c" />
    <UnitTestResult executionId="ebce5aa8-12ff-4729-b06f-a7cab824172d" testId="1d19ec21-e870-5f10-f860-7ea25dd398b9" testName="FileContentRenamer.Tests.Services.DateExtractorTests.ExtractDateFromContent_WithVariousGenericDates_ShouldReturnCorrectDates(content: &quot;15/03/2024&quot;, expected: &quot;2024-03-15&quot;)" computerName="MacBook-Pro" duration="00:00:00.0000777" startTime="2025-08-11T23:47:33.0568030-03:00" endTime="2025-08-11T23:47:33.0568410-03:00" testType="13cdc9d9-ddb5-4fa4-a97d-d965ccfc6d4b" outcome="Passed" testListId="8c84fa94-04c1-424b-9868-57a2d4851a1d" relativeResultsDirectory="ebce5aa8-12ff-4729-b06f-a7cab824172d" />
    <UnitTestResult executionId="dc856273-0a35-4723-aa00-ed9256bbaf90" testId="9729a039-440f-b038-cbbc-13699377547c" testName="FileContentRenamer.Tests.Services.PdfProcessorTests.CanProcess_WithPdfExtension_ShouldReturnTrue" computerName="MacBook-Pro" duration="00:00:00.0197783" startTime="2025-08-11T23:47:33.1140620-03:00" endTime="2025-08-11T23:47:33.1414540-03:00" testType="13cdc9d9-ddb5-4fa4-a97d-d965ccfc6d4b" outcome="Passed" testListId="8c84fa94-04c1-424b-9868-57a2d4851a1d" relativeResultsDirectory="dc856273-0a35-4723-aa00-ed9256bbaf90" />
    <UnitTestResult executionId="07f071df-b2d5-4655-ad3b-8635557ee41e" testId="019703dd-2e5c-665b-f543-025b13ca7b6d" testName="FileContentRenamer.Tests.Services.FilenameGeneratorTests.GenerateFilename_WithNullDirectory_ShouldReturnOriginalFilename" computerName="MacBook-Pro" duration="00:00:00.0006368" startTime="2025-08-11T23:47:33.2551330-03:00" endTime="2025-08-11T23:47:33.2744700-03:00" testType="13cdc9d9-ddb5-4fa4-a97d-d965ccfc6d4b" outcome="Passed" testListId="8c84fa94-04c1-424b-9868-57a2d4851a1d" relativeResultsDirectory="07f071df-b2d5-4655-ad3b-8635557ee41e" />
    <UnitTestResult executionId="ac1af91f-cfca-4706-8c8d-bb6f7dd9d403" testId="a4d26202-1548-77e4-c6ee-466955cdb771" testName="FileContentRenamer.Tests.Services.DateExtractorTests.ExtractDateFromContent_WithVariousDueDateFormats_ShouldReturnCorrectDates(content: &quot;Vto.:15/03/2024&quot;, expected: &quot;2024-03-15&quot;)" computerName="MacBook-Pro" duration="00:00:00.0031684" startTime="2025-08-11T23:47:32.9201360-03:00" endTime="2025-08-11T23:47:32.9224730-03:00" testType="13cdc9d9-ddb5-4fa4-a97d-d965ccfc6d4b" outcome="Passed" testListId="8c84fa94-04c1-424b-9868-57a2d4851a1d" relativeResultsDirectory="ac1af91f-cfca-4706-8c8d-bb6f7dd9d403" />
    <UnitTestResult executionId="b93088d6-6e1e-415b-bc2d-2edff993f1b4" testId="75b52445-788c-0c2d-ad1d-9437d196417b" testName="FileContentRenamer.Tests.Services.TextProcessorTests.ExtractContentAsync_WithMultilineContent_ShouldReturnContent" computerName="MacBook-Pro" duration="00:00:00.0638526" startTime="2025-08-11T23:47:33.1107630-03:00" endTime="2025-08-11T23:47:33.1163930-03:00" testType="13cdc9d9-ddb5-4fa4-a97d-d965ccfc6d4b" outcome="Passed" testListId="8c84fa94-04c1-424b-9868-57a2d4851a1d" relativeResultsDirectory="b93088d6-6e1e-415b-bc2d-2edff993f1b4" />
    <UnitTestResult executionId="59fa4dd0-fe00-4bb3-8cde-099b6a743413" testId="97a9732c-79a7-6428-f306-649df62803fe" testName="FileContentRenamer.Tests.Services.ImageProcessorTests.CanProcess_WithImageExtensions_ShouldReturnTrue(extension: &quot;.jpeg&quot;)" computerName="MacBook-Pro" duration="00:00:00.0280867" startTime="2025-08-11T23:47:33.2773590-03:00" endTime="2025-08-11T23:47:33.2806250-03:00" testType="13cdc9d9-ddb5-4fa4-a97d-d965ccfc6d4b" outcome="Passed" testListId="8c84fa94-04c1-424b-9868-57a2d4851a1d" relativeResultsDirectory="59fa4dd0-fe00-4bb3-8cde-099b6a743413" />
    <UnitTestResult executionId="dc3c3e40-4097-476e-8f1b-eec73305bb4c" testId="26656131-c125-7680-eabe-b2347d65af76" testName="FileContentRenamer.Tests.Services.TextProcessorTests.ExtractContentAsync_WithLockedFile_ShouldReturnEmptyString" computerName="MacBook-Pro" duration="00:00:00.0029150" startTime="2025-08-11T23:47:33.2792110-03:00" endTime="2025-08-11T23:47:33.2795800-03:00" testType="13cdc9d9-ddb5-4fa4-a97d-d965ccfc6d4b" outcome="Passed" testListId="8c84fa94-04c1-424b-9868-57a2d4851a1d" relativeResultsDirectory="dc3c3e40-4097-476e-8f1b-eec73305bb4c" />
    <UnitTestResult executionId="7c69562a-4cf3-4369-9930-e2a8487fb32c" testId="01a2041b-e2e4-e363-0b4d-3c74dc73e548" testName="FileContentRenamer.Tests.Services.FileValidatorTests.ValidateFileSize_WithNormalFile_ShouldNotThrow" computerName="MacBook-Pro" duration="00:00:00.0008255" startTime="2025-08-11T23:47:33.2012480-03:00" endTime="2025-08-11T23:47:33.2013040-03:00" testType="13cdc9d9-ddb5-4fa4-a97d-d965ccfc6d4b" outcome="Passed" testListId="8c84fa94-04c1-424b-9868-57a2d4851a1d" relativeResultsDirectory="7c69562a-4cf3-4369-9930-e2a8487fb32c" />
    <UnitTestResult executionId="043a0791-5031-492d-b8e5-bb100b6a4981" testId="f705c669-0318-6f5e-e8e5-1b4eaa9f9880" testName="FileContentRenamer.Tests.Models.AppConfigTests.AppConfig_Properties_ShouldBeSettable" computerName="MacBook-Pro" duration="00:00:00.0026583" startTime="2025-08-11T23:47:33.3069160-03:00" endTime="2025-08-11T23:47:33.3100470-03:00" testType="13cdc9d9-ddb5-4fa4-a97d-d965ccfc6d4b" outcome="Passed" testListId="8c84fa94-04c1-424b-9868-57a2d4851a1d" relativeResultsDirectory="043a0791-5031-492d-b8e5-bb100b6a4981" />
    <UnitTestResult executionId="19b734b5-322f-4279-8074-b9ba52777c61" testId="ae4c83e6-0f4d-65f8-22c1-23c6464f33a2" testName="FileContentRenamer.Tests.Services.TextProcessorTests.CanProcess_WithTxtExtensionDifferentCasing_ShouldReturnTrue(filename: &quot;test.Txt&quot;)" computerName="MacBook-Pro" duration="00:00:00.0001033" startTime="2025-08-11T23:47:33.2788850-03:00" endTime="2025-08-11T23:47:33.2789260-03:00" testType="13cdc9d9-ddb5-4fa4-a97d-d965ccfc6d4b" outcome="Passed" testListId="8c84fa94-04c1-424b-9868-57a2d4851a1d" relativeResultsDirectory="19b734b5-322f-4279-8074-b9ba52777c61" />
    <UnitTestResult executionId="b1f0db7d-428e-4d32-97b5-edd872ff6971" testId="730c03ae-3d59-370f-6166-c801ea6b544e" testName="FileContentRenamer.Tests.Services.FilenameGeneratorTests.GenerateUniqueFilename_WithNonExistingFile_ShouldReturnOriginalPath" computerName="MacBook-Pro" duration="00:00:00.0000967" startTime="2025-08-11T23:47:33.2026910-03:00" endTime="2025-08-11T23:47:33.2030300-03:00" testType="13cdc9d9-ddb5-4fa4-a97d-d965ccfc6d4b" outcome="Passed" testListId="8c84fa94-04c1-424b-9868-57a2d4851a1d" relativeResultsDirectory="b1f0db7d-428e-4d32-97b5-edd872ff6971" />
    <UnitTestResult executionId="b1b53331-a982-42c4-bc4a-21adeb8a4d48" testId="735ac008-1cbd-a429-fd29-015f19236116" testName="FileContentRenamer.Tests.Models.NamingRuleTests.Matches_WithNoKeywords_ShouldReturnFalse" computerName="MacBook-Pro" duration="00:00:00.0001992" startTime="2025-08-11T23:47:33.1079940-03:00" endTime="2025-08-11T23:47:33.1084530-03:00" testType="13cdc9d9-ddb5-4fa4-a97d-d965ccfc6d4b" outcome="Passed" testListId="8c84fa94-04c1-424b-9868-57a2d4851a1d" relativeResultsDirectory="b1b53331-a982-42c4-bc4a-21adeb8a4d48" />
    <UnitTestResult executionId="9259f120-7208-449e-8444-d310491162af" testId="af647e92-1ce2-064d-3a84-3476cb46d127" testName="FileContentRenamer.Tests.Services.TextProcessorTests.CanProcess_WithNonTxtExtension_ShouldReturnFalse(filename: &quot;test.pdf&quot;)" computerName="MacBook-Pro" duration="00:00:00.0004237" startTime="2025-08-11T23:47:33.2750800-03:00" endTime="2025-08-11T23:47:33.2751270-03:00" testType="13cdc9d9-ddb5-4fa4-a97d-d965ccfc6d4b" outcome="Passed" testListId="8c84fa94-04c1-424b-9868-57a2d4851a1d" relativeResultsDirectory="9259f120-7208-449e-8444-d310491162af" />
    <UnitTestResult executionId="8ab4c3c4-f595-4401-b191-ea0115c868ad" testId="1f6f6946-e988-6d1a-ad4a-0a9338273d33" testName="FileContentRenamer.Tests.Services.FileServiceTests.ProcessFilesAsync_WithSubdirectories_ShouldProcessAllFiles" computerName="MacBook-Pro" duration="00:00:00.0265648" startTime="2025-08-11T23:47:33.3601400-03:00" endTime="2025-08-11T23:47:33.3611510-03:00" testType="13cdc9d9-ddb5-4fa4-a97d-d965ccfc6d4b" outcome="Passed" testListId="8c84fa94-04c1-424b-9868-57a2d4851a1d" relativeResultsDirectory="8ab4c3c4-f595-4401-b191-ea0115c868ad" />
    <UnitTestResult executionId="9a8a5c41-eeb2-4f2d-a17e-b485f21c8a8f" testId="15d0df81-8794-5fa5-b2c8-6331ce7be91e" testName="FileContentRenamer.Tests.Services.TextProcessorTests.ExtractContentAsync_WithLargeFile_ShouldReturnFirst1000Characters" computerName="MacBook-Pro" duration="00:00:00.0042902" startTime="2025-08-11T23:47:33.2798590-03:00" endTime="2025-08-11T23:47:33.2809440-03:00" testType="13cdc9d9-ddb5-4fa4-a97d-d965ccfc6d4b" outcome="Passed" testListId="8c84fa94-04c1-424b-9868-57a2d4851a1d" relativeResultsDirectory="9a8a5c41-eeb2-4f2d-a17e-b485f21c8a8f" />
    <UnitTestResult executionId="c861f5ba-cebf-4083-a5f5-113c9d82991a" testId="8bf8da02-6c6e-2191-c936-6121db66d388" testName="FileContentRenamer.Tests.Services.PdfProcessorTests.CanProcess_WithPdfExtensionVariations_ShouldReturnTrue(filename: &quot;DOCUMENT.PDF&quot;)" computerName="MacBook-Pro" duration="00:00:00.0004381" startTime="2025-08-11T23:47:33.1114070-03:00" endTime="2025-08-11T23:47:33.1114500-03:00" testType="13cdc9d9-ddb5-4fa4-a97d-d965ccfc6d4b" outcome="Passed" testListId="8c84fa94-04c1-424b-9868-57a2d4851a1d" relativeResultsDirectory="c861f5ba-cebf-4083-a5f5-113c9d82991a" />
    <UnitTestResult executionId="7e936df5-7a8c-49a2-8c2f-8857b4fb2975" testId="ab0172d5-f8de-2bd2-5705-f61f86ff407f" testName="FileContentRenamer.Tests.Services.DateExtractorTests.ExtractDateFromContent_WithMultipleDates_ShouldReturnFirstFound" computerName="MacBook-Pro" duration="00:00:00.0000685" startTime="2025-08-11T23:47:33.0555080-03:00" endTime="2025-08-11T23:47:33.0555490-03:00" testType="13cdc9d9-ddb5-4fa4-a97d-d965ccfc6d4b" outcome="Passed" testListId="8c84fa94-04c1-424b-9868-57a2d4851a1d" relativeResultsDirectory="7e936df5-7a8c-49a2-8c2f-8857b4fb2975" />
    <UnitTestResult executionId="cf4372f8-e68b-45aa-aa58-d2b4916e6798" testId="30667a3d-da81-f223-5d62-6b3c054e0a23" testName="FileContentRenamer.Tests.Services.PdfProcessorTests.CanProcess_WithPdfExtensionDifferentCasing_ShouldReturnTrue(filename: &quot;test.pDf&quot;)" computerName="MacBook-Pro" duration="00:00:00.0001931" startTime="2025-08-11T23:47:33.0263570-03:00" endTime="2025-08-11T23:47:33.0264110-03:00" testType="13cdc9d9-ddb5-4fa4-a97d-d965ccfc6d4b" outcome="Passed" testListId="8c84fa94-04c1-424b-9868-57a2d4851a1d" relativeResultsDirectory="cf4372f8-e68b-45aa-aa58-d2b4916e6798" />
    <UnitTestResult executionId="98a402b2-ea83-4291-af33-7835ac106035" testId="4a85101f-96ab-da99-c27c-46820deea64a" testName="FileContentRenamer.Tests.Services.FilenameGeneratorTests.CleanupFileName_WithVariousInputs_ShouldReturnCleanedName(input: &quot;valid_filename&quot;, expected: &quot;valid_filename&quot;)" computerName="MacBook-Pro" duration="00:00:00.0000243" startTime="2025-08-11T23:47:33.0817080-03:00" endTime="2025-08-11T23:47:33.0817340-03:00" testType="13cdc9d9-ddb5-4fa4-a97d-d965ccfc6d4b" outcome="Passed" testListId="8c84fa94-04c1-424b-9868-57a2d4851a1d" relativeResultsDirectory="98a402b2-ea83-4291-af33-7835ac106035" />
    <UnitTestResult executionId="755bba9f-4d2d-4609-b034-a79f1da9251d" testId="10d7715a-d53b-4b8e-fcec-78d41ef67dac" testName="FileContentRenamer.Tests.Services.TextProcessorTests.CanProcess_WithTxtExtension_ShouldReturnTrue" computerName="MacBook-Pro" duration="00:00:00.0006857" startTime="2025-08-11T23:47:33.2818830-03:00" endTime="2025-08-11T23:47:33.2819240-03:00" testType="13cdc9d9-ddb5-4fa4-a97d-d965ccfc6d4b" outcome="Passed" testListId="8c84fa94-04c1-424b-9868-57a2d4851a1d" relativeResultsDirectory="755bba9f-4d2d-4609-b034-a79f1da9251d" />
    <UnitTestResult executionId="ae14a531-5c8f-4e82-88ab-c5df5535a84e" testId="2baaf6a6-6812-8b99-5d21-fa95ac740bec" testName="FileContentRenamer.Tests.Models.AppConfigTests.SaveLastUsedPath_WithInvalidPath_ShouldNotThrow" computerName="MacBook-Pro" duration="00:00:00.0656567" startTime="2025-08-11T23:47:33.8140090-03:00" endTime="2025-08-11T23:47:33.8789530-03:00" testType="13cdc9d9-ddb5-4fa4-a97d-d965ccfc6d4b" outcome="Passed" testListId="8c84fa94-04c1-424b-9868-57a2d4851a1d" relativeResultsDirectory="ae14a531-5c8f-4e82-88ab-c5df5535a84e" />
    <UnitTestResult executionId="d65bac61-da1e-46e6-b2cf-f357f1179986" testId="2096051f-0719-d6b7-7ba6-a9c6fbdaed26" testName="FileContentRenamer.Tests.Services.ImageProcessorTests.ExtractContentAsync_WithNonExistentFile_ShouldReturnEmptyString" computerName="MacBook-Pro" duration="00:00:00.1040034" startTime="2025-08-11T23:47:33.6764060-03:00" endTime="2025-08-11T23:47:33.7560870-03:00" testType="13cdc9d9-ddb5-4fa4-a97d-d965ccfc6d4b" outcome="Passed" testListId="8c84fa94-04c1-424b-9868-57a2d4851a1d" relativeResultsDirectory="d65bac61-da1e-46e6-b2cf-f357f1179986" />
    <UnitTestResult executionId="f1957960-7641-48f4-bbf5-c229e75ab0bd" testId="55667650-7485-4ca3-fd19-23d2a7a126c7" testName="FileContentRenamer.Tests.Models.NamingRulesTests.GenerateFilename_WithMinimalGenericContent_ShouldUseOriginalDate" computerName="MacBook-Pro" duration="00:00:00.0005803" startTime="2025-08-11T23:47:32.8564840-03:00" endTime="2025-08-11T23:47:32.8565110-03:00" testType="13cdc9d9-ddb5-4fa4-a97d-d965ccfc6d4b" outcome="Passed" testListId="8c84fa94-04c1-424b-9868-57a2d4851a1d" relativeResultsDirectory="f1957960-7641-48f4-bbf5-c229e75ab0bd" />
    <UnitTestResult executionId="b117b443-0197-407b-b909-6f2617571cf1" testId="80bc6a5a-eb03-5068-fdbc-47b2721cfaa4" testName="FileContentRenamer.Tests.Services.ImageProcessorTests.CanProcess_WithImageExtensionsDifferentCasing_ShouldReturnTrue(extension: &quot;.JPG&quot;)" computerName="MacBook-Pro" duration="00:00:00.0282620" startTime="2025-08-11T23:47:33.3638660-03:00" endTime="2025-08-11T23:47:33.3705390-03:00" testType="13cdc9d9-ddb5-4fa4-a97d-d965ccfc6d4b" outcome="Passed" testListId="8c84fa94-04c1-424b-9868-57a2d4851a1d" relativeResultsDirectory="b117b443-0197-407b-b909-6f2617571cf1" />
    <UnitTestResult executionId="6e0ee196-4ac8-461b-8b97-aa2d9aff7df6" testId="b4180071-1e06-f3bd-f0e2-c5c49975b30c" testName="FileContentRenamer.Tests.Services.ImageProcessorTests.Constructor_WithNullConfig_ShouldThrowArgumentNullException" computerName="MacBook-Pro" duration="00:00:00.0337876" startTime="2025-08-11T23:47:33.7794330-03:00" endTime="2025-08-11T23:47:33.7900290-03:00" testType="13cdc9d9-ddb5-4fa4-a97d-d965ccfc6d4b" outcome="Passed" testListId="8c84fa94-04c1-424b-9868-57a2d4851a1d" relativeResultsDirectory="6e0ee196-4ac8-461b-8b97-aa2d9aff7df6" />
    <UnitTestResult executionId="246f07db-8dea-41d0-b379-519008e271cb" testId="003f2eb1-16a9-1fca-9f6b-de2c702ff29c" testName="FileContentRenamer.Tests.Services.FilenameGeneratorTests.CleanupFileName_WithVariousInputs_ShouldReturnCleanedName(input: &quot;___&quot;, expected: &quot;cleaned_file&quot;)" computerName="MacBook-Pro" duration="00:00:00.0044950" startTime="2025-08-11T23:47:33.0802760-03:00" endTime="2025-08-11T23:47:33.0803120-03:00" testType="13cdc9d9-ddb5-4fa4-a97d-d965ccfc6d4b" outcome="Passed" testListId="8c84fa94-04c1-424b-9868-57a2d4851a1d" relativeResultsDirectory="246f07db-8dea-41d0-b379-519008e271cb" />
    <UnitTestResult executionId="77c1d703-fba1-4013-a715-385a4df0c538" testId="f74a6a94-f390-b5f6-1cb3-44e2f343eb63" testName="FileContentRenamer.Tests.Models.NamingRulesTests.GenerateFilename_WithDateOverrideButRichContent_ShouldUseOriginalDate" computerName="MacBook-Pro" duration="00:00:00.0032420" startTime="2025-08-11T23:47:32.8561780-03:00" endTime="2025-08-11T23:47:32.8562060-03:00" testType="13cdc9d9-ddb5-4fa4-a97d-d965ccfc6d4b" outcome="Passed" testListId="8c84fa94-04c1-424b-9868-57a2d4851a1d" relativeResultsDirectory="77c1d703-fba1-4013-a715-385a4df0c538" />
    <UnitTestResult executionId="b17aec1d-fe42-467c-a636-c538404aa628" testId="d6d3d886-1a00-8e52-5627-e1236e6e1c62" testName="FileContentRenamer.Tests.Services.FilenameGeneratorTests.IsAlreadyNamedFilename_WithInvalidFormats_ShouldReturnFalse(filename: &quot;service_payment&quot;)" computerName="MacBook-Pro" duration="00:00:00.0004396" startTime="2025-08-11T23:47:33.0858610-03:00" endTime="2025-08-11T23:47:33.0865000-03:00" testType="13cdc9d9-ddb5-4fa4-a97d-d965ccfc6d4b" outcome="Passed" testListId="8c84fa94-04c1-424b-9868-57a2d4851a1d" relativeResultsDirectory="b17aec1d-fe42-467c-a636-c538404aa628" />
    <UnitTestResult executionId="8d5a3592-d579-4608-82f5-91a8765697bd" testId="d0d2c3b5-6a63-09c0-0a9b-894aa7a6f45d" testName="FileContentRenamer.Tests.Services.FileServiceTests.ProcessFilesAsync_WithInvalidConfiguration_ShouldReturnEarly" computerName="MacBook-Pro" duration="00:00:00.0007438" startTime="2025-08-11T23:47:33.3630500-03:00" endTime="2025-08-11T23:47:33.3630920-03:00" testType="13cdc9d9-ddb5-4fa4-a97d-d965ccfc6d4b" outcome="Passed" testListId="8c84fa94-04c1-424b-9868-57a2d4851a1d" relativeResultsDirectory="8d5a3592-d579-4608-82f5-91a8765697bd" />
    <UnitTestResult executionId="807da88d-d60d-49a1-bebe-cc7cf9ddf8ae" testId="d928fd2c-924f-38de-6b58-5c8ead779399" testName="FileContentRenamer.Tests.Services.ImageProcessorTests.CanProcess_WithImageExtensions_ShouldReturnTrue(extension: &quot;.tiff&quot;)" computerName="MacBook-Pro" duration="00:00:00.0290411" startTime="2025-08-11T23:47:33.3621360-03:00" endTime="2025-08-11T23:47:33.3632830-03:00" testType="13cdc9d9-ddb5-4fa4-a97d-d965ccfc6d4b" outcome="Passed" testListId="8c84fa94-04c1-424b-9868-57a2d4851a1d" relativeResultsDirectory="807da88d-d60d-49a1-bebe-cc7cf9ddf8ae" />
    <UnitTestResult executionId="f7267b5d-5901-42e4-859d-5eb1dac0a587" testId="5c3e394b-5635-340f-a8f3-3c152e9b2b47" testName="FileContentRenamer.Tests.Services.ImageProcessorTests.ExtractContentAsync_WithMissingTesseractDataPath_ShouldReturnEmpty" computerName="MacBook-Pro" duration="00:00:00.1417083" startTime="2025-08-11T23:47:32.7311690-03:00" endTime="2025-08-11T23:47:33.0582950-03:00" testType="13cdc9d9-ddb5-4fa4-a97d-d965ccfc6d4b" outcome="Passed" testListId="8c84fa94-04c1-424b-9868-57a2d4851a1d" relativeResultsDirectory="f7267b5d-5901-42e4-859d-5eb1dac0a587" />
    <UnitTestResult executionId="ad7f7ec5-b4f9-4f9e-b1e2-66806d675adc" testId="e2ab17d6-1636-8e4d-ad78-a6d89568282f" testName="FileContentRenamer.Tests.Services.FilenameGeneratorTests.CleanupFileName_WithVariousInputs_ShouldReturnCleanedName(input: &quot;file&lt;&gt;name&quot;, expected: &quot;file&lt;&gt;name&quot;)" computerName="MacBook-Pro" duration="00:00:00.0000351" startTime="2025-08-11T23:47:33.0845530-03:00" endTime="2025-08-11T23:47:33.0845960-03:00" testType="13cdc9d9-ddb5-4fa4-a97d-d965ccfc6d4b" outcome="Passed" testListId="8c84fa94-04c1-424b-9868-57a2d4851a1d" relativeResultsDirectory="ad7f7ec5-b4f9-4f9e-b1e2-66806d675adc" />
    <UnitTestResult executionId="75f42c94-ab7e-4fde-a3d7-6ef3f23ff5dd" testId="8f9706bb-c4e8-83d9-78e0-248eda84983c" testName="FileContentRenamer.Tests.Services.DateExtractorTests.ExtractDateFromContent_WithVariousSpanishDates_ShouldReturnCorrectDates(content: &quot;1 de enero de 2024&quot;, expected: &quot;2024-01-01&quot;)" computerName="MacBook-Pro" duration="00:00:00.0000725" startTime="2025-08-11T23:47:33.0195010-03:00" endTime="2025-08-11T23:47:33.0195350-03:00" testType="13cdc9d9-ddb5-4fa4-a97d-d965ccfc6d4b" outcome="Passed" testListId="8c84fa94-04c1-424b-9868-57a2d4851a1d" relativeResultsDirectory="75f42c94-ab7e-4fde-a3d7-6ef3f23ff5dd" />
    <UnitTestResult executionId="6746be63-0efc-45c2-8391-90e407532b4e" testId="0316afba-cad9-583a-5a60-4cda40610283" testName="FileContentRenamer.Tests.Services.DateExtractorTests.ExtractDateFromFilename_WithVariousValidFormats_ShouldReturnCorrectDates(filename: &quot;service_2024-01-01_payment&quot;, expected: &quot;2024-01-01&quot;)" computerName="MacBook-Pro" duration="00:00:00.0001711" startTime="2025-08-11T23:47:32.9930040-03:00" endTime="2025-08-11T23:47:32.9937720-03:00" testType="13cdc9d9-ddb5-4fa4-a97d-d965ccfc6d4b" outcome="Passed" testListId="8c84fa94-04c1-424b-9868-57a2d4851a1d" relativeResultsDirectory="6746be63-0efc-45c2-8391-90e407532b4e" />
    <UnitTestResult executionId="f0310433-976a-4c0c-b1d4-e8612e8a0cfc" testId="d4537562-1c96-4e07-3939-b2da6a34e9fc" testName="FileContentRenamer.Tests.Services.DateExtractorTests.ExtractDateFromFilename_WithValidFormat_ShouldReturnCorrectDate" computerName="MacBook-Pro" duration="00:00:00.0001759" startTime="2025-08-11T23:47:33.0540830-03:00" endTime="2025-08-11T23:47:33.0541130-03:00" testType="13cdc9d9-ddb5-4fa4-a97d-d965ccfc6d4b" outcome="Passed" testListId="8c84fa94-04c1-424b-9868-57a2d4851a1d" relativeResultsDirectory="f0310433-976a-4c0c-b1d4-e8612e8a0cfc" />
    <UnitTestResult executionId="a83d4d55-b0d7-4555-b338-ef541cf08c9d" testId="ee980d6a-c8f2-fb3c-69f5-92dd6531facb" testName="FileContentRenamer.Tests.Services.DirectoryOrganizerTests.GetMonthName_WithValidMonth_ShouldReturnSpanishName(monthNumber: 2, expected: &quot;febrero&quot;)" computerName="MacBook-Pro" duration="00:00:00.0003005" startTime="2025-08-11T23:47:32.9937480-03:00" endTime="2025-08-11T23:47:33.0182240-03:00" testType="13cdc9d9-ddb5-4fa4-a97d-d965ccfc6d4b" outcome="Passed" testListId="8c84fa94-04c1-424b-9868-57a2d4851a1d" relativeResultsDirectory="a83d4d55-b0d7-4555-b338-ef541cf08c9d" />
    <UnitTestResult executionId="bbbe5fd2-0e09-49e6-ad2b-4e34f024e9ad" testId="d1416a64-bf78-25ec-aee2-d5b8b18bc3dc" testName="FileContentRenamer.Tests.Services.DirectoryOrganizerTests.GetMonthName_WithValidMonth_ShouldReturnSpanishName(monthNumber: 5, expected: &quot;mayo&quot;)" computerName="MacBook-Pro" duration="00:00:00.0000977" startTime="2025-08-11T23:47:32.9315190-03:00" endTime="2025-08-11T23:47:32.9616450-03:00" testType="13cdc9d9-ddb5-4fa4-a97d-d965ccfc6d4b" outcome="Passed" testListId="8c84fa94-04c1-424b-9868-57a2d4851a1d" relativeResultsDirectory="bbbe5fd2-0e09-49e6-ad2b-4e34f024e9ad" />
    <UnitTestResult executionId="e2d419d8-237b-4ef7-9300-fabc9d1d7669" testId="52b61247-c43f-6660-c9e8-5fe03f0a7cdc" testName="FileContentRenamer.Tests.Services.FileServiceTests.ProcessFilesAsync_WithException_ShouldContinueProcessing" computerName="MacBook-Pro" duration="00:00:00.0067289" startTime="2025-08-11T23:47:33.2815600-03:00" endTime="2025-08-11T23:47:33.3069560-03:00" testType="13cdc9d9-ddb5-4fa4-a97d-d965ccfc6d4b" outcome="Passed" testListId="8c84fa94-04c1-424b-9868-57a2d4851a1d" relativeResultsDirectory="e2d419d8-237b-4ef7-9300-fabc9d1d7669" />
    <UnitTestResult executionId="bbe6d48e-c16f-42dd-ab91-e90f3a6f15b6" testId="5203fca7-8d46-0785-3587-4e70c16ca73b" testName="FileContentRenamer.Tests.Services.PdfProcessorTests.ExtractContentAsync_WithInvalidPdfFile_ShouldReturnEmptyString" computerName="MacBook-Pro" duration="00:00:00.0068194" startTime="2025-08-11T23:47:33.1418500-03:00" endTime="2025-08-11T23:47:33.1734790-03:00" testType="13cdc9d9-ddb5-4fa4-a97d-d965ccfc6d4b" outcome="Passed" testListId="8c84fa94-04c1-424b-9868-57a2d4851a1d" relativeResultsDirectory="bbe6d48e-c16f-42dd-ab91-e90f3a6f15b6" />
    <UnitTestResult executionId="2ef1ec6c-3c34-4514-a3fc-3c99ee12527e" testId="4d791645-14ca-671e-50ed-7143a80c7959" testName="FileContentRenamer.Tests.Services.DateExtractorTests.ExtractDateFromContent_WithGenericDateFormat_ShouldReturnCorrectDate" computerName="MacBook-Pro" duration="00:00:00.0000558" startTime="2025-08-11T23:47:33.0170780-03:00" endTime="2025-08-11T23:47:33.0171260-03:00" testType="13cdc9d9-ddb5-4fa4-a97d-d965ccfc6d4b" outcome="Passed" testListId="8c84fa94-04c1-424b-9868-57a2d4851a1d" relativeResultsDirectory="2ef1ec6c-3c34-4514-a3fc-3c99ee12527e" />
    <UnitTestResult executionId="ad4bd9eb-fd4d-4475-95c3-c1bf746cbb3a" testId="a74078ad-01de-0282-292f-78f3a891fdb1" testName="FileContentRenamer.Tests.Services.FileValidatorTests.ShouldProcessFile_WithNonExistentFile_ShouldReturnFalse" computerName="MacBook-Pro" duration="00:00:00.0001965" startTime="2025-08-11T23:47:33.2023630-03:00" endTime="2025-08-11T23:47:33.2027330-03:00" testType="13cdc9d9-ddb5-4fa4-a97d-d965ccfc6d4b" outcome="Passed" testListId="8c84fa94-04c1-424b-9868-57a2d4851a1d" relativeResultsDirectory="ad4bd9eb-fd4d-4475-95c3-c1bf746cbb3a" />
    <UnitTestResult executionId="2cc27918-422b-409b-9318-fa43c4de2402" testId="66363822-7849-72a3-af25-779ac72e5857" testName="FileContentRenamer.Tests.Services.TextProcessorTests.CanProcess_WithTxtExtensionDifferentCasing_ShouldReturnTrue(filename: &quot;test.TXT&quot;)" computerName="MacBook-Pro" duration="00:00:00.0001920" startTime="2025-08-11T23:47:33.2785680-03:00" endTime="2025-08-11T23:47:33.2786140-03:00" testType="13cdc9d9-ddb5-4fa4-a97d-d965ccfc6d4b" outcome="Passed" testListId="8c84fa94-04c1-424b-9868-57a2d4851a1d" relativeResultsDirectory="2cc27918-422b-409b-9318-fa43c4de2402" />
    <UnitTestResult executionId="9e7ca222-8659-412e-aece-762dc0723603" testId="7e3a9744-91b7-a2b9-ebb3-73a79e07c25d" testName="FileContentRenamer.Tests.Services.FileValidatorTests.ShouldProcessFile_WithInvalidExtensions_ShouldReturnFalse(extension: &quot;.doc&quot;)" computerName="MacBook-Pro" duration="00:00:00.0003289" startTime="2025-08-11T23:47:33.0783450-03:00" endTime="2025-08-11T23:47:33.0784050-03:00" testType="13cdc9d9-ddb5-4fa4-a97d-d965ccfc6d4b" outcome="Passed" testListId="8c84fa94-04c1-424b-9868-57a2d4851a1d" relativeResultsDirectory="9e7ca222-8659-412e-aece-762dc0723603" />
    <UnitTestResult executionId="47975531-f5ca-448a-9ab5-2ade80a04737" testId="2c747d1f-f1c9-2115-b65f-2b6f4087b146" testName="FileContentRenamer.Tests.Services.FilenameGeneratorTests.IsAlreadyNamedFilename_WithValidFormats_ShouldReturnTrue(filename: &quot;test_2023-12-31_card&quot;)" computerName="MacBook-Pro" duration="00:00:00.0000346" startTime="2025-08-11T23:47:33.0799530-03:00" endTime="2025-08-11T23:47:33.0799840-03:00" testType="13cdc9d9-ddb5-4fa4-a97d-d965ccfc6d4b" outcome="Passed" testListId="8c84fa94-04c1-424b-9868-57a2d4851a1d" relativeResultsDirectory="47975531-f5ca-448a-9ab5-2ade80a04737" />
    <UnitTestResult executionId="388db5cb-8425-4a35-83e5-1b4282a1a5af" testId="ebc6b45b-0fe4-e4c2-6b7e-a061ba64a1b2" testName="FileContentRenamer.Tests.Services.DirectoryOrganizerTests.GetMonthName_WithValidMonth_ShouldReturnSpanishName(monthNumber: 9, expected: &quot;septiembre&quot;)" computerName="MacBook-Pro" duration="00:00:00.0000977" startTime="2025-08-11T23:47:32.9308450-03:00" endTime="2025-08-11T23:47:32.9308920-03:00" testType="13cdc9d9-ddb5-4fa4-a97d-d965ccfc6d4b" outcome="Passed" testListId="8c84fa94-04c1-424b-9868-57a2d4851a1d" relativeResultsDirectory="388db5cb-8425-4a35-83e5-1b4282a1a5af" />
    <UnitTestResult executionId="deaaeaf1-3859-44d2-bb0e-49c65e3d7557" testId="013af074-e0c5-bb27-30f4-779070d7fe10" testName="FileContentRenamer.Tests.Services.DateExtractorTests.ExtractDateFromFilename_WithInvalidFormat_ShouldReturnEmptyString" computerName="MacBook-Pro" duration="00:00:00.0002685" startTime="2025-08-11T23:47:32.9647190-03:00" endTime="2025-08-11T23:47:32.9652620-03:00" testType="13cdc9d9-ddb5-4fa4-a97d-d965ccfc6d4b" outcome="Passed" testListId="8c84fa94-04c1-424b-9868-57a2d4851a1d" relativeResultsDirectory="deaaeaf1-3859-44d2-bb0e-49c65e3d7557" />
    <UnitTestResult executionId="929bca8a-3186-4e53-b640-bb283d1cb64f" testId="5be72c0f-bb2d-feba-e528-7ed830f5c677" testName="FileContentRenamer.Tests.Services.DateExtractorTests.ExtractDateFromContent_WithVariousSpanishDates_ShouldReturnCorrectDates(content: &quot;31 de diciembre de 2023&quot;, expected: &quot;2023-12-31&quot;)" computerName="MacBook-Pro" duration="00:00:00.0000606" startTime="2025-08-11T23:47:33.0188930-03:00" endTime="2025-08-11T23:47:33.0192110-03:00" testType="13cdc9d9-ddb5-4fa4-a97d-d965ccfc6d4b" outcome="Passed" testListId="8c84fa94-04c1-424b-9868-57a2d4851a1d" relativeResultsDirectory="929bca8a-3186-4e53-b640-bb283d1cb64f" />
    <UnitTestResult executionId="22a8aafd-7a94-4866-ab73-970cfff12e3f" testId="1ae426c8-73f8-48b1-c4fd-f2736013951b" testName="FileContentRenamer.Tests.Services.TextProcessorTests.ExtractContentAsync_WithNonExistentFile_ShouldReturnEmptyString" computerName="MacBook-Pro" duration="00:00:00.0016730" startTime="2025-08-11T23:47:33.1104340-03:00" endTime="2025-08-11T23:47:33.1104770-03:00" testType="13cdc9d9-ddb5-4fa4-a97d-d965ccfc6d4b" outcome="Passed" testListId="8c84fa94-04c1-424b-9868-57a2d4851a1d" relativeResultsDirectory="22a8aafd-7a94-4866-ab73-970cfff12e3f" />
    <UnitTestResult executionId="84740560-b2b7-4795-a1e2-0686607cfa91" testId="67877ab3-cd79-0712-f2c5-84dba6ba53b5" testName="FileContentRenamer.Tests.Services.FileValidatorTests.ShouldProcessFile_WithNullPath_ShouldReturnFalse" computerName="MacBook-Pro" duration="00:00:00.0001501" startTime="2025-08-11T23:47:33.2041340-03:00" endTime="2025-08-11T23:47:33.2041840-03:00" testType="13cdc9d9-ddb5-4fa4-a97d-d965ccfc6d4b" outcome="Passed" testListId="8c84fa94-04c1-424b-9868-57a2d4851a1d" relativeResultsDirectory="84740560-b2b7-4795-a1e2-0686607cfa91" />
    <UnitTestResult executionId="18d4479b-0959-4877-988a-a648699191bb" testId="57d1cda9-e9e5-f000-1823-6cc75a3cb199" testName="FileContentRenamer.Tests.Services.TextProcessorTests.ExtractContentAsync_WithUnicodeContent_ShouldReturnContent" computerName="MacBook-Pro" duration="00:00:00.0029158" startTime="2025-08-11T23:47:33.2744330-03:00" endTime="2025-08-11T23:47:33.2747330-03:00" testType="13cdc9d9-ddb5-4fa4-a97d-d965ccfc6d4b" outcome="Passed" testListId="8c84fa94-04c1-424b-9868-57a2d4851a1d" relativeResultsDirectory="18d4479b-0959-4877-988a-a648699191bb" />
    <UnitTestResult executionId="344bd4a0-64a1-490b-a233-77097f4e70a0" testId="6d830e63-8fcb-8140-fe0b-9a127d46ab00" testName="FileContentRenamer.Tests.Services.FileValidatorTests.ShouldProcessFile_WithValidExtensions_ShouldReturnTrue(extension: &quot;.jpg&quot;)" computerName="MacBook-Pro" duration="00:00:00.0003209" startTime="2025-08-11T23:47:33.1703040-03:00" endTime="2025-08-11T23:47:33.1703440-03:00" testType="13cdc9d9-ddb5-4fa4-a97d-d965ccfc6d4b" outcome="Passed" testListId="8c84fa94-04c1-424b-9868-57a2d4851a1d" relativeResultsDirectory="344bd4a0-64a1-490b-a233-77097f4e70a0" />
    <UnitTestResult executionId="ebd74e7d-6054-441b-b938-fb7317aa8202" testId="9bedcbf1-e681-ce6a-b113-25e2deb4a524" testName="FileContentRenamer.Tests.Services.DateExtractorTests.ExtractDateFromContent_WithEmissionDateFormat_ShouldReturnCorrectDate" computerName="MacBook-Pro" duration="00:00:00.0000471" startTime="2025-08-11T23:47:33.0222890-03:00" endTime="2025-08-11T23:47:33.0223330-03:00" testType="13cdc9d9-ddb5-4fa4-a97d-d965ccfc6d4b" outcome="Passed" testListId="8c84fa94-04c1-424b-9868-57a2d4851a1d" relativeResultsDirectory="ebd74e7d-6054-441b-b938-fb7317aa8202" />
    <UnitTestResult executionId="10c13dca-95ed-4e06-9d67-e1c6a78aba08" testId="f4d3ad23-32ef-7284-391b-46eb33d6f78f" testName="FileContentRenamer.Tests.Services.FileValidatorTests.ShouldProcessFile_WithFileExtensionsContainingNulls_ShouldHandleGracefully" computerName="MacBook-Pro" duration="00:00:00.0182679" startTime="2025-08-11T23:47:33.1768170-03:00" endTime="2025-08-11T23:47:33.1774440-03:00" testType="13cdc9d9-ddb5-4fa4-a97d-d965ccfc6d4b" outcome="Passed" testListId="8c84fa94-04c1-424b-9868-57a2d4851a1d" relativeResultsDirectory="10c13dca-95ed-4e06-9d67-e1c6a78aba08" />
    <UnitTestResult executionId="aebe6cea-8243-4cd9-8ab4-0ebfe2a28621" testId="7f685fe8-e8c1-84de-476c-7b3537eb652d" testName="FileContentRenamer.Tests.Services.DateExtractorTests.ExtractDateFromFilename_WithNullFilename_ShouldThrowArgumentNullException" computerName="MacBook-Pro" duration="00:00:00.0056777" startTime="2025-08-11T23:47:33.0226880-03:00" endTime="2025-08-11T23:47:33.0537380-03:00" testType="13cdc9d9-ddb5-4fa4-a97d-d965ccfc6d4b" outcome="Passed" testListId="8c84fa94-04c1-424b-9868-57a2d4851a1d" relativeResultsDirectory="aebe6cea-8243-4cd9-8ab4-0ebfe2a28621" />
    <UnitTestResult executionId="e77b749c-8899-48e4-b6eb-0148996adc34" testId="d0aa19eb-08b4-b4f4-8874-599c8e5e451d" testName="FileContentRenamer.Tests.Services.FileValidatorTests.ShouldProcessFile_WithDifferentCasing_ShouldBeCaseInsensitive(filename: &quot;test.PDF&quot;)" computerName="MacBook-Pro" duration="00:00:00.0009393" startTime="2025-08-11T23:47:33.1726150-03:00" endTime="2025-08-11T23:47:33.1731160-03:00" testType="13cdc9d9-ddb5-4fa4-a97d-d965ccfc6d4b" outcome="Passed" testListId="8c84fa94-04c1-424b-9868-57a2d4851a1d" relativeResultsDirectory="e77b749c-8899-48e4-b6eb-0148996adc34" />
    <UnitTestResult executionId="3239a9e9-294e-4812-b460-1e36b2d61dd2" testId="34f0a146-8932-4124-920d-b39c3eb45d5b" testName="FileContentRenamer.Tests.Services.FileServiceTests.ProcessFilesAsync_WithAlreadyNamedFile_ShouldSkipRenaming" computerName="MacBook-Pro" duration="00:00:00.0726918" startTime="2025-08-11T23:47:33.3614420-03:00" endTime="2025-08-11T23:47:33.3627640-03:00" testType="13cdc9d9-ddb5-4fa4-a97d-d965ccfc6d4b" outcome="Passed" testListId="8c84fa94-04c1-424b-9868-57a2d4851a1d" relativeResultsDirectory="3239a9e9-294e-4812-b460-1e36b2d61dd2" />
    <UnitTestResult executionId="9cf0d81b-db72-48a1-b580-4a84ce177ebc" testId="3a8b252e-af29-2782-c8cf-4c2dc2637787" testName="FileContentRenamer.Tests.Services.DirectoryOrganizerTests.GetMonthName_WithValidMonth_ShouldReturnSpanishName(monthNumber: 8, expected: &quot;agosto&quot;)" computerName="MacBook-Pro" duration="00:00:00.0001185" startTime="2025-08-11T23:47:32.9304780-03:00" endTime="2025-08-11T23:47:32.9305370-03:00" testType="13cdc9d9-ddb5-4fa4-a97d-d965ccfc6d4b" outcome="Passed" testListId="8c84fa94-04c1-424b-9868-57a2d4851a1d" relativeResultsDirectory="9cf0d81b-db72-48a1-b580-4a84ce177ebc" />
    <UnitTestResult executionId="1551fbe9-3c2a-4078-b61f-694e0711af49" testId="a78a0985-6ddf-5e1e-7544-6efb88194c31" testName="FileContentRenamer.Tests.Services.FilenameGeneratorTests.GenerateFilename_WithValidContentAndDate_ShouldReturnCorrectFilename" computerName="MacBook-Pro" duration="00:00:00.0009388" startTime="2025-08-11T23:47:33.1132700-03:00" endTime="2025-08-11T23:47:33.1139110-03:00" testType="13cdc9d9-ddb5-4fa4-a97d-d965ccfc6d4b" outcome="Passed" testListId="8c84fa94-04c1-424b-9868-57a2d4851a1d" relativeResultsDirectory="1551fbe9-3c2a-4078-b61f-694e0711af49" />
    <UnitTestResult executionId="048152c1-f3cb-4fb0-ab67-2cf14ef9b970" testId="2df2278f-2596-2f16-dbea-2fed2d64436a" testName="FileContentRenamer.Tests.Models.AppConfigTests.LoadFromConfiguration_WithValidConfigFile_ShouldLoadCorrectly" computerName="MacBook-Pro" duration="00:00:00.0738307" startTime="2025-08-11T23:47:33.3611030-03:00" endTime="2025-08-11T23:47:33.3621740-03:00" testType="13cdc9d9-ddb5-4fa4-a97d-d965ccfc6d4b" outcome="Failed" testListId="8c84fa94-04c1-424b-9868-57a2d4851a1d" relativeResultsDirectory="048152c1-f3cb-4fb0-ab67-2cf14ef9b970">
      <Output>
        <ErrorInfo>
          <Message>Expected result.LastUsedPath to be "/var/folders/x1/bt0l1hlj3xxfgmlll69gmfr40000gn/T/60b65e9b-85e9-4dc1-a2bc-082c1ec97e88" with a length of 85, but "" has a length of 0, differs near "" (index 0).</Message>
          <StackTrace>   at FluentAssertions.Execution.XUnit2TestFramework.Throw(String message)
   at FluentAssertions.Execution.TestFrameworkProvider.Throw(String message)
   at FluentAssertions.Execution.DefaultAssertionStrategy.HandleFailure(String message)
   at FluentAssertions.Execution.AssertionScope.FailWith(Func`1 failReasonFunc)
   at FluentAssertions.Execution.AssertionScope.FailWith(Func`1 failReasonFunc)
   at FluentAssertions.Primitives.StringEqualityValidator.ValidateAgainstLengthDifferences()
   at FluentAssertions.Primitives.StringValidator.Validate()
   at FluentAssertions.Primitives.StringAssertions`1.Be(String expected, String because, Object[] becauseArgs)
   at FileContentRenamer.Tests.Models.AppConfigTests.LoadFromConfiguration_WithValidConfigFile_ShouldLoadCorrectly() in /Users/santibraida/Workspace/comprobantes/FileContentRenamer.Tests/Models/AppConfigTests.cs:line 94
   at System.RuntimeMethodHandle.InvokeMethod(Object target, Void** arguments, Signature sig, Boolean isConstructor)
   at System.Reflection.MethodBaseInvoker.InvokeWithNoArgs(Object obj, BindingFlags invokeAttr)</StackTrace>
        </ErrorInfo>
      </Output>
    </UnitTestResult>
    <UnitTestResult executionId="13b66f4f-1727-4c36-b341-83fe881df12b" testId="ee802fc6-9af0-1284-c4b7-a8377911ec00" testName="FileContentRenamer.Tests.Services.TextProcessorTests.CanProcess_WithNonTxtExtension_ShouldReturnFalse(filename: &quot;test&quot;)" computerName="MacBook-Pro" duration="00:00:00.0004829" startTime="2025-08-11T23:47:33.2757180-03:00" endTime="2025-08-11T23:47:33.2757680-03:00" testType="13cdc9d9-ddb5-4fa4-a97d-d965ccfc6d4b" outcome="Passed" testListId="8c84fa94-04c1-424b-9868-57a2d4851a1d" relativeResultsDirectory="13b66f4f-1727-4c36-b341-83fe881df12b" />
    <UnitTestResult executionId="3dd2f811-1ed3-484e-ab53-d9e6b9fca93b" testId="cb98919d-41c2-f114-3856-49dce9ef8634" testName="FileContentRenamer.Tests.Services.ImageProcessorTests.ExtractContentAsync_WithInvalidImageFile_ShouldReturnEmptyString" computerName="MacBook-Pro" duration="00:00:00.1174666" startTime="2025-08-11T23:47:33.5583140-03:00" endTime="2025-08-11T23:47:33.6519130-03:00" testType="13cdc9d9-ddb5-4fa4-a97d-d965ccfc6d4b" outcome="Passed" testListId="8c84fa94-04c1-424b-9868-57a2d4851a1d" relativeResultsDirectory="3dd2f811-1ed3-484e-ab53-d9e6b9fca93b" />
    <UnitTestResult executionId="ed66cbca-bb86-4c26-8b84-f437d29430d5" testId="33f7c76c-bb78-6b08-abcd-e808bcbcf4f9" testName="FileContentRenamer.Tests.Services.TextProcessorTests.ExtractContentAsync_WithOnlyWhitespace_ShouldReturnWhitespace" computerName="MacBook-Pro" duration="00:00:00.0199088" startTime="2025-08-11T23:47:33.2812380-03:00" endTime="2025-08-11T23:47:33.2816030-03:00" testType="13cdc9d9-ddb5-4fa4-a97d-d965ccfc6d4b" outcome="Passed" testListId="8c84fa94-04c1-424b-9868-57a2d4851a1d" relativeResultsDirectory="ed66cbca-bb86-4c26-8b84-f437d29430d5" />
    <UnitTestResult executionId="6c8777a2-4c07-42ad-97d7-5a0f8f0d0338" testId="cd9462e7-2aeb-f1cd-df73-927f31a7638d" testName="FileContentRenamer.Tests.Services.DateExtractorTests.ExtractDateFromContent_WithNoDate_ShouldReturnEmptyString" computerName="MacBook-Pro" duration="00:00:00.0000929" startTime="2025-08-11T23:47:33.0558790-03:00" endTime="2025-08-11T23:47:33.0559060-03:00" testType="13cdc9d9-ddb5-4fa4-a97d-d965ccfc6d4b" outcome="Passed" testListId="8c84fa94-04c1-424b-9868-57a2d4851a1d" relativeResultsDirectory="6c8777a2-4c07-42ad-97d7-5a0f8f0d0338" />
    <UnitTestResult executionId="a177eade-9651-49c4-b6f3-76046c86276c" testId="f7704aaa-e660-9ea3-e9fc-e4f0ba02380e" testName="FileContentRenamer.Tests.Services.FileValidatorTests.ShouldProcessFile_WithMixedCaseExtension_ShouldReturnTrue" computerName="MacBook-Pro" duration="00:00:00.0003446" startTime="2025-08-11T23:47:33.1714180-03:00" endTime="2025-08-11T23:47:33.1714580-03:00" testType="13cdc9d9-ddb5-4fa4-a97d-d965ccfc6d4b" outcome="Passed" testListId="8c84fa94-04c1-424b-9868-57a2d4851a1d" relativeResultsDirectory="a177eade-9651-49c4-b6f3-76046c86276c" />
    <UnitTestResult executionId="3dcadca1-29aa-4451-a835-09ddfb2a679b" testId="5ba61b11-551a-10ce-86ec-bdc1ee67e90e" testName="FileContentRenamer.Tests.Services.FileValidatorTests.ValidateConfiguration_WithEmptyBasePath_ShouldReturnFalse" computerName="MacBook-Pro" duration="00:00:00.0002218" startTime="2025-08-11T23:47:33.2016010-03:00" endTime="2025-08-11T23:47:33.2016460-03:00" testType="13cdc9d9-ddb5-4fa4-a97d-d965ccfc6d4b" outcome="Passed" testListId="8c84fa94-04c1-424b-9868-57a2d4851a1d" relativeResultsDirectory="3dcadca1-29aa-4451-a835-09ddfb2a679b" />
    <UnitTestResult executionId="d61c7677-f29c-4df9-bae1-82bc2cdd55ee" testId="c98d8a8b-c350-72b5-2be4-aa500796a5e0" testName="FileContentRenamer.Tests.Models.NamingRulesTests.GenerateFilename_WithMatchingRule_ShouldUseRuleValues" computerName="MacBook-Pro" duration="00:00:00.0454306" startTime="2025-08-11T23:47:32.7311850-03:00" endTime="2025-08-11T23:47:32.7319380-03:00" testType="13cdc9d9-ddb5-4fa4-a97d-d965ccfc6d4b" outcome="Passed" testListId="8c84fa94-04c1-424b-9868-57a2d4851a1d" relativeResultsDirectory="d61c7677-f29c-4df9-bae1-82bc2cdd55ee" />
    <UnitTestResult executionId="c9b4d0f3-537c-462e-b051-15c95b7dd66f" testId="1a12a91e-b03d-45d3-fd2d-061c9630072a" testName="FileContentRenamer.Tests.Services.FilenameGeneratorTests.GenerateUniqueFilename_ThreadSafety_ShouldHandleConcurrentCalls" computerName="MacBook-Pro" duration="00:00:00.0314066" startTime="2025-08-11T23:47:33.1142070-03:00" endTime="2025-08-11T23:47:33.1770090-03:00" testType="13cdc9d9-ddb5-4fa4-a97d-d965ccfc6d4b" outcome="Passed" testListId="8c84fa94-04c1-424b-9868-57a2d4851a1d" relativeResultsDirectory="c9b4d0f3-537c-462e-b051-15c95b7dd66f" />
    <UnitTestResult executionId="8fb86351-f18b-40e8-8800-7badd1ba40a1" testId="a8222741-473a-8061-b947-f4446415fedc" testName="FileContentRenamer.Tests.Services.FileValidatorTests.ValidateFileSize_WithNonExistentFile_ShouldNotThrow" computerName="MacBook-Pro" duration="00:00:00.0011314" startTime="2025-08-11T23:47:33.1717270-03:00" endTime="2025-08-11T23:47:33.1717670-03:00" testType="13cdc9d9-ddb5-4fa4-a97d-d965ccfc6d4b" outcome="Passed" testListId="8c84fa94-04c1-424b-9868-57a2d4851a1d" relativeResultsDirectory="8fb86351-f18b-40e8-8800-7badd1ba40a1" />
    <UnitTestResult executionId="9726f364-0673-48f4-9ca3-56496d8d48d4" testId="7135bf06-d0f7-d1fd-424d-aa321ae4fc62" testName="FileContentRenamer.Tests.Services.DateExtractorTests.ExtractDateFromContent_WithDueDateFormat_ShouldReturnCorrectDate" computerName="MacBook-Pro" duration="00:00:00.0001530" startTime="2025-08-11T23:47:32.9640120-03:00" endTime="2025-08-11T23:47:32.9640720-03:00" testType="13cdc9d9-ddb5-4fa4-a97d-d965ccfc6d4b" outcome="Passed" testListId="8c84fa94-04c1-424b-9868-57a2d4851a1d" relativeResultsDirectory="9726f364-0673-48f4-9ca3-56496d8d48d4" />
    <UnitTestResult executionId="f3c1209f-8fdb-4325-ad8e-f0c064e310f4" testId="673ac6d3-d960-9ab3-69aa-92efadf19225" testName="FileContentRenamer.Tests.Models.NamingRuleTests.Matches_WithMissingKeywords_ShouldReturnFalse" computerName="MacBook-Pro" duration="00:00:00.0005497" startTime="2025-08-11T23:47:33.0814230-03:00" endTime="2025-08-11T23:47:33.0858880-03:00" testType="13cdc9d9-ddb5-4fa4-a97d-d965ccfc6d4b" outcome="Passed" testListId="8c84fa94-04c1-424b-9868-57a2d4851a1d" relativeResultsDirectory="f3c1209f-8fdb-4325-ad8e-f0c064e310f4" />
    <UnitTestResult executionId="864b5c9b-5012-44ed-bfb6-c65d580e101f" testId="aab50796-093f-3ad1-51eb-ff5551165480" testName="FileContentRenamer.Tests.Services.PdfProcessorTests.ExtractContentAsync_WithNonExistentFile_ShouldReturnEmptyString" computerName="MacBook-Pro" duration="00:00:00.0007832" startTime="2025-08-11T23:47:33.0267090-03:00" endTime="2025-08-11T23:47:33.0469720-03:00" testType="13cdc9d9-ddb5-4fa4-a97d-d965ccfc6d4b" outcome="Passed" testListId="8c84fa94-04c1-424b-9868-57a2d4851a1d" relativeResultsDirectory="864b5c9b-5012-44ed-bfb6-c65d580e101f" />
    <UnitTestResult executionId="1fd1f2e0-4c6b-44cf-8d77-2de9d5346aa0" testId="77219b7a-0f6b-514e-c829-c9674c2f30c4" testName="FileContentRenamer.Tests.Services.FileValidatorTests.ShouldProcessFile_WithDifferentCasing_ShouldBeCaseInsensitive(filename: &quot;test.pDf&quot;)" computerName="MacBook-Pro" duration="00:00:00.0006077" startTime="2025-08-11T23:47:33.1723260-03:00" endTime="2025-08-11T23:47:33.1723720-03:00" testType="13cdc9d9-ddb5-4fa4-a97d-d965ccfc6d4b" outcome="Passed" testListId="8c84fa94-04c1-424b-9868-57a2d4851a1d" relativeResultsDirectory="1fd1f2e0-4c6b-44cf-8d77-2de9d5346aa0" />
    <UnitTestResult executionId="b3885114-7f25-4724-b6a1-200efdf96659" testId="8b0489e4-2aca-7279-af69-b44674c9e8bb" testName="FileContentRenamer.Tests.Services.ImageProcessorTests.CanProcess_WithImageExtensionsDifferentCasing_ShouldReturnTrue(extension: &quot;.TIFF&quot;)" computerName="MacBook-Pro" duration="00:00:00.0580435" startTime="2025-08-11T23:47:33.3635600-03:00" endTime="2025-08-11T23:47:33.3636030-03:00" testType="13cdc9d9-ddb5-4fa4-a97d-d965ccfc6d4b" outcome="Passed" testListId="8c84fa94-04c1-424b-9868-57a2d4851a1d" relativeResultsDirectory="b3885114-7f25-4724-b6a1-200efdf96659" />
    <UnitTestResult executionId="db880eec-0990-4d24-859e-8ac9de0e51cc" testId="079ffdd2-77ff-69de-b8c6-9423e86a8bc9" testName="FileContentRenamer.Tests.Services.DirectoryOrganizerTests.GetMonthName_WithInvalidMonth_ShouldReturnUnknown(monthNumber: -1)" computerName="MacBook-Pro" duration="00:00:00.0001507" startTime="2025-08-11T23:47:33.0269970-03:00" endTime="2025-08-11T23:47:33.0270460-03:00" testType="13cdc9d9-ddb5-4fa4-a97d-d965ccfc6d4b" outcome="Passed" testListId="8c84fa94-04c1-424b-9868-57a2d4851a1d" relativeResultsDirectory="db880eec-0990-4d24-859e-8ac9de0e51cc" />
    <UnitTestResult executionId="d1abf226-d8b1-42c1-a249-821d5f0e9958" testId="b0162767-b0d5-ac8c-e6c1-f87ef88a8da6" testName="FileContentRenamer.Tests.Services.DateExtractorTests.ExtractDateFromFilename_WithEmptyFilename_ShouldReturnEmptyString" computerName="MacBook-Pro" duration="00:00:00.0194294" startTime="2025-08-11T23:47:32.9256060-03:00" endTime="2025-08-11T23:47:32.9631720-03:00" testType="13cdc9d9-ddb5-4fa4-a97d-d965ccfc6d4b" outcome="Passed" testListId="8c84fa94-04c1-424b-9868-57a2d4851a1d" relativeResultsDirectory="d1abf226-d8b1-42c1-a249-821d5f0e9958" />
    <UnitTestResult executionId="5a39c61f-12ac-46b9-b857-2890fe501e49" testId="0228ec1a-cf44-e616-5aa7-aefd86959073" testName="FileContentRenamer.Tests.Services.FileServiceTests.ProcessFilesAsync_WithSameFilename_ShouldOrganizeOnly" computerName="MacBook-Pro" duration="00:00:00.0647077" startTime="2025-08-11T23:47:33.3072690-03:00" endTime="2025-08-11T23:47:33.3424340-03:00" testType="13cdc9d9-ddb5-4fa4-a97d-d965ccfc6d4b" outcome="Passed" testListId="8c84fa94-04c1-424b-9868-57a2d4851a1d" relativeResultsDirectory="5a39c61f-12ac-46b9-b857-2890fe501e49" />
    <UnitTestResult executionId="5c2adcf3-1bfc-4ad3-98e9-e1e60be966ea" testId="a0ca8000-3ed1-5654-296c-23ca811068ca" testName="FileContentRenamer.Tests.Services.DateExtractorTests.ExtractDateFromContent_WithVariousGenericDates_ShouldReturnCorrectDates(content: &quot;01/01/2025&quot;, expected: &quot;2025-01-01&quot;)" computerName="MacBook-Pro" duration="00:00:00.0000059" startTime="2025-08-11T23:47:33.0571420-03:00" endTime="2025-08-11T23:47:33.0571700-03:00" testType="13cdc9d9-ddb5-4fa4-a97d-d965ccfc6d4b" outcome="Passed" testListId="8c84fa94-04c1-424b-9868-57a2d4851a1d" relativeResultsDirectory="5c2adcf3-1bfc-4ad3-98e9-e1e60be966ea" />
    <UnitTestResult executionId="4135d9ba-4d56-4523-b9b5-ed752dc92b04" testId="b72ed067-d3bd-e26d-3bed-f7f45c913059" testName="FileContentRenamer.Tests.Services.FilenameGeneratorTests.GenerateFilename_WithDifferentExtension_ShouldPreserveExtension" computerName="MacBook-Pro" duration="00:00:00.0032828" startTime="2025-08-11T23:47:33.2541430-03:00" endTime="2025-08-11T23:47:33.2541950-03:00" testType="13cdc9d9-ddb5-4fa4-a97d-d965ccfc6d4b" outcome="Passed" testListId="8c84fa94-04c1-424b-9868-57a2d4851a1d" relativeResultsDirectory="4135d9ba-4d56-4523-b9b5-ed752dc92b04" />
    <UnitTestResult executionId="72b7c3be-1d24-43d6-8f53-693da05a067c" testId="d406e03e-ed03-b142-d7d1-88f454f977cb" testName="FileContentRenamer.Tests.Services.ImageProcessorTests.CanProcess_WithNonImageExtension_ShouldReturnFalse(extension: &quot;test&quot;)" computerName="MacBook-Pro" duration="00:00:00.0329483" startTime="2025-08-11T23:47:33.0764850-03:00" endTime="2025-08-11T23:47:33.1080500-03:00" testType="13cdc9d9-ddb5-4fa4-a97d-d965ccfc6d4b" outcome="Passed" testListId="8c84fa94-04c1-424b-9868-57a2d4851a1d" relativeResultsDirectory="72b7c3be-1d24-43d6-8f53-693da05a067c" />
    <UnitTestResult executionId="de2bd543-2d7a-4eec-ba8d-1e2f67b47c01" testId="b8e09496-6d7b-6d6d-0f84-90360e0cb28c" testName="FileContentRenamer.Tests.Services.ImageProcessorTests.CanProcess_WithImageExtensionsDifferentCasing_ShouldReturnTrue(extension: &quot;.PNG&quot;)" computerName="MacBook-Pro" duration="00:00:00.0322829" startTime="2025-08-11T23:47:33.4250470-03:00" endTime="2025-08-11T23:47:33.4347120-03:00" testType="13cdc9d9-ddb5-4fa4-a97d-d965ccfc6d4b" outcome="Passed" testListId="8c84fa94-04c1-424b-9868-57a2d4851a1d" relativeResultsDirectory="de2bd543-2d7a-4eec-ba8d-1e2f67b47c01" />
    <UnitTestResult executionId="1f4302e7-04ff-4421-abca-a4a5b3b060b6" testId="70962b03-3000-68e4-fd2c-d9ce13588e5d" testName="FileContentRenamer.Tests.Services.TextProcessorTests.CanProcess_WithTxtExtensionDifferentCasing_ShouldReturnTrue(filename: &quot;test.tXt&quot;)" computerName="MacBook-Pro" duration="00:00:00.0005340" startTime="2025-08-11T23:47:33.2781980-03:00" endTime="2025-08-11T23:47:33.2782550-03:00" testType="13cdc9d9-ddb5-4fa4-a97d-d965ccfc6d4b" outcome="Passed" testListId="8c84fa94-04c1-424b-9868-57a2d4851a1d" relativeResultsDirectory="1f4302e7-04ff-4421-abca-a4a5b3b060b6" />
    <UnitTestResult executionId="3aca9e98-0d78-4c04-bdaa-6920800d7b0a" testId="871d08c9-a126-7256-6ea3-61a20f361a2f" testName="FileContentRenamer.Tests.Services.ImageProcessorTests.ExtractContentAsync_WithInvalidTesseractDataPath_ShouldReturnEmpty" computerName="MacBook-Pro" duration="00:00:00.3501937" startTime="2025-08-11T23:47:33.8766360-03:00" endTime="2025-08-11T23:47:34.2077140-03:00" testType="13cdc9d9-ddb5-4fa4-a97d-d965ccfc6d4b" outcome="Passed" testListId="8c84fa94-04c1-424b-9868-57a2d4851a1d" relativeResultsDirectory="3aca9e98-0d78-4c04-bdaa-6920800d7b0a" />
    <UnitTestResult executionId="e08cc5a1-bc44-4e47-8110-9bd5c1ba7002" testId="b99c1952-4b8a-6e7b-be83-1febd897689d" testName="FileContentRenamer.Tests.Services.DirectoryOrganizerTests.GetMonthName_WithValidMonth_ShouldReturnSpanishName(monthNumber: 12, expected: &quot;diciembre&quot;)" computerName="MacBook-Pro" duration="00:00:00.0004391" startTime="2025-08-11T23:47:33.0185320-03:00" endTime="2025-08-11T23:47:33.0189350-03:00" testType="13cdc9d9-ddb5-4fa4-a97d-d965ccfc6d4b" outcome="Passed" testListId="8c84fa94-04c1-424b-9868-57a2d4851a1d" relativeResultsDirectory="e08cc5a1-bc44-4e47-8110-9bd5c1ba7002" />
    <UnitTestResult executionId="f48538fd-05b9-404e-b891-ed4cb4534127" testId="2256e44b-d5c1-25c7-1712-2e03764de95a" testName="FileContentRenamer.Tests.Services.FileValidatorTests.ShouldProcessFile_WithValidFile_ShouldReturnTrue" computerName="MacBook-Pro" duration="00:00:00.0004648" startTime="2025-08-11T23:47:33.1750450-03:00" endTime="2025-08-11T23:47:33.1751030-03:00" testType="13cdc9d9-ddb5-4fa4-a97d-d965ccfc6d4b" outcome="Passed" testListId="8c84fa94-04c1-424b-9868-57a2d4851a1d" relativeResultsDirectory="f48538fd-05b9-404e-b891-ed4cb4534127" />
    <UnitTestResult executionId="c99ca6fa-7d6f-452f-98ac-1ab20443a669" testId="7511a43c-a4b1-13d6-6238-776526db53ad" testName="FileContentRenamer.Tests.Services.ImageProcessorTests.Constructor_WithNonExistentTesseractDataPath_ShouldCreateDirectory" computerName="MacBook-Pro" duration="00:00:00.0679155" startTime="2025-08-11T23:47:33.4899040-03:00" endTime="2025-08-11T23:47:33.5340640-03:00" testType="13cdc9d9-ddb5-4fa4-a97d-d965ccfc6d4b" outcome="Passed" testListId="8c84fa94-04c1-424b-9868-57a2d4851a1d" relativeResultsDirectory="c99ca6fa-7d6f-452f-98ac-1ab20443a669" />
    <UnitTestResult executionId="3c58e759-f2a6-40c4-b7ef-4bbe1224515e" testId="cf2ff463-604f-4bdf-13f9-b9c49d510424" testName="FileContentRenamer.Tests.Services.FileValidatorTests.ValidateConfiguration_WithNonExistentBasePath_ShouldReturnFalse" computerName="MacBook-Pro" duration="00:00:00.0001916" startTime="2025-08-11T23:47:33.1710890-03:00" endTime="2025-08-11T23:47:33.1711290-03:00" testType="13cdc9d9-ddb5-4fa4-a97d-d965ccfc6d4b" outcome="Passed" testListId="8c84fa94-04c1-424b-9868-57a2d4851a1d" relativeResultsDirectory="3c58e759-f2a6-40c4-b7ef-4bbe1224515e" />
[...]
    <TestEntry testId="4216934b-235a-6efa-b1f2-737b953f21df" executionId="e3b82419-f100-448b-9144-4f99650f0b55" testListId="8c84fa94-04c1-424b-9868-57a2d4851a1d" />
    <TestEntry testId="f567e5a6-a665-67c2-8449-b66348dc3570" executionId="935fcd56-c4cb-49ff-a9ba-29f016519683" testListId="8c84fa94-04c1-424b-9868-57a2d4851a1d" />
    <TestEntry testId="44b78ff5-3e7b-b701-e798-52be3aafb6cb" executionId="713e4a65-2229-460c-8309-5bb963adbf22" testListId="8c84fa94-04c1-424b-9868-57a2d4851a1d" />
    <TestEntry testId="b3f5716b-ac2d-a73d-5199-29412e45cde1" executionId="87048413-2ae5-4551-a950-90d4a1ee976a" testListId="8c84fa94-04c1-424b-9868-57a2d4851a1d" />
    <TestEntry testId="3890aa01-b165-5f49-b90e-3db1a4c16e7b" executionId="91c2b2f0-6d02-4a7f-8993-dfb9f6dd2d4f" testListId="8c84fa94-04c1-424b-9868-57a2d4851a1d" />
    <TestEntry testId="04613884-8eea-2162-7b68-af1197b3a19b" executionId="47697904-9be5-4a65-a23e-70cd8c64cb88" testListId="8c84fa94-04c1-424b-9868-57a2d4851a1d" />
    <TestEntry testId="fa21426d-34f2-265b-fd21-637426cd5f3c" executionId="4a04ed12-7a1f-4fa3-a41b-39b0dc4431aa" testListId="8c84fa94-04c1-424b-9868-57a2d4851a1d" />
    <TestEntry testId="9f3779e0-204e-fe43-610e-1a907c82fa52" executionId="b4eed28c-f02b-4bc2-9e71-4243f5f8c310" testListId="8c84fa94-04c1-424b-9868-57a2d4851a1d" />
    <TestEntry testId="3a993a67-299c-3f87-5430-509e79a52fc2" executionId="07faf54a-176c-4bd2-b047-38b4e26b7205" testListId="8c84fa94-04c1-424b-9868-57a2d4851a1d" />
    <TestEntry testId="63740491-dbe7-68e1-03c8-149486e0c4ce" executionId="dabf4061-5014-471f-adff-fda6535ea6a3" testListId="8c84fa94-04c1-424b-9868-57a2d4851a1d" />
    <TestEntry testId="95464817-3328-92d5-e9f2-a7a51a663358" executionId="ce3df2d1-9971-4328-a88f-b0bc1eac9c7d" testListId="8c84fa94-04c1-424b-9868-57a2d4851a1d" />
    <TestEntry testId="be38a0d7-e0e2-fccd-c5e6-b3a3fded648e" executionId="252d5143-a4fb-4b64-9e01-9a1842f79c2c" testListId="8c84fa94-04c1-424b-9868-57a2d4851a1d" />
    <TestEntry testId="6cb1a840-6047-af3c-c464-8f4bf5b097d2" executionId="394867c0-af60-4b51-830c-6a7e27bc9323" testListId="8c84fa94-04c1-424b-9868-57a2d4851a1d" />
    <TestEntry testId="8ff3c0db-187d-d0d0-7eb2-736414974987" executionId="f11db204-83e3-48df-aee4-447673b8522f" testListId="8c84fa94-04c1-424b-9868-57a2d4851a1d" />
    <TestEntry testId="f8b329c4-164a-78d1-46cd-26aea567ce35" executionId="5cf8cdd7-d532-48d9-a9ab-c60fd86a2f27" testListId="8c84fa94-04c1-424b-9868-57a2d4851a1d" />
    <TestEntry testId="ba6808c0-f426-8a5b-0695-d6b57a217c84" executionId="bed3dea4-0fa7-4290-87b6-4515ef8183e6" testListId="8c84fa94-04c1-424b-9868-57a2d4851a1d" />
    <TestEntry testId="a3da5712-1fc6-1483-5013-eb15e94741bb" executionId="e0b9a356-cecd-4faf-8fd9-3ce83a47d492" testListId="8c84fa94-04c1-424b-9868-57a2d4851a1d" />
    <TestEntry testId="18d4c37f-1583-f497-ec0c-ad5f807ccb48" executionId="6f2bf9a7-e5ee-4a7f-805c-9901c781ccb8" testListId="8c84fa94-04c1-424b-9868-57a2d4851a1d" />
    <TestEntry testId="795f8691-da02-dc90-c006-df2b05e484b8" executionId="48cdcb6b-7e0d-4d5a-afd8-57c1803ca5fa" testListId="8c84fa94-04c1-424b-9868-57a2d4851a1d" />
    <TestEntry testId="31f3b2f4-1b28-6746-2403-d25f9fbdfdf8" executionId="3b3efca4-58de-49fe-b10a-30cb71ae4979" testListId="8c84fa94-04c1-424b-9868-57a2d4851a1d" />
    <TestEntry testId="2fcf9509-91d2-8211-d6e4-a72c7870e72f" executionId="dcec2ad5-b089-40e1-bd35-5ba2fb073336" testListId="8c84fa94-04c1-424b-9868-57a2d4851a1d" />
    <TestEntry testId="f23379d7-78c4-9613-54fe-537fd665f06d" executionId="20a2d8bb-b4df-4e15-b0c4-fb45b8394712" testListId="8c84fa94-04c1-424b-9868-57a2d4851a1d" />
    <TestEntry testId="08a52aeb-79ca-913a-5dc9-ebd6568dcfe7" executionId="9a8e9617-a03a-4c78-b7ca-8ae803f90c9a" testListId="8c84fa94-04c1-424b-9868-57a2d4851a1d" />
    <TestEntry testId="0877987f-a018-03de-71dc-2e8ff937b395" executionId="2063dcb4-1f8f-464a-89ca-72f7e52c1513" testListId="8c84fa94-04c1-424b-9868-57a2d4851a1d" />
    <TestEntry testId="30177b80-4255-9855-fa20-76724e89c280" executionId="2c2364d8-2899-421c-8af5-5b13e18a89b8" testListId="8c84fa94-04c1-424b-9868-57a2d4851a1d" />
    <TestEntry testId="fde0012a-20a9-aebc-bee1-b5bf65a4ee27" executionId="342721a9-d3d7-4fe9-9109-bd071e156a28" testListId="8c84fa94-04c1-424b-9868-57a2d4851a1d" />
    <TestEntry testId="5611fb35-7f75-b2a9-be17-8e2f5c001e43" executionId="98619bff-ffe2-4033-8d53-b90eab87279f" testListId="8c84fa94-04c1-424b-9868-57a2d4851a1d" />
    <TestEntry testId="00d05e1f-7d72-418e-9c9e-a769436ab485" executionId="706d9ee3-fae4-4483-858f-d7537fa2b1c9" testListId="8c84fa94-04c1-424b-9868-57a2d4851a1d" />
    <TestEntry testId="4bf9f205-774f-fb42-8d24-b7d8013c94d1" executionId="d4f1ff8a-0c72-4b78-931b-9baa12c30413" testListId="8c84fa94-04c1-424b-9868-57a2d4851a1d" />
  </TestEntries>
  <TestLists>
    <TestList name="Results Not in a List" id="8c84fa94-04c1-424b-9868-57a2d4851a1d" />
    <TestList name="All Loaded Results" id="19431567-8539-422a-85d7-44ee4e166bda" />
  </TestLists>
  <ResultSummary outcome="Failed">
    <Counters total="213" executed="213" passed="206" failed="7" error="0" timeout="0" aborted="0" inconclusive="0" passedButRunAborted="0" notRunnable="0" notExecuted="0" disconnected="0" warning="0" completed="0" inProgress="0" pending="0" />
    <Output>
      <StdOut>[xUnit.net 00:00:00.00] xUnit.net VSTest Adapter v3.0.0+e341b939fe (64-bit .NET 9.0.5)
[xUnit.net 00:00:00.04]   Discovering: FileContentRenamer.Tests
[xUnit.net 00:00:00.07]   Discovered:  FileContentRenamer.Tests
[xUnit.net 00:00:00.10]   Starting:    FileContentRenamer.Tests
[xUnit.net 00:00:00.72]       Expected result to be "/var/folders/x1/bt0l1hlj3xxfgmlll69gmfr40000gn/T/5136b1a5-91c7-47f1-8811-a6ef021b681b/2024/03_marzo/test_2.pdf" with a length of 110, but "/var/folders/x1/bt0l1hlj3xxfgmlll69gmfr40000gn/T/2024/03_marzo/test_7.pdf" has a length of 73, differs near "202" (index 49).
[xUnit.net 00:00:00.73]       Stack Trace:
[xUnit.net 00:00:00.73]            at FluentAssertions.Execution.XUnit2TestFramework.Throw(String message)
[xUnit.net 00:00:00.73]            at FluentAssertions.Execution.TestFrameworkProvider.Throw(String message)
[xUnit.net 00:00:00.73]            at FluentAssertions.Execution.DefaultAssertionStrategy.HandleFailure(String message)
[xUnit.net 00:00:00.73]            at FluentAssertions.Execution.AssertionScope.FailWith(Func`1 failReasonFunc)
[xUnit.net 00:00:00.73]            at FluentAssertions.Execution.AssertionScope.FailWith(Func`1 failReasonFunc)
[xUnit.net 00:00:00.73]            at FluentAssertions.Primitives.StringEqualityValidator.ValidateAgainstLengthDifferences()
[xUnit.net 00:00:00.73]            at FluentAssertions.Primitives.StringValidator.Validate()
[xUnit.net 00:00:00.73]            at FluentAssertions.Primitives.StringAssertions`1.Be(String expected, String because, Object[] becauseArgs)
[xUnit.net 00:00:00.73]         /Users/santibraida/Workspace/comprobantes/FileContentRenamer.Tests/Services/DirectoryOrganizerTests.cs(223,0): at FileContentRenamer.Tests.Services.DirectoryOrganizerTests.OrganizeFileIntoDirectoryStructure_AlreadyInYearFolder_ShouldMoveToMonthFolder()
[xUnit.net 00:00:00.73]            at System.RuntimeMethodHandle.InvokeMethod(Object target, Void** arguments, Signature sig, Boolean isConstructor)
[xUnit.net 00:00:00.74]            at System.Reflection.MethodBaseInvoker.InvokeWithNoArgs(Object obj, BindingFlags invokeAttr)
[xUnit.net 00:00:00.74]       Expected a &lt;System.IO.FileNotFoundException&gt; to be thrown, but no exception was thrown.
[xUnit.net 00:00:00.74]       Stack Trace:
[xUnit.net 00:00:00.74]            at FluentAssertions.Execution.XUnit2TestFramework.Throw(String message)
[xUnit.net 00:00:00.74]            at FluentAssertions.Execution.TestFrameworkProvider.Throw(String message)
[xUnit.net 00:00:00.74]            at FluentAssertions.Execution.DefaultAssertionStrategy.HandleFailure(String message)
[xUnit.net 00:00:00.74]            at FluentAssertions.Execution.AssertionScope.FailWith(Func`1 failReasonFunc)
[xUnit.net 00:00:00.74]            at FluentAssertions.Execution.AssertionScope.FailWith(Func`1 failReasonFunc)
[xUnit.net 00:00:00.74]            at FluentAssertions.Execution.AssertionScope.FailWith(String message)
[xUnit.net 00:00:00.74]            at FluentAssertions.Specialized.DelegateAssertionsBase`2.ThrowInternal[TException](Exception exception, String because, Object[] becauseArgs)
[xUnit.net 00:00:00.74]            at FluentAssertions.Specialized.DelegateAssertions`2.Throw[TException](String because, Object[] becauseArgs)
[xUnit.net 00:00:00.74]         /Users/santibraida/Workspace/comprobantes/FileContentRenamer.Tests/Models/AppConfigTests.cs(116,0): at FileContentRenamer.Tests.Models.AppConfigTests.LoadFromConfiguration_WithMissingConfigFile_ShouldThrowException()
[xUnit.net 00:00:00.74]            at System.RuntimeMethodHandle.InvokeMethod(Object target, Void** arguments, Signature sig, Boolean isConstructor)
[xUnit.net 00:00:00.74]            at System.Reflection.MethodBaseInvoker.InvokeWithNoArgs(Object obj, BindingFlags invokeAttr)
[xUnit.net 00:00:00.79]       Expected result.LastUsedPath to be "/var/folders/x1/bt0l1hlj3xxfgmlll69gmfr40000gn/T/60b65e9b-85e9-4dc1-a2bc-082c1ec97e88" with a length of 85, but "" has a length of 0, differs near "" (index 0).
[xUnit.net 00:00:00.79]       Stack Trace:
[xUnit.net 00:00:00.79]            at FluentAssertions.Execution.XUnit2TestFramework.Throw(String message)
[xUnit.net 00:00:00.79]            at FluentAssertions.Execution.TestFrameworkProvider.Throw(String message)
[xUnit.net 00:00:00.79]            at FluentAssertions.Execution.DefaultAssertionStrategy.HandleFailure(String message)
[xUnit.net 00:00:00.79]            at FluentAssertions.Execution.AssertionScope.FailWith(Func`1 failReasonFunc)
[xUnit.net 00:00:00.79]            at FluentAssertions.Execution.AssertionScope.FailWith(Func`1 failReasonFunc)
[xUnit.net 00:00:00.79]            at FluentAssertions.Primitives.StringEqualityValidator.ValidateAgainstLengthDifferences()
[xUnit.net 00:00:00.79]            at FluentAssertions.Primitives.StringValidator.Validate()
[xUnit.net 00:00:00.79]            at FluentAssertions.Primitives.StringAssertions`1.Be(String expected, String because, Object[] becauseArgs)
[xUnit.net 00:00:00.79]         /Users/santibraida/Workspace/comprobantes/FileContentRenamer.Tests/Models/AppConfigTests.cs(94,0): at FileContentRenamer.Tests.Models.AppConfigTests.LoadFromConfiguration_WithValidConfigFile_ShouldLoadCorrectly()
[xUnit.net 00:00:00.79]            at System.RuntimeMethodHandle.InvokeMethod(Object target, Void** arguments, Signature sig, Boolean isConstructor)
[xUnit.net 00:00:00.79]            at System.Reflection.MethodBaseInvoker.InvokeWithNoArgs(Object obj, BindingFlags invokeAttr)
[xUnit.net 00:00:00.79]       Expected a &lt;System.Exception&gt; to be thrown, but no exception was thrown.
[xUnit.net 00:00:00.79]       Stack Trace:
[xUnit.net 00:00:00.79]            at FluentAssertions.Execution.XUnit2TestFramework.Throw(String message)
[xUnit.net 00:00:00.79]            at FluentAssertions.Execution.TestFrameworkProvider.Throw(String message)
[xUnit.net 00:00:00.79]            at FluentAssertions.Execution.DefaultAssertionStrategy.HandleFailure(String message)
[xUnit.net 00:00:00.79]            at FluentAssertions.Execution.AssertionScope.FailWith(Func`1 failReasonFunc)
[xUnit.net 00:00:00.79]            at FluentAssertions.Execution.AssertionScope.FailWith(Func`1 failReasonFunc)
[xUnit.net 00:00:00.79]            at FluentAssertions.Execution.AssertionScope.FailWith(String message)
[xUnit.net 00:00:00.79]            at FluentAssertions.Specialized.DelegateAssertionsBase`2.ThrowInternal[TException](Exception exception, String because, Object[] becauseArgs)
[xUnit.net 00:00:00.79]            at FluentAssertions.Specialized.DelegateAssertions`2.Throw[TException](String because, Object[] becauseArgs)
[xUnit.net 00:00:00.79]         /Users/santibraida/Workspace/comprobantes/FileContentRenamer.Tests/Models/AppConfigTests.cs(141,0): at FileContentRenamer.Tests.Models.AppConfigTests.LoadFromConfiguration_WithInvalidJson_ShouldThrowException()
[xUnit.net 00:00:00.79]            at System.RuntimeMethodHandle.InvokeMethod(Object target, Void** arguments, Signature sig, Boolean isConstructor)
[xUnit.net 00:00:00.79]            at System.Reflection.MethodBaseInvoker.InvokeWithNoArgs(Object obj, BindingFlags invokeAttr)
[xUnit.net 00:00:00.86]       Expected result.ForceReprocessAlreadyNamed to be False, but found True.
[xUnit.net 00:00:00.86]       Stack Trace:
[xUnit.net 00:00:00.86]            at FluentAssertions.Execution.XUnit2TestFramework.Throw(String message)
[xUnit.net 00:00:00.86]            at FluentAssertions.Execution.TestFrameworkProvider.Throw(String message)
[xUnit.net 00:00:00.86]            at FluentAssertions.Execution.DefaultAssertionStrategy.HandleFailure(String message)
[xUnit.net 00:00:00.86]            at FluentAssertions.Execution.AssertionScope.FailWith(Func`1 failReasonFunc)
[xUnit.net 00:00:00.86]            at FluentAssertions.Execution.AssertionScope.FailWith(Func`1 failReasonFunc)
[xUnit.net 00:00:00.86]            at FluentAssertions.Execution.AssertionScope.FailWith(String message, Object[] args)
[xUnit.net 00:00:00.86]            at FluentAssertions.Primitives.BooleanAssertions`1.BeFalse(String because, Object[] becauseArgs)
[xUnit.net 00:00:00.86]         /Users/santibraida/Workspace/comprobantes/FileContentRenamer.Tests/Models/AppConfigTests.cs(196,0): at FileContentRenamer.Tests.Models.AppConfigTests.LoadFromConfiguration_WithPartialConfig_ShouldUseDefaultsForMissingValues()
[xUnit.net 00:00:00.86]            at System.RuntimeMethodHandle.InvokeMethod(Object target, Void** arguments, Signature sig, Boolean isConstructor)
[xUnit.net 00:00:00.86]            at System.Reflection.MethodBaseInvoker.InvokeWithNoArgs(Object obj, BindingFlags invokeAttr)
[xUnit.net 00:00:01.18]       Expected a &lt;System.InvalidOperationException&gt; to be thrown, but no exception was thrown.
[xUnit.net 00:00:01.18]       Stack Trace:
[xUnit.net 00:00:01.18]            at FluentAssertions.Execution.XUnit2TestFramework.Throw(String message)
[xUnit.net 00:00:01.18]            at FluentAssertions.Execution.TestFrameworkProvider.Throw(String message)
[xUnit.net 00:00:01.18]            at FluentAssertions.Execution.DefaultAssertionStrategy.HandleFailure(String message)
[xUnit.net 00:00:01.18]            at FluentAssertions.Execution.AssertionScope.FailWith(Func`1 failReasonFunc)
[xUnit.net 00:00:01.18]            at FluentAssertions.Execution.AssertionScope.FailWith(Func`1 failReasonFunc)
[xUnit.net 00:00:01.18]            at FluentAssertions.Execution.AssertionScope.FailWith(String message)
[xUnit.net 00:00:01.18]            at FluentAssertions.Specialized.DelegateAssertionsBase`2.ThrowInternal[TException](Exception exception, String because, Object[] becauseArgs)
[xUnit.net 00:00:01.18]            at FluentAssertions.Specialized.DelegateAssertions`2.Throw[TException](String because, Object[] becauseArgs)
[xUnit.net 00:00:01.18]         /Users/santibraida/Workspace/comprobantes/FileContentRenamer.Tests/Models/AppConfigTests.cs(161,0): at FileContentRenamer.Tests.Models.AppConfigTests.LoadFromConfiguration_WithEmptyConfig_ShouldThrowException()
[xUnit.net 00:00:01.18]            at System.RuntimeMethodHandle.InvokeMethod(Object target, Void** arguments, Signature sig, Boolean isConstructor)
[xUnit.net 00:00:01.18]            at System.Reflection.MethodBaseInvoker.InvokeWithNoArgs(Object obj, BindingFlags invokeAttr)
[xUnit.net 00:00:01.24]       Expected a &lt;System.InvalidOperationException&gt; to be thrown, but no exception was thrown.
[xUnit.net 00:00:01.24]       Stack Trace:
[xUnit.net 00:00:01.24]            at FluentAssertions.Execution.XUnit2TestFramework.Throw(String message)
[xUnit.net 00:00:01.24]            at FluentAssertions.Execution.TestFrameworkProvider.Throw(String message)
[xUnit.net 00:00:01.24]            at FluentAssertions.Execution.DefaultAssertionStrategy.HandleFailure(String message)
[xUnit.net 00:00:01.24]            at FluentAssertions.Execution.AssertionScope.FailWith(Func`1 failReasonFunc)
[xUnit.net 00:00:01.24]            at FluentAssertions.Execution.AssertionScope.FailWith(Func`1 failReasonFunc)
[xUnit.net 00:00:01.24]            at FluentAssertions.Execution.AssertionScope.FailWith(String message)
[xUnit.net 00:00:01.24]            at FluentAssertions.Specialized.DelegateAssertionsBase`2.ThrowInternal[TException](Exception exception, String because, Object[] becauseArgs)
[xUnit.net 00:00:01.24]            at FluentAssertions.Specialized.DelegateAssertions`2.Throw[TException](String because, Object[] becauseArgs)
[xUnit.net 00:00:01.24]         /Users/santibraida/Workspace/comprobantes/FileContentRenamer.Tests/Models/AppConfigTests.cs(260,0): at FileContentRenamer.Tests.Models.AppConfigTests.LoadFromConfiguration_WithMissingFileExtensions_ShouldThrowException()
[xUnit.net 00:00:01.24]            at System.RuntimeMethodHandle.InvokeMethod(Object target, Void** arguments, Signature sig, Boolean isConstructor)
[xUnit.net 00:00:01.24]            at System.Reflection.MethodBaseInvoker.InvokeWithNoArgs(Object obj, BindingFlags invokeAttr)
[xUnit.net 00:00:01.80]   Finished:    FileContentRenamer.Tests
</StdOut>
    </Output>
    <RunInfos>
      <RunInfo computerName="MacBook-Pro" outcome="Error" timestamp="2025-08-11T23:47:33.2844150-03:00">
        <Text>[xUnit.net 00:00:00.71]     FileContentRenamer.Tests.Services.DirectoryOrganizerTests.OrganizeFileIntoDirectoryStructure_AlreadyInYearFolder_ShouldMoveToMonthFolder [FAIL]</Text>
      </RunInfo>
      <RunInfo computerName="MacBook-Pro" outcome="Error" timestamp="2025-08-11T23:47:33.3054170-03:00">
        <Text>[xUnit.net 00:00:00.74]     FileContentRenamer.Tests.Models.AppConfigTests.LoadFromConfiguration_WithMissingConfigFile_ShouldThrowException [FAIL]</Text>
      </RunInfo>
      <RunInfo computerName="MacBook-Pro" outcome="Error" timestamp="2025-08-11T23:47:33.3634360-03:00">
        <Text>[xUnit.net 00:00:00.79]     FileContentRenamer.Tests.Models.AppConfigTests.LoadFromConfiguration_WithValidConfigFile_ShouldLoadCorrectly [FAIL]</Text>
      </RunInfo>
      <RunInfo computerName="MacBook-Pro" outcome="Error" timestamp="2025-08-11T23:47:33.3640580-03:00">
        <Text>[xUnit.net 00:00:00.79]     FileContentRenamer.Tests.Models.AppConfigTests.LoadFromConfiguration_WithInvalidJson_ShouldThrowException [FAIL]</Text>
      </RunInfo>
      <RunInfo computerName="MacBook-Pro" outcome="Error" timestamp="2025-08-11T23:47:33.4293210-03:00">
        <Text>[xUnit.net 00:00:00.86]     FileContentRenamer.Tests.Models.AppConfigTests.LoadFromConfiguration_WithPartialConfig_ShouldUseDefaultsForMissingValues [FAIL]</Text>
      </RunInfo>
      <RunInfo computerName="MacBook-Pro" outcome="Error" timestamp="2025-08-11T23:47:33.7465790-03:00">
        <Text>[xUnit.net 00:00:01.18]     FileContentRenamer.Tests.Models.AppConfigTests.LoadFromConfiguration_WithEmptyConfig_ShouldThrowException [FAIL]</Text>
      </RunInfo>
      <RunInfo computerName="MacBook-Pro" outcome="Error" timestamp="2025-08-11T23:47:33.8135740-03:00">
        <Text>[xUnit.net 00:00:01.24]     FileContentRenamer.Tests.Models.AppConfigTests.LoadFromConfiguration_WithMissingFileExtensions_ShouldThrowException [FAIL]</Text>
      </RunInfo>
    </RunInfos>
    <CollectorDataEntries>
      <Collector agentName="MacBook-Pro" uri="datacollector://microsoft/CoverletCodeCoverage/1.0" collectorDisplayName="XPlat code coverage">
        <UriAttachments>
          <UriAttachment>
            <A href="MacBook-Pro/coverage.cobertura.xml"></A>
          </UriAttachment>
        </UriAttachments>
      </Collector>
    </CollectorDataEntries>
  </ResultSummary>
</TestRun>