<?xml version="1.0" encoding="utf-8"?>
<TestRun id="58d255cc-90b8-4340-a9ce-240be78b961d" name="@MacBook-Pro 2025-08-11 23:52:26" xmlns="http://microsoft.com/schemas/VisualStudio/TeamTest/2010">
  <Times creation="2025-08-11T23:52:26.6917470-03:00" queuing="2025-08-11T23:52:26.6917470-03:00" start="2025-08-11T23:52:25.5900590-03:00" finish="2025-08-11T23:52:29.2924200-03:00" />
  <TestSettings name="default" id="d4166679-a01d-43c1-b37e-cd6ce301f5ec">
    <Deployment runDeploymentRoot="_MacBook-Pro_2025-08-11_23_52_26" />
  </TestSettings>
  <Results>
    <UnitTestResult executionId="f411a2af-bbc6-4583-be7e-3b1dc174e600" testId="2a25c3ee-59d0-2484-ec0d-75637450d1ba" testName="FileContentRenamer.Tests.Services.ImageProcessorTests.CanProcess_WithImageExtensionsDifferentCasing_ShouldReturnTrue(extension: &quot;.TIF&quot;)" computerName="MacBook-Pro" duration="00:00:00.0288189" startTime="2025-08-11T23:52:27.8215090-03:00" endTime="2025-08-11T23:52:27.8301550-03:00" testType="13cdc9d9-ddb5-4fa4-a97d-d965ccfc6d4b" outcome="Passed" testListId="8c84fa94-04c1-424b-9868-57a2d4851a1d" relativeResultsDirectory="f411a2af-bbc6-4583-be7e-3b1dc174e600" />
    <UnitTestResult executionId="b8bb1f8c-ee1f-4807-a2b5-504e0d84ee57" testId="67877ab3-cd79-0712-f2c5-84dba6ba53b5" testName="FileContentRenamer.Tests.Services.FileValidatorTests.ShouldProcessFile_WithNullPath_ShouldReturnFalse" computerName="MacBook-Pro" duration="00:00:00.0001405" startTime="2025-08-11T23:52:26.9742410-03:00" endTime="2025-08-11T23:52:26.9745210-03:00" testType="13cdc9d9-ddb5-4fa4-a97d-d965ccfc6d4b" outcome="Passed" testListId="8c84fa94-04c1-424b-9868-57a2d4851a1d" relativeResultsDirectory="b8bb1f8c-ee1f-4807-a2b5-504e0d84ee57" />
    <UnitTestResult executionId="387b93c7-507d-452c-bf6e-3243cf3443de" testId="411f59f3-34f9-62ac-9b26-0c3528e0b2f7" testName="FileContentRenamer.Tests.Services.FilenameGeneratorTests.IsAlreadyNamedFilename_WithInvalidFormats_ShouldReturnFalse(filename: &quot;service_15-03-2024_payment&quot;)" computerName="MacBook-Pro" duration="00:00:00.0000079" startTime="2025-08-11T23:52:26.9038660-03:00" endTime="2025-08-11T23:52:26.9038910-03:00" testType="13cdc9d9-ddb5-4fa4-a97d-d965ccfc6d4b" outcome="Passed" testListId="8c84fa94-04c1-424b-9868-57a2d4851a1d" relativeResultsDirectory="387b93c7-507d-452c-bf6e-3243cf3443de" />
    <UnitTestResult executionId="5b1c2773-edfc-40b6-97f7-b244fcb712bd" testId="ae4c83e6-0f4d-65f8-22c1-23c6464f33a2" testName="FileContentRenamer.Tests.Services.TextProcessorTests.CanProcess_WithTxtExtensionDifferentCasing_ShouldReturnTrue(filename: &quot;test.Txt&quot;)" computerName="MacBook-Pro" duration="00:00:00.0001014" startTime="2025-08-11T23:52:26.8425540-03:00" endTime="2025-08-11T23:52:26.8425970-03:00" testType="13cdc9d9-ddb5-4fa4-a97d-d965ccfc6d4b" outcome="Passed" testListId="8c84fa94-04c1-424b-9868-57a2d4851a1d" relativeResultsDirectory="5b1c2773-edfc-40b6-97f7-b244fcb712bd" />
    <UnitTestResult executionId="18d5707f-efd3-4ced-bcad-8cb771ef538c" testId="629bee42-ada7-f7dc-8b40-5f275846573e" testName="FileContentRenamer.Tests.Services.DateExtractorEnhancedTests.ExtractDateFromContent_WithEnglishMonthNames_ShouldExtractCorrectDate(content: &quot;March 15, 2024&quot;, expected: &quot;2024-03-15&quot;)" computerName="MacBook-Pro" duration="00:00:00.0003058" startTime="2025-08-11T23:52:27.3345720-03:00" endTime="2025-08-11T23:52:27.3358310-03:00" testType="13cdc9d9-ddb5-4fa4-a97d-d965ccfc6d4b" outcome="Failed" testListId="8c84fa94-04c1-424b-9868-57a2d4851a1d" relativeResultsDirectory="18d5707f-efd3-4ced-bcad-8cb771ef538c">
      <Output>
        <ErrorInfo>
          <Message>Expected result to be "2024-03-15" with a length of 10, but "" has a length of 0, differs near "" (index 0).</Message>
          <StackTrace>   at FluentAssertions.Execution.XUnit2TestFramework.Throw(String message)
   at FluentAssertions.Execution.TestFrameworkProvider.Throw(String message)
   at FluentAssertions.Execution.DefaultAssertionStrategy.HandleFailure(String message)
   at FluentAssertions.Execution.AssertionScope.FailWith(Func`1 failReasonFunc)
   at FluentAssertions.Execution.AssertionScope.FailWith(Func`1 failReasonFunc)
   at FluentAssertions.Primitives.StringEqualityValidator.ValidateAgainstLengthDifferences()
   at FluentAssertions.Primitives.StringValidator.Validate()
   at FluentAssertions.Primitives.StringAssertions`1.Be(String expected, String because, Object[] becauseArgs)
   at FileContentRenamer.Tests.Services.DateExtractorEnhancedTests.ExtractDateFromContent_WithEnglishMonthNames_ShouldExtractCorrectDate(String content, String expected) in /Users/santibraida/Workspace/comprobantes/FileContentRenamer.Tests/Services/DateExtractorEnhancedTests.cs:line 85
   at InvokeStub_DateExtractorEnhancedTests.ExtractDateFromContent_WithEnglishMonthNames_ShouldExtractCorrectDate(Object, Span`1)
   at System.Reflection.MethodBaseInvoker.InvokeWithFewArgs(Object obj, BindingFlags invokeAttr, Binder binder, Object[] parameters, CultureInfo culture)</StackTrace>
        </ErrorInfo>
      </Output>
    </UnitTestResult>
    <UnitTestResult executionId="d59ea55a-b20e-4603-8f71-1d8ac5c88070" testId="f23379d7-78c4-9613-54fe-537fd665f06d" testName="FileContentRenamer.Tests.Models.NamingRuleTests.Matches_WithEmptyContent_ShouldReturnFalse" computerName="MacBook-Pro" duration="00:00:00.0000582" startTime="2025-08-11T23:52:27.2127050-03:00" endTime="2025-08-11T23:52:27.2127380-03:00" testType="13cdc9d9-ddb5-4fa4-a97d-d965ccfc6d4b" outcome="Passed" testListId="8c84fa94-04c1-424b-9868-57a2d4851a1d" relativeResultsDirectory="d59ea55a-b20e-4603-8f71-1d8ac5c88070" />
    <UnitTestResult executionId="574cec70-328e-4897-94fe-ae450c0da6ca" testId="a7083064-b46e-e511-491b-e958a5ce24b2" testName="FileContentRenamer.Tests.Services.DateExtractorEnhancedTests.ExtractDateFromContent_WithEnglishMonthNames_ShouldExtractCorrectDate(content: &quot;October 22, 2024&quot;, expected: &quot;2024-10-22&quot;)" computerName="MacBook-Pro" duration="00:00:00.0008443" startTime="2025-08-11T23:52:27.2907830-03:00" endTime="2025-08-11T23:52:27.2915660-03:00" testType="13cdc9d9-ddb5-4fa4-a97d-d965ccfc6d4b" outcome="Failed" testListId="8c84fa94-04c1-424b-9868-57a2d4851a1d" relativeResultsDirectory="574cec70-328e-4897-94fe-ae450c0da6ca">
      <Output>
        <ErrorInfo>
          <Message>Expected result to be "2024-10-22" with a length of 10, but "" has a length of 0, differs near "" (index 0).</Message>
          <StackTrace>   at FluentAssertions.Execution.XUnit2TestFramework.Throw(String message)
   at FluentAssertions.Execution.TestFrameworkProvider.Throw(String message)
   at FluentAssertions.Execution.DefaultAssertionStrategy.HandleFailure(String message)
   at FluentAssertions.Execution.AssertionScope.FailWith(Func`1 failReasonFunc)
   at FluentAssertions.Execution.AssertionScope.FailWith(Func`1 failReasonFunc)
   at FluentAssertions.Primitives.StringEqualityValidator.ValidateAgainstLengthDifferences()
   at FluentAssertions.Primitives.StringValidator.Validate()
   at FluentAssertions.Primitives.StringAssertions`1.Be(String expected, String because, Object[] becauseArgs)
   at FileContentRenamer.Tests.Services.DateExtractorEnhancedTests.ExtractDateFromContent_WithEnglishMonthNames_ShouldExtractCorrectDate(String content, String expected) in /Users/santibraida/Workspace/comprobantes/FileContentRenamer.Tests/Services/DateExtractorEnhancedTests.cs:line 85
   at InvokeStub_DateExtractorEnhancedTests.ExtractDateFromContent_WithEnglishMonthNames_ShouldExtractCorrectDate(Object, Span`1)
   at System.Reflection.MethodBaseInvoker.InvokeWithFewArgs(Object obj, BindingFlags invokeAttr, Binder binder, Object[] parameters, CultureInfo culture)</StackTrace>
        </ErrorInfo>
      </Output>
    </UnitTestResult>
    <UnitTestResult executionId="b57c9d87-246c-4b11-92eb-2b42ce1d4348" testId="63740491-dbe7-68e1-03c8-149486e0c4ce" testName="FileContentRenamer.Tests.Services.DirectoryOrganizerTests.IsInYearMonthStructure_WithMonthInYearFolder_ShouldReturnTrue" computerName="MacBook-Pro" duration="00:00:00.0004177" startTime="2025-08-11T23:52:27.0578680-03:00" endTime="2025-08-11T23:52:27.0584160-03:00" testType="13cdc9d9-ddb5-4fa4-a97d-d965ccfc6d4b" outcome="Passed" testListId="8c84fa94-04c1-424b-9868-57a2d4851a1d" relativeResultsDirectory="b57c9d87-246c-4b11-92eb-2b42ce1d4348" />
    <UnitTestResult executionId="2685fb12-5ce4-480f-845a-4965df10b202" testId="19ed11aa-a710-6873-89bb-77d5892f3032" testName="FileContentRenamer.Tests.Services.TextProcessorTests.ExtractContentAsync_WithEmptyFile_ShouldReturnEmptyString" computerName="MacBook-Pro" duration="00:00:00.0968288" startTime="2025-08-11T23:52:26.8416100-03:00" endTime="2025-08-11T23:52:26.8416520-03:00" testType="13cdc9d9-ddb5-4fa4-a97d-d965ccfc6d4b" outcome="Passed" testListId="8c84fa94-04c1-424b-9868-57a2d4851a1d" relativeResultsDirectory="2685fb12-5ce4-480f-845a-4965df10b202" />
    <UnitTestResult executionId="99602306-8153-4abd-b1e3-95fe31eb23ff" testId="1b098cf3-2b75-710f-6b41-a5d341a48290" testName="FileContentRenamer.Tests.Services.DateExtractorAdditionalTests.ExtractDateFromContent_WithMultipleDates_ShouldReturnFirst" computerName="MacBook-Pro" duration="00:00:00.0491322" startTime="2025-08-11T23:52:27.2913490-03:00" endTime="2025-08-11T23:52:27.3132650-03:00" testType="13cdc9d9-ddb5-4fa4-a97d-d965ccfc6d4b" outcome="Passed" testListId="8c84fa94-04c1-424b-9868-57a2d4851a1d" relativeResultsDirectory="99602306-8153-4abd-b1e3-95fe31eb23ff" />
    <UnitTestResult executionId="5a1dcd9b-8b0d-4ffe-887e-06a83e27790e" testId="8c36f3a4-ca31-a9e9-241d-dbc70385ef49" testName="FileContentRenamer.Tests.Services.ImageProcessorTests.CanProcess_WithNonImageExtension_ShouldReturnFalse(extension: &quot;.mp4&quot;)" computerName="MacBook-Pro" duration="00:00:00.0291219" startTime="2025-08-11T23:52:27.3357870-03:00" endTime="2025-08-11T23:52:27.3678220-03:00" testType="13cdc9d9-ddb5-4fa4-a97d-d965ccfc6d4b" outcome="Passed" testListId="8c84fa94-04c1-424b-9868-57a2d4851a1d" relativeResultsDirectory="5a1dcd9b-8b0d-4ffe-887e-06a83e27790e" />
    <UnitTestResult executionId="cb45cead-3f7b-44e0-afc9-53370af40a00" testId="795f8691-da02-dc90-c006-df2b05e484b8" testName="FileContentRenamer.Tests.Services.DirectoryOrganizerTests.IsInYearMonthStructure_WithYearFolder_ShouldReturnTrue" computerName="MacBook-Pro" duration="00:00:00.0002977" startTime="2025-08-11T23:52:27.0587080-03:00" endTime="2025-08-11T23:52:27.0590490-03:00" testType="13cdc9d9-ddb5-4fa4-a97d-d965ccfc6d4b" outcome="Passed" testListId="8c84fa94-04c1-424b-9868-57a2d4851a1d" relativeResultsDirectory="cb45cead-3f7b-44e0-afc9-53370af40a00" />
    <UnitTestResult executionId="81e63e2b-af97-4b6e-9e5f-57b2893d2a38" testId="ffc9ee14-de78-f399-078f-7fc04b3e90a3" testName="FileContentRenamer.Tests.Services.DirectoryOrganizerAdditionalTests.OrganizeFileIntoDirectoryStructure_WithAllMonths_ShouldCreateCorrectStructure(dateStr: &quot;2023-04-15&quot;, expectedMonth: &quot;04_abril&quot;)" computerName="MacBook-Pro" duration="00:00:00.0008069" startTime="2025-08-11T23:52:26.8038200-03:00" endTime="2025-08-11T23:52:26.8044750-03:00" testType="13cdc9d9-ddb5-4fa4-a97d-d965ccfc6d4b" outcome="Passed" testListId="8c84fa94-04c1-424b-9868-57a2d4851a1d" relativeResultsDirectory="81e63e2b-af97-4b6e-9e5f-57b2893d2a38" />
    <UnitTestResult executionId="6336cc15-530a-439f-bfb6-1f571bd52f38" testId="8bf8da02-6c6e-2191-c936-6121db66d388" testName="FileContentRenamer.Tests.Services.PdfProcessorTests.CanProcess_WithPdfExtensionVariations_ShouldReturnTrue(filename: &quot;DOCUMENT.PDF&quot;)" computerName="MacBook-Pro" duration="00:00:00.0006462" startTime="2025-08-11T23:52:27.2118370-03:00" endTime="2025-08-11T23:52:27.2370230-03:00" testType="13cdc9d9-ddb5-4fa4-a97d-d965ccfc6d4b" outcome="Passed" testListId="8c84fa94-04c1-424b-9868-57a2d4851a1d" relativeResultsDirectory="6336cc15-530a-439f-bfb6-1f571bd52f38" />
    <UnitTestResult executionId="aae30256-a254-47ff-b6c6-ef58e9de2e2a" testId="d928fd2c-924f-38de-6b58-5c8ead779399" testName="FileContentRenamer.Tests.Services.ImageProcessorTests.CanProcess_WithImageExtensions_ShouldReturnTrue(extension: &quot;.tiff&quot;)" computerName="MacBook-Pro" duration="00:00:00.0469545" startTime="2025-08-11T23:52:27.4924280-03:00" endTime="2025-08-11T23:52:27.4924680-03:00" testType="13cdc9d9-ddb5-4fa4-a97d-d965ccfc6d4b" outcome="Passed" testListId="8c84fa94-04c1-424b-9868-57a2d4851a1d" relativeResultsDirectory="aae30256-a254-47ff-b6c6-ef58e9de2e2a" />
    <UnitTestResult executionId="5f7db950-8d02-4e81-93b5-6bb362be44e6" testId="9bedcbf1-e681-ce6a-b113-25e2deb4a524" testName="FileContentRenamer.Tests.Services.DateExtractorTests.ExtractDateFromContent_WithEmissionDateFormat_ShouldReturnCorrectDate" computerName="MacBook-Pro" duration="00:00:00.0000569" startTime="2025-08-11T23:52:26.6621080-03:00" endTime="2025-08-11T23:52:26.6621360-03:00" testType="13cdc9d9-ddb5-4fa4-a97d-d965ccfc6d4b" outcome="Passed" testListId="8c84fa94-04c1-424b-9868-57a2d4851a1d" relativeResultsDirectory="5f7db950-8d02-4e81-93b5-6bb362be44e6" />
    <UnitTestResult executionId="29cdb7c5-d558-4281-927f-c0af5f62bbda" testId="ae46ec5c-7f7f-c8d8-b22b-c6a93692a055" testName="FileContentRenamer.Tests.Services.TextProcessorTests.ExtractContentAsync_WithExactly1000Characters_ShouldReturnAllContent" computerName="MacBook-Pro" duration="00:00:00.0510040" startTime="2025-08-11T23:52:26.8390130-03:00" endTime="2025-08-11T23:52:26.8390640-03:00" testType="13cdc9d9-ddb5-4fa4-a97d-d965ccfc6d4b" outcome="Passed" testListId="8c84fa94-04c1-424b-9868-57a2d4851a1d" relativeResultsDirectory="29cdb7c5-d558-4281-927f-c0af5f62bbda" />
    <UnitTestResult executionId="7d30e837-a2a7-4e8d-b04d-c24b37afbeab" testId="b88cda59-316a-d792-4d81-e490d0212c2d" testName="FileContentRenamer.Tests.Services.DirectoryOrganizerTests.GetMonthName_WithValidMonth_ShouldReturnSpanishName(monthNumber: 3, expected: &quot;marzo&quot;)" computerName="MacBook-Pro" duration="00:00:00.0000897" startTime="2025-08-11T23:52:26.7967330-03:00" endTime="2025-08-11T23:52:26.7971050-03:00" testType="13cdc9d9-ddb5-4fa4-a97d-d965ccfc6d4b" outcome="Passed" testListId="8c84fa94-04c1-424b-9868-57a2d4851a1d" relativeResultsDirectory="7d30e837-a2a7-4e8d-b04d-c24b37afbeab" />
    <UnitTestResult executionId="d1cbca91-4c0c-47e6-93d6-0ad5450f07e1" testId="85174d84-6c38-cbfc-f08e-3943abd3b77a" testName="FileContentRenamer.Tests.Services.DateExtractorAdditionalTests.ExtractDateFromContent_WithVariousFormats_ShouldReturnCorrectDate(content: &quot;31/13/2023&quot;, expected: &quot;&quot;)" computerName="MacBook-Pro" duration="00:00:00.0003935" startTime="2025-08-11T23:52:27.2605450-03:00" endTime="2025-08-11T23:52:27.2605880-03:00" testType="13cdc9d9-ddb5-4fa4-a97d-d965ccfc6d4b" outcome="Failed" testListId="8c84fa94-04c1-424b-9868-57a2d4851a1d" relativeResultsDirectory="d1cbca91-4c0c-47e6-93d6-0ad5450f07e1">
      <Output>
        <ErrorInfo>
          <Message>Expected result to be "" with a length of 0, but "2023-13-31" has a length of 10, differs near "202" (index 0).</Message>
          <StackTrace>   at FluentAssertions.Execution.XUnit2TestFramework.Throw(String message)
   at FluentAssertions.Execution.TestFrameworkProvider.Throw(String message)
   at FluentAssertions.Execution.DefaultAssertionStrategy.HandleFailure(String message)
   at FluentAssertions.Execution.AssertionScope.FailWith(Func`1 failReasonFunc)
   at FluentAssertions.Execution.AssertionScope.FailWith(Func`1 failReasonFunc)
   at FluentAssertions.Primitives.StringEqualityValidator.ValidateAgainstLengthDifferences()
   at FluentAssertions.Primitives.StringValidator.Validate()
   at FluentAssertions.Primitives.StringAssertions`1.Be(String expected, String because, Object[] becauseArgs)
   at FileContentRenamer.Tests.Services.DateExtractorAdditionalTests.ExtractDateFromContent_WithVariousFormats_ShouldReturnCorrectDate(String content, String expected) in /Users/santibraida/Workspace/comprobantes/FileContentRenamer.Tests/Services/DateExtractorAdditionalTests.cs:line 33
   at InvokeStub_DateExtractorAdditionalTests.ExtractDateFromContent_WithVariousFormats_ShouldReturnCorrectDate(Object, Span`1)
   at System.Reflection.MethodBaseInvoker.InvokeWithFewArgs(Object obj, BindingFlags invokeAttr, Binder binder, Object[] parameters, CultureInfo culture)</StackTrace>
        </ErrorInfo>
      </Output>
    </UnitTestResult>
    <UnitTestResult executionId="a1f0f9af-adc3-47d9-acbc-ca24eac7f0d1" testId="7fc03f6c-44c6-760a-ff15-5a01859458b0" testName="FileContentRenamer.Tests.Services.DirectoryOrganizerTests.OrganizeFileIntoDirectoryStructure_AlreadyInYearFolder_ShouldMoveToMonthFolder" computerName="MacBook-Pro" duration="00:00:00.3236829" startTime="2025-08-11T23:52:26.8111750-03:00" endTime="2025-08-11T23:52:27.0365110-03:00" testType="13cdc9d9-ddb5-4fa4-a97d-d965ccfc6d4b" outcome="Failed" testListId="8c84fa94-04c1-424b-9868-57a2d4851a1d" relativeResultsDirectory="a1f0f9af-adc3-47d9-acbc-ca24eac7f0d1">
      <Output>
        <ErrorInfo>
          <Message>Expected result to be "/var/folders/x1/bt0l1hlj3xxfgmlll69gmfr40000gn/T/5003a8fa-30cc-4c61-8d68-d0fe204a9d7a/2024/03_marzo/test_2.pdf" with a length of 110, but "/var/folders/x1/bt0l1hlj3xxfgmlll69gmfr40000gn/T/2024/03_marzo/test_9.pdf" has a length of 73, differs near "202" (index 49).</Message>
          <StackTrace>   at FluentAssertions.Execution.XUnit2TestFramework.Throw(String message)
   at FluentAssertions.Execution.TestFrameworkProvider.Throw(String message)
   at FluentAssertions.Execution.DefaultAssertionStrategy.HandleFailure(String message)
   at FluentAssertions.Execution.AssertionScope.FailWith(Func`1 failReasonFunc)
   at FluentAssertions.Execution.AssertionScope.FailWith(Func`1 failReasonFunc)
   at FluentAssertions.Primitives.StringEqualityValidator.ValidateAgainstLengthDifferences()
   at FluentAssertions.Primitives.StringValidator.Validate()
   at FluentAssertions.Primitives.StringAssertions`1.Be(String expected, String because, Object[] becauseArgs)
   at FileContentRenamer.Tests.Services.DirectoryOrganizerTests.OrganizeFileIntoDirectoryStructure_AlreadyInYearFolder_ShouldMoveToMonthFolder() in /Users/santibraida/Workspace/comprobantes/FileContentRenamer.Tests/Services/DirectoryOrganizerTests.cs:line 223
   at System.RuntimeMethodHandle.InvokeMethod(Object target, Void** arguments, Signature sig, Boolean isConstructor)
   at System.Reflection.MethodBaseInvoker.InvokeWithNoArgs(Object obj, BindingFlags invokeAttr)</StackTrace>
        </ErrorInfo>
      </Output>
    </UnitTestResult>
    <UnitTestResult executionId="d9f12c9a-f863-45af-9758-ad1452391bd5" testId="c1072614-89d7-ecfa-6ece-76abc08d540d" testName="FileContentRenamer.Tests.Services.FilenameGeneratorTests.IsAlreadyNamedFilename_WithInvalidFormats_ShouldReturnFalse(filename: &quot;&quot;)" computerName="MacBook-Pro" duration="00:00:00.0000073" startTime="2025-08-11T23:52:26.9041860-03:00" endTime="2025-08-11T23:52:26.9042110-03:00" testType="13cdc9d9-ddb5-4fa4-a97d-d965ccfc6d4b" outcome="Passed" testListId="8c84fa94-04c1-424b-9868-57a2d4851a1d" relativeResultsDirectory="d9f12c9a-f863-45af-9758-ad1452391bd5" />
    <UnitTestResult executionId="00de80d6-c869-4d7b-b287-48e64e9014dc" testId="52175725-e6d4-0cad-c3ec-c7f17827962e" testName="FileContentRenamer.Tests.Services.ImageProcessorTests.CanProcess_WithVariousCases_ShouldReturnCorrectResult(extension: &quot;.jpg&quot;)" computerName="MacBook-Pro" duration="00:00:00.0271488" startTime="2025-08-11T23:52:28.4269780-03:00" endTime="2025-08-11T23:52:28.4358740-03:00" testType="13cdc9d9-ddb5-4fa4-a97d-d965ccfc6d4b" outcome="Passed" testListId="8c84fa94-04c1-424b-9868-57a2d4851a1d" relativeResultsDirectory="00de80d6-c869-4d7b-b287-48e64e9014dc" />
    <UnitTestResult executionId="d7c12dcc-4ee7-4693-9358-874576734e1f" testId="85677dc2-59d0-24ec-6909-57399a83a6f9" testName="FileContentRenamer.Tests.Configuration.ServiceConfigurationTests.ConfigureServices_ShouldRegisterFileProcessors" computerName="MacBook-Pro" duration="00:00:00.1238554" startTime="2025-08-11T23:52:26.4817970-03:00" endTime="2025-08-11T23:52:26.8026770-03:00" testType="13cdc9d9-ddb5-4fa4-a97d-d965ccfc6d4b" outcome="Passed" testListId="8c84fa94-04c1-424b-9868-57a2d4851a1d" relativeResultsDirectory="d7c12dcc-4ee7-4693-9358-874576734e1f" />
    <UnitTestResult executionId="1dce18de-24cc-4ad5-837c-6b5e2046071b" testId="74c0392b-8615-24d3-2fd0-e6af46d2098a" testName="FileContentRenamer.Tests.Models.NamingRulesTests.Constructor_WithParameters_ShouldSetValues" computerName="MacBook-Pro" duration="00:00:00.0000663" startTime="2025-08-11T23:52:27.1856240-03:00" endTime="2025-08-11T23:52:27.1857930-03:00" testType="13cdc9d9-ddb5-4fa4-a97d-d965ccfc6d4b" outcome="Passed" testListId="8c84fa94-04c1-424b-9868-57a2d4851a1d" relativeResultsDirectory="1dce18de-24cc-4ad5-837c-6b5e2046071b" />
    <UnitTestResult executionId="2b0020f2-c095-4453-9d02-5511dd53aba6" testId="7c85376b-9163-f9b7-b4c0-1ab17dbae524" testName="FileContentRenamer.Tests.Services.DateExtractorEnhancedTests.ExtractDateFromContent_WithSpanishMonthNames_ShouldExtractCorrectDate(content: &quot;15 de marzo de 2024&quot;, expected: &quot;2024-03-15&quot;)" computerName="MacBook-Pro" duration="00:00:00.0000034" startTime="2025-08-11T23:52:27.1833300-03:00" endTime="2025-08-11T23:52:27.1833590-03:00" testType="13cdc9d9-ddb5-4fa4-a97d-d965ccfc6d4b" outcome="Passed" testListId="8c84fa94-04c1-424b-9868-57a2d4851a1d" relativeResultsDirectory="2b0020f2-c095-4453-9d02-5511dd53aba6" />
    <UnitTestResult executionId="cbb6c5ca-7785-42e1-8d77-066f8c396f2c" testId="ffe5ae67-585b-dcc1-fc50-f491c1de9306" testName="FileContentRenamer.Tests.Services.DirectoryOrganizerAdditionalTests.OrganizeFileIntoDirectoryStructure_WithAllMonths_ShouldCreateCorrectStructure(dateStr: &quot;2023-12-31&quot;, expectedMonth: &quot;12_diciembre&quot;)" computerName="MacBook-Pro" duration="00:00:00.0008277" startTime="2025-08-11T23:52:26.8077840-03:00" endTime="2025-08-11T23:52:26.8084940-03:00" testType="13cdc9d9-ddb5-4fa4-a97d-d965ccfc6d4b" outcome="Passed" testListId="8c84fa94-04c1-424b-9868-57a2d4851a1d" relativeResultsDirectory="cbb6c5ca-7785-42e1-8d77-066f8c396f2c" />
    <UnitTestResult executionId="4a435e35-3e8c-41b5-9e36-58cb7f38b1b9" testId="d5f16d40-5e04-93b0-3cb8-1265d12968c2" testName="FileContentRenamer.Tests.Services.DateExtractorEnhancedTests.ExtractDateFromContent_WithSpanishMonthNames_ShouldExtractCorrectDate(content: &quot;28 de febrero de 2023&quot;, expected: &quot;2023-02-28&quot;)" computerName="MacBook-Pro" duration="00:00:00.0000031" startTime="2025-08-11T23:52:27.1821030-03:00" endTime="2025-08-11T23:52:27.1821280-03:00" testType="13cdc9d9-ddb5-4fa4-a97d-d965ccfc6d4b" outcome="Passed" testListId="8c84fa94-04c1-424b-9868-57a2d4851a1d" relativeResultsDirectory="4a435e35-3e8c-41b5-9e36-58cb7f38b1b9" />
    <UnitTestResult executionId="85485322-133f-4efc-b87d-808358a62790" testId="f705c669-0318-6f5e-e8e5-1b4eaa9f9880" testName="FileContentRenamer.Tests.Models.AppConfigTests.AppConfig_Properties_ShouldBeSettable" computerName="MacBook-Pro" duration="00:00:00.0081242" startTime="2025-08-11T23:52:27.0547730-03:00" endTime="2025-08-11T23:52:27.0615700-03:00" testType="13cdc9d9-ddb5-4fa4-a97d-d965ccfc6d4b" outcome="Passed" testListId="8c84fa94-04c1-424b-9868-57a2d4851a1d" relativeResultsDirectory="85485322-133f-4efc-b87d-808358a62790" />
    <UnitTestResult executionId="e971df48-7353-4736-b095-454f0df9882d" testId="c98d8a8b-c350-72b5-2be4-aa500796a5e0" testName="FileContentRenamer.Tests.Models.NamingRulesTests.GenerateFilename_WithMatchingRule_ShouldUseRuleValues" computerName="MacBook-Pro" duration="00:00:00.0012163" startTime="2025-08-11T23:52:27.0565870-03:00" endTime="2025-08-11T23:52:27.0587270-03:00" testType="13cdc9d9-ddb5-4fa4-a97d-d965ccfc6d4b" outcome="Passed" testListId="8c84fa94-04c1-424b-9868-57a2d4851a1d" relativeResultsDirectory="e971df48-7353-4736-b095-454f0df9882d" />
    <UnitTestResult executionId="72ffa29a-7875-4c78-afa0-5aeed8cda46c" testId="a8222741-473a-8061-b947-f4446415fedc" testName="FileContentRenamer.Tests.Services.FileValidatorTests.ValidateFileSize_WithNonExistentFile_ShouldNotThrow" computerName="MacBook-Pro" duration="00:00:00.0005316" startTime="2025-08-11T23:52:26.8680760-03:00" endTime="2025-08-11T23:52:26.8687260-03:00" testType="13cdc9d9-ddb5-4fa4-a97d-d965ccfc6d4b" outcome="Passed" testListId="8c84fa94-04c1-424b-9868-57a2d4851a1d" relativeResultsDirectory="72ffa29a-7875-4c78-afa0-5aeed8cda46c" />
    <UnitTestResult executionId="76d42aaf-4e75-46ce-bf78-9f48c65a177b" testId="5a50abd3-c508-1b87-194f-cbac6ded3d5c" testName="FileContentRenamer.Tests.Services.PdfProcessorTests.ExtractContentAsync_WithValidPdfFile_ShouldProcessPagesUpToLimit" computerName="MacBook-Pro" duration="00:00:00.2447480" startTime="2025-08-11T23:52:26.8386790-03:00" endTime="2025-08-11T23:52:26.9068550-03:00" testType="13cdc9d9-ddb5-4fa4-a97d-d965ccfc6d4b" outcome="Passed" testListId="8c84fa94-04c1-424b-9868-57a2d4851a1d" relativeResultsDirectory="76d42aaf-4e75-46ce-bf78-9f48c65a177b" />
    <UnitTestResult executionId="5cf3e0cb-feb2-4f5e-afd3-65c24c9348d5" testId="e2ab17d6-1636-8e4d-ad78-a6d89568282f" testName="FileContentRenamer.Tests.Services.FilenameGeneratorTests.CleanupFileName_WithVariousInputs_ShouldReturnCleanedName(input: &quot;file&lt;&gt;name&quot;, expected: &quot;file&lt;&gt;name&quot;)" computerName="MacBook-Pro" duration="00:00:00.0000064" startTime="2025-08-11T23:52:26.9025710-03:00" endTime="2025-08-11T23:52:26.9025960-03:00" testType="13cdc9d9-ddb5-4fa4-a97d-d965ccfc6d4b" outcome="Passed" testListId="8c84fa94-04c1-424b-9868-57a2d4851a1d" relativeResultsDirectory="5cf3e0cb-feb2-4f5e-afd3-65c24c9348d5" />
    <UnitTestResult executionId="84095e11-11fc-4186-93c9-d64fda47473a" testId="0877987f-a018-03de-71dc-2e8ff937b395" testName="FileContentRenamer.Tests.Services.DateExtractorTests.ExtractDateFromContent_WithVariousDueDateFormats_ShouldReturnCorrectDates(content: &quot;Vence: 31/12/2023&quot;, expected: &quot;2023-12-31&quot;)" computerName="MacBook-Pro" duration="00:00:00.0000626" startTime="2025-08-11T23:52:26.5367050-03:00" endTime="2025-08-11T23:52:26.5368240-03:00" testType="13cdc9d9-ddb5-4fa4-a97d-d965ccfc6d4b" outcome="Passed" testListId="8c84fa94-04c1-424b-9868-57a2d4851a1d" relativeResultsDirectory="84095e11-11fc-4186-93c9-d64fda47473a" />
    <UnitTestResult executionId="3b579fed-6801-4dae-b6d7-6b4330e516ae" testId="8145470e-d27c-0e7e-d1e5-ce2ccb84123e" testName="FileContentRenamer.Tests.Services.DateExtractorEnhancedTests.ExtractDateFromContent_WithEnglishMonthNames_ShouldExtractCorrectDate(content: &quot;August 12, 2024&quot;, expected: &quot;2024-08-12&quot;)" computerName="MacBook-Pro" duration="00:00:00.0002499" startTime="2025-08-11T23:52:27.2945670-03:00" endTime="2025-08-11T23:52:27.2945940-03:00" testType="13cdc9d9-ddb5-4fa4-a97d-d965ccfc6d4b" outcome="Failed" testListId="8c84fa94-04c1-424b-9868-57a2d4851a1d" relativeResultsDirectory="3b579fed-6801-4dae-b6d7-6b4330e516ae">
      <Output>
        <ErrorInfo>
          <Message>Expected result to be "2024-08-12" with a length of 10, but "" has a length of 0, differs near "" (index 0).</Message>
          <StackTrace>   at FluentAssertions.Execution.XUnit2TestFramework.Throw(String message)
   at FluentAssertions.Execution.TestFrameworkProvider.Throw(String message)
   at FluentAssertions.Execution.DefaultAssertionStrategy.HandleFailure(String message)
   at FluentAssertions.Execution.AssertionScope.FailWith(Func`1 failReasonFunc)
   at FluentAssertions.Execution.AssertionScope.FailWith(Func`1 failReasonFunc)
   at FluentAssertions.Primitives.StringEqualityValidator.ValidateAgainstLengthDifferences()
   at FluentAssertions.Primitives.StringValidator.Validate()
   at FluentAssertions.Primitives.StringAssertions`1.Be(String expected, String because, Object[] becauseArgs)
   at FileContentRenamer.Tests.Services.DateExtractorEnhancedTests.ExtractDateFromContent_WithEnglishMonthNames_ShouldExtractCorrectDate(String content, String expected) in /Users/santibraida/Workspace/comprobantes/FileContentRenamer.Tests/Services/DateExtractorEnhancedTests.cs:line 85
   at InvokeStub_DateExtractorEnhancedTests.ExtractDateFromContent_WithEnglishMonthNames_ShouldExtractCorrectDate(Object, Span`1)
   at System.Reflection.MethodBaseInvoker.InvokeWithFewArgs(Object obj, BindingFlags invokeAttr, Binder binder, Object[] parameters, CultureInfo culture)</StackTrace>
        </ErrorInfo>
      </Output>
    </UnitTestResult>
    <UnitTestResult executionId="7f250d3f-809c-45dc-838e-2d4b7cfcf508" testId="be38a0d7-e0e2-fccd-c5e6-b3a3fded648e" testName="FileContentRenamer.Tests.Models.NamingRuleTests.Matches_WithAllKeywordsPresent_ShouldReturnTrue" computerName="MacBook-Pro" duration="00:00:00.0000665" startTime="2025-08-11T23:52:27.1879060-03:00" endTime="2025-08-11T23:52:27.1879340-03:00" testType="13cdc9d9-ddb5-4fa4-a97d-d965ccfc6d4b" outcome="Passed" testListId="8c84fa94-04c1-424b-9868-57a2d4851a1d" relativeResultsDirectory="7f250d3f-809c-45dc-838e-2d4b7cfcf508" />
    <UnitTestResult executionId="16973f93-7cd7-4c60-a2eb-15c5840b25f5" testId="01a2041b-e2e4-e363-0b4d-3c74dc73e548" testName="FileContentRenamer.Tests.Services.FileValidatorTests.ValidateFileSize_WithNormalFile_ShouldNotThrow" computerName="MacBook-Pro" duration="00:00:00.0019295" startTime="2025-08-11T23:52:26.9061380-03:00" endTime="2025-08-11T23:52:26.9061830-03:00" testType="13cdc9d9-ddb5-4fa4-a97d-d965ccfc6d4b" outcome="Passed" testListId="8c84fa94-04c1-424b-9868-57a2d4851a1d" relativeResultsDirectory="16973f93-7cd7-4c60-a2eb-15c5840b25f5" />
    <UnitTestResult executionId="adfd2e7f-2fab-4d58-a3f6-c7327e2a32ba" testId="29616611-95a3-0b47-35cf-bb97447466ab" testName="FileContentRenamer.Tests.Services.DateExtractorEnhancedTests.ExtractDateFromContent_WithInvalidDates_ShouldReturnEmptyString(content: &quot;2023-00-15&quot;)" computerName="MacBook-Pro" duration="00:00:00.0002642" startTime="2025-08-11T23:52:27.3419400-03:00" endTime="2025-08-11T23:52:27.3423130-03:00" testType="13cdc9d9-ddb5-4fa4-a97d-d965ccfc6d4b" outcome="Failed" testListId="8c84fa94-04c1-424b-9868-57a2d4851a1d" relativeResultsDirectory="adfd2e7f-2fab-4d58-a3f6-c7327e2a32ba">
      <Output>
        <ErrorInfo>
          <Message>Expected result to be empty, but found "2023-00-15".</Message>
          <StackTrace>   at FluentAssertions.Execution.XUnit2TestFramework.Throw(String message)
   at FluentAssertions.Execution.TestFrameworkProvider.Throw(String message)
   at FluentAssertions.Execution.DefaultAssertionStrategy.HandleFailure(String message)
   at FluentAssertions.Execution.AssertionScope.FailWith(Func`1 failReasonFunc)
   at FluentAssertions.Execution.AssertionScope.FailWith(Func`1 failReasonFunc)
   at FluentAssertions.Execution.AssertionScope.FailWith(String message, Object[] args)
   at FluentAssertions.Primitives.StringAssertions`1.BeEmpty(String because, Object[] becauseArgs)
   at FileContentRenamer.Tests.Services.DateExtractorEnhancedTests.ExtractDateFromContent_WithInvalidDates_ShouldReturnEmptyString(String content) in /Users/santibraida/Workspace/comprobantes/FileContentRenamer.Tests/Services/DateExtractorEnhancedTests.cs:line 144
   at InvokeStub_DateExtractorEnhancedTests.ExtractDateFromContent_WithInvalidDates_ShouldReturnEmptyString(Object, Span`1)
   at System.Reflection.MethodBaseInvoker.InvokeWithOneArg(Object obj, BindingFlags invokeAttr, Binder binder, Object[] parameters, CultureInfo culture)</StackTrace>
        </ErrorInfo>
      </Output>
    </UnitTestResult>
    <UnitTestResult executionId="8a5b0029-6eeb-4c28-a54c-5e735ec38a0e" testId="9bb1b165-fd97-aa53-8141-e435492ae22a" testName="FileContentRenamer.Tests.Services.ImageProcessorTests.ExtractContentAsync_WithComplexLanguageConfig_ShouldHandleLanguageParsing" computerName="MacBook-Pro" duration="00:00:00.1172445" startTime="2025-08-11T23:52:28.8264480-03:00" endTime="2025-08-11T23:52:28.9257890-03:00" testType="13cdc9d9-ddb5-4fa4-a97d-d965ccfc6d4b" outcome="Passed" testListId="8c84fa94-04c1-424b-9868-57a2d4851a1d" relativeResultsDirectory="8a5b0029-6eeb-4c28-a54c-5e735ec38a0e" />
    <UnitTestResult executionId="5fdd4232-de2b-4698-9c16-ec1d886f08fc" testId="3a993a67-299c-3f87-5430-509e79a52fc2" testName="FileContentRenamer.Tests.Services.ImageProcessorTests.Constructor_WithNullTesseractDataPath_ShouldNotThrow" computerName="MacBook-Pro" duration="00:00:00.0531788" startTime="2025-08-11T23:52:29.0868210-03:00" endTime="2025-08-11T23:52:29.1224750-03:00" testType="13cdc9d9-ddb5-4fa4-a97d-d965ccfc6d4b" outcome="Passed" testListId="8c84fa94-04c1-424b-9868-57a2d4851a1d" relativeResultsDirectory="5fdd4232-de2b-4698-9c16-ec1d886f08fc" />
    <UnitTestResult executionId="6c1c97a6-f4df-4105-907d-44f3d591b4a3" testId="5203fca7-8d46-0785-3587-4e70c16ca73b" testName="FileContentRenamer.Tests.Services.PdfProcessorTests.ExtractContentAsync_WithInvalidPdfFile_ShouldReturnEmptyString" computerName="MacBook-Pro" duration="00:00:00.0691058" startTime="2025-08-11T23:52:27.2925430-03:00" endTime="2025-08-11T23:52:27.3399170-03:00" testType="13cdc9d9-ddb5-4fa4-a97d-d965ccfc6d4b" outcome="Passed" testListId="8c84fa94-04c1-424b-9868-57a2d4851a1d" relativeResultsDirectory="6c1c97a6-f4df-4105-907d-44f3d591b4a3" />
    <UnitTestResult executionId="37611078-025d-4e58-8bc9-4d58ba9d5d1c" testId="d60b51ff-35d6-643f-09d4-bd5f7bbab23c" testName="FileContentRenamer.Tests.Services.TextProcessorTests.CanProcess_WithNonTxtExtension_ShouldReturnFalse(filename: &quot;test.jpg&quot;)" computerName="MacBook-Pro" duration="00:00:00.0003044" startTime="2025-08-11T23:52:26.8406430-03:00" endTime="2025-08-11T23:52:26.8406860-03:00" testType="13cdc9d9-ddb5-4fa4-a97d-d965ccfc6d4b" outcome="Passed" testListId="8c84fa94-04c1-424b-9868-57a2d4851a1d" relativeResultsDirectory="37611078-025d-4e58-8bc9-4d58ba9d5d1c" />
    <UnitTestResult executionId="906ce62b-dc07-4c34-827d-20cd0345b0eb" testId="f0b07320-4d8e-00cc-a232-a17246b4be02" testName="FileContentRenamer.Tests.Services.FileServiceTests.ProcessFilesAsync_WithValidFiles_ShouldProcessFiles" computerName="MacBook-Pro" duration="00:00:00.0307093" startTime="2025-08-11T23:52:26.8999040-03:00" endTime="2025-08-11T23:52:26.9821880-03:00" testType="13cdc9d9-ddb5-4fa4-a97d-d965ccfc6d4b" outcome="Passed" testListId="8c84fa94-04c1-424b-9868-57a2d4851a1d" relativeResultsDirectory="906ce62b-dc07-4c34-827d-20cd0345b0eb" />
    <UnitTestResult executionId="3766ddfd-1c0c-4faa-8970-ff8457ac0dbc" testId="17db1533-ea00-4a92-f7d5-0514620e23ba" testName="FileContentRenamer.Tests.Services.DateExtractorEnhancedTests.ExtractDateFromContent_WithInvalidDates_ShouldReturnEmptyString(content: &quot;2023-01-32&quot;)" computerName="MacBook-Pro" duration="00:00:00.0005838" startTime="2025-08-11T23:52:27.3390280-03:00" endTime="2025-08-11T23:52:27.3390580-03:00" testType="13cdc9d9-ddb5-4fa4-a97d-d965ccfc6d4b" outcome="Failed" testListId="8c84fa94-04c1-424b-9868-57a2d4851a1d" relativeResultsDirectory="3766ddfd-1c0c-4faa-8970-ff8457ac0dbc">
      <Output>
        <ErrorInfo>
          <Message>Expected result to be empty, but found "2023-01-32".</Message>
          <StackTrace>   at FluentAssertions.Execution.XUnit2TestFramework.Throw(String message)
   at FluentAssertions.Execution.TestFrameworkProvider.Throw(String message)
   at FluentAssertions.Execution.DefaultAssertionStrategy.HandleFailure(String message)
   at FluentAssertions.Execution.AssertionScope.FailWith(Func`1 failReasonFunc)
   at FluentAssertions.Execution.AssertionScope.FailWith(Func`1 failReasonFunc)
   at FluentAssertions.Execution.AssertionScope.FailWith(String message, Object[] args)
   at FluentAssertions.Primitives.StringAssertions`1.BeEmpty(String because, Object[] becauseArgs)
   at FileContentRenamer.Tests.Services.DateExtractorEnhancedTests.ExtractDateFromContent_WithInvalidDates_ShouldReturnEmptyString(String content) in /Users/santibraida/Workspace/comprobantes/FileContentRenamer.Tests/Services/DateExtractorEnhancedTests.cs:line 144
   at InvokeStub_DateExtractorEnhancedTests.ExtractDateFromContent_WithInvalidDates_ShouldReturnEmptyString(Object, Span`1)
   at System.Reflection.MethodBaseInvoker.InvokeWithOneArg(Object obj, BindingFlags invokeAttr, Binder binder, Object[] parameters, CultureInfo culture)</StackTrace>
        </ErrorInfo>
      </Output>
    </UnitTestResult>
    <UnitTestResult executionId="6c4e90f6-3078-4fe5-a44c-607d45e6a8f8" testId="730c03ae-3d59-370f-6166-c801ea6b544e" testName="FileContentRenamer.Tests.Services.FilenameGeneratorTests.GenerateUniqueFilename_WithNonExistingFile_ShouldReturnOriginalPath" computerName="MacBook-Pro" duration="00:00:00.0001110" startTime="2025-08-11T23:52:27.1885250-03:00" endTime="2025-08-11T23:52:27.1888440-03:00" testType="13cdc9d9-ddb5-4fa4-a97d-d965ccfc6d4b" outcome="Passed" testListId="8c84fa94-04c1-424b-9868-57a2d4851a1d" relativeResultsDirectory="6c4e90f6-3078-4fe5-a44c-607d45e6a8f8" />
    <UnitTestResult executionId="fac1e675-a51d-4eb1-aa19-d41b4573e833" testId="1a12a91e-b03d-45d3-fd2d-061c9630072a" testName="FileContentRenamer.Tests.Services.FilenameGeneratorTests.GenerateUniqueFilename_ThreadSafety_ShouldHandleConcurrentCalls" computerName="MacBook-Pro" duration="00:00:00.0263308" startTime="2025-08-11T23:52:26.9798870-03:00" endTime="2025-08-11T23:52:27.0635020-03:00" testType="13cdc9d9-ddb5-4fa4-a97d-d965ccfc6d4b" outcome="Failed" testListId="8c84fa94-04c1-424b-9868-57a2d4851a1d" relativeResultsDirectory="fac1e675-a51d-4eb1-aa19-d41b4573e833">
      <Output>
        <ErrorInfo>
          <Message>Expected resultList to only have unique items, but item "/var/folders/x1/bt0l1hlj3xxfgmlll69gmfr40000gn/T/ff9983e7-5dbd-484e-b6f4-a6ab81d36a13/concurrent_test_2.txt" is not unique.</Message>
          <StackTrace>   at FluentAssertions.Execution.XUnit2TestFramework.Throw(String message)
   at FluentAssertions.Execution.TestFrameworkProvider.Throw(String message)
   at FluentAssertions.Execution.DefaultAssertionStrategy.HandleFailure(String message)
   at FluentAssertions.Execution.AssertionScope.FailWith(Func`1 failReasonFunc)
   at FluentAssertions.Execution.AssertionScope.FailWith(Func`1 failReasonFunc)
   at FluentAssertions.Execution.AssertionScope.FailWith(String message, Object[] args)
   at FluentAssertions.Collections.GenericCollectionAssertions`3.OnlyHaveUniqueItems(String because, Object[] becauseArgs)
   at FileContentRenamer.Tests.Services.FilenameGeneratorTests.GenerateUniqueFilename_ThreadSafety_ShouldHandleConcurrentCalls() in /Users/santibraida/Workspace/comprobantes/FileContentRenamer.Tests/Services/FilenameGeneratorTests.cs:line 285
--- End of stack trace from previous location ---</StackTrace>
        </ErrorInfo>
      </Output>
    </UnitTestResult>
    <UnitTestResult executionId="279132f3-4304-470e-a51e-a3b00042a667" testId="835b5f72-34a7-c88c-6027-4d56e708972c" testName="FileContentRenamer.Tests.Services.DateExtractorAdditionalTests.ExtractDateFromContent_WithVariousFormats_ShouldReturnCorrectDate(content: &quot;32/12/2023&quot;, expected: &quot;&quot;)" computerName="MacBook-Pro" duration="00:00:00.0013792" startTime="2025-08-11T23:52:27.2617010-03:00" endTime="2025-08-11T23:52:27.2908240-03:00" testType="13cdc9d9-ddb5-4fa4-a97d-d965ccfc6d4b" outcome="Failed" testListId="8c84fa94-04c1-424b-9868-57a2d4851a1d" relativeResultsDirectory="279132f3-4304-470e-a51e-a3b00042a667">
      <Output>
        <ErrorInfo>
          <Message>Expected result to be "" with a length of 0, but "2023-12-32" has a length of 10, differs near "202" (index 0).</Message>
          <StackTrace>   at FluentAssertions.Execution.XUnit2TestFramework.Throw(String message)
   at FluentAssertions.Execution.TestFrameworkProvider.Throw(String message)
   at FluentAssertions.Execution.DefaultAssertionStrategy.HandleFailure(String message)
   at FluentAssertions.Execution.AssertionScope.FailWith(Func`1 failReasonFunc)
   at FluentAssertions.Execution.AssertionScope.FailWith(Func`1 failReasonFunc)
   at FluentAssertions.Primitives.StringEqualityValidator.ValidateAgainstLengthDifferences()
   at FluentAssertions.Primitives.StringValidator.Validate()
   at FluentAssertions.Primitives.StringAssertions`1.Be(String expected, String because, Object[] becauseArgs)
   at FileContentRenamer.Tests.Services.DateExtractorAdditionalTests.ExtractDateFromContent_WithVariousFormats_ShouldReturnCorrectDate(String content, String expected) in /Users/santibraida/Workspace/comprobantes/FileContentRenamer.Tests/Services/DateExtractorAdditionalTests.cs:line 33
   at InvokeStub_DateExtractorAdditionalTests.ExtractDateFromContent_WithVariousFormats_ShouldReturnCorrectDate(Object, Span`1)
   at System.Reflection.MethodBaseInvoker.InvokeWithFewArgs(Object obj, BindingFlags invokeAttr, Binder binder, Object[] parameters, CultureInfo culture)</StackTrace>
        </ErrorInfo>
      </Output>
    </UnitTestResult>
    <UnitTestResult executionId="3b0eec03-05e6-4d5e-91f0-594d47c20c99" testId="80bc6a5a-eb03-5068-fdbc-47b2721cfaa4" testName="FileContentRenamer.Tests.Services.ImageProcessorTests.CanProcess_WithImageExtensionsDifferentCasing_ShouldReturnTrue(extension: &quot;.JPG&quot;)" computerName="MacBook-Pro" duration="00:00:00.3977731" startTime="2025-08-11T23:52:27.4934010-03:00" endTime="2025-08-11T23:52:27.7425910-03:00" testType="13cdc9d9-ddb5-4fa4-a97d-d965ccfc6d4b" outcome="Passed" testListId="8c84fa94-04c1-424b-9868-57a2d4851a1d" relativeResultsDirectory="3b0eec03-05e6-4d5e-91f0-594d47c20c99" />
    <UnitTestResult executionId="2d4d8e45-b721-4b6f-8345-3e92c1bb61d9" testId="e9d58bbf-c31d-21f6-a4c5-a402c7501bde" testName="FileContentRenamer.Tests.Services.DateExtractorEnhancedTests.ExtractDateFromContent_WithSpanishMonthNames_ShouldExtractCorrectDate(content: &quot;08 de noviembre de 2024&quot;, expected: &quot;2024-11-08&quot;)" computerName="MacBook-Pro" duration="00:00:00.0000483" startTime="2025-08-11T23:52:27.1806130-03:00" endTime="2025-08-11T23:52:27.1808240-03:00" testType="13cdc9d9-ddb5-4fa4-a97d-d965ccfc6d4b" outcome="Passed" testListId="8c84fa94-04c1-424b-9868-57a2d4851a1d" relativeResultsDirectory="2d4d8e45-b721-4b6f-8345-3e92c1bb61d9" />
    <UnitTestResult executionId="c5d9418f-0cb5-4af7-ac44-902e606548c1" testId="cf2ff463-604f-4bdf-13f9-b9c49d510424" testName="FileContentRenamer.Tests.Services.FileValidatorTests.ValidateConfiguration_WithNonExistentBasePath_ShouldReturnFalse" computerName="MacBook-Pro" duration="00:00:00.0006642" startTime="2025-08-11T23:52:26.8669900-03:00" endTime="2025-08-11T23:52:26.8670390-03:00" testType="13cdc9d9-ddb5-4fa4-a97d-d965ccfc6d4b" outcome="Passed" testListId="8c84fa94-04c1-424b-9868-57a2d4851a1d" relativeResultsDirectory="c5d9418f-0cb5-4af7-ac44-902e606548c1" />
    <UnitTestResult executionId="18c2aa64-376a-4cf0-8251-6085e3f18e1d" testId="824839a8-20c1-e236-c120-b27a5f944d83" testName="FileContentRenamer.Tests.Services.DirectoryOrganizerTests.GetMonthName_WithValidMonth_ShouldReturnSpanishName(monthNumber: 7, expected: &quot;julio&quot;)" computerName="MacBook-Pro" duration="00:00:00.0000906" startTime="2025-08-11T23:52:26.7976540-03:00" endTime="2025-08-11T23:52:26.7977110-03:00" testType="13cdc9d9-ddb5-4fa4-a97d-d965ccfc6d4b" outcome="Passed" testListId="8c84fa94-04c1-424b-9868-57a2d4851a1d" relativeResultsDirectory="18c2aa64-376a-4cf0-8251-6085e3f18e1d" />
    <UnitTestResult executionId="19bfbbdb-7ac5-4d2c-9be7-aa2a2061c5a2" testId="999b4cf4-0fb5-ec67-530a-d59638da1c9d" testName="FileContentRenamer.Tests.Services.DateExtractorTests.ExtractDateFromContent_WithInvalidSpanishMonth_ShouldFallbackToOtherFormats" computerName="MacBook-Pro" duration="00:00:00.0001440" startTime="2025-08-11T23:52:26.6644300-03:00" endTime="2025-08-11T23:52:26.6644760-03:00" testType="13cdc9d9-ddb5-4fa4-a97d-d965ccfc6d4b" outcome="Passed" testListId="8c84fa94-04c1-424b-9868-57a2d4851a1d" relativeResultsDirectory="19bfbbdb-7ac5-4d2c-9be7-aa2a2061c5a2" />
    <UnitTestResult executionId="c79ea52d-2b40-4054-896a-47fb02c0f360" testId="f7704aaa-e660-9ea3-e9fc-e4f0ba02380e" testName="FileContentRenamer.Tests.Services.FileValidatorTests.ShouldProcessFile_WithMixedCaseExtension_ShouldReturnTrue" computerName="MacBook-Pro" duration="00:00:00.0007071" startTime="2025-08-11T23:52:26.8673360-03:00" endTime="2025-08-11T23:52:26.8673910-03:00" testType="13cdc9d9-ddb5-4fa4-a97d-d965ccfc6d4b" outcome="Passed" testListId="8c84fa94-04c1-424b-9868-57a2d4851a1d" relativeResultsDirectory="c79ea52d-2b40-4054-896a-47fb02c0f360" />
    <UnitTestResult executionId="f36f628e-5661-4ab4-90c5-c81c9a563d40" testId="a6c25b56-b57f-3f67-b38d-a26d924007e0" testName="FileContentRenamer.Tests.Models.AppConfigTests.SaveLastUsedPath_WithEmptyPath_ShouldReturnEarly" computerName="MacBook-Pro" duration="00:00:00.0001942" startTime="2025-08-11T23:52:27.8244600-03:00" endTime="2025-08-11T23:52:27.8245460-03:00" testType="13cdc9d9-ddb5-4fa4-a97d-d965ccfc6d4b" outcome="Passed" testListId="8c84fa94-04c1-424b-9868-57a2d4851a1d" relativeResultsDirectory="f36f628e-5661-4ab4-90c5-c81c9a563d40" />
    <UnitTestResult executionId="48b211c1-6cc6-40ee-86fe-81a0e2e793be" testId="ee802fc6-9af0-1284-c4b7-a8377911ec00" testName="FileContentRenamer.Tests.Services.TextProcessorTests.CanProcess_WithNonTxtExtension_ShouldReturnFalse(filename: &quot;test&quot;)" computerName="MacBook-Pro" duration="00:00:00.0001058" startTime="2025-08-11T23:52:26.8409560-03:00" endTime="2025-08-11T23:52:26.8409970-03:00" testType="13cdc9d9-ddb5-4fa4-a97d-d965ccfc6d4b" outcome="Passed" testListId="8c84fa94-04c1-424b-9868-57a2d4851a1d" relativeResultsDirectory="48b211c1-6cc6-40ee-86fe-81a0e2e793be" />
    <UnitTestResult executionId="c17fdf12-4417-4515-b737-6c1032dfeb72" testId="f567e5a6-a665-67c2-8449-b66348dc3570" testName="FileContentRenamer.Tests.Services.DirectoryOrganizerTests.OrganizeFileIntoDirectoryStructure_WithMultipleDuplicates_ShouldCreateUniqueFilename" computerName="MacBook-Pro" duration="00:00:00.0020451" startTime="2025-08-11T23:52:26.8068920-03:00" endTime="2025-08-11T23:52:26.8093520-03:00" testType="13cdc9d9-ddb5-4fa4-a97d-d965ccfc6d4b" outcome="Passed" testListId="8c84fa94-04c1-424b-9868-57a2d4851a1d" relativeResultsDirectory="c17fdf12-4417-4515-b737-6c1032dfeb72" />
    <UnitTestResult executionId="4d92fe0c-8b46-4844-b655-951cb3508cf8" testId="676f3c6c-0dc6-c09d-c183-6e86f532e720" testName="FileContentRenamer.Tests.Services.ImageProcessorTests.CanProcess_WithVariousCases_ShouldReturnCorrectResult(extension: &quot;.tiff&quot;)" computerName="MacBook-Pro" duration="00:00:00.0282575" startTime="2025-08-11T23:52:28.5328260-03:00" endTime="2025-08-11T23:52:28.5431830-03:00" testType="13cdc9d9-ddb5-4fa4-a97d-d965ccfc6d4b" outcome="Passed" testListId="8c84fa94-04c1-424b-9868-57a2d4851a1d" relativeResultsDirectory="4d92fe0c-8b46-4844-b655-951cb3508cf8" />
    <UnitTestResult executionId="20c258af-ee4f-4106-9708-b2104803bd54" testId="19f9e186-a4aa-4850-0176-aa961f311415" testName="FileContentRenamer.Tests.Services.DirectoryOrganizerTests.OrganizeFileIntoDirectoryStructure_WithInvalidDate_ShouldReturnOriginalPath" computerName="MacBook-Pro" duration="00:00:00.0004452" startTime="2025-08-11T23:52:26.8065410-03:00" endTime="2025-08-11T23:52:26.8065860-03:00" testType="13cdc9d9-ddb5-4fa4-a97d-d965ccfc6d4b" outcome="Passed" testListId="8c84fa94-04c1-424b-9868-57a2d4851a1d" relativeResultsDirectory="20c258af-ee4f-4106-9708-b2104803bd54" />
    <UnitTestResult executionId="da492eca-cf9b-4c08-ada8-f30d13f088ba" testId="eff1fee9-aafb-67b9-c268-648d008d92e6" testName="FileContentRenamer.Tests.Services.FilenameGeneratorTests.GenerateFilename_WithNullDate_ShouldUseCurrentDate" computerName="MacBook-Pro" duration="00:00:00.0020171" startTime="2025-08-11T23:52:26.9077640-03:00" endTime="2025-08-11T23:52:26.9789830-03:00" testType="13cdc9d9-ddb5-4fa4-a97d-d965ccfc6d4b" outcome="Passed" testListId="8c84fa94-04c1-424b-9868-57a2d4851a1d" relativeResultsDirectory="da492eca-cf9b-4c08-ada8-f30d13f088ba" />
    <UnitTestResult executionId="c7d7e4c0-1e6d-4a77-aa52-60e63c760066" testId="e6f8099a-7c83-15b0-1a09-13322c0e5611" testName="FileContentRenamer.Tests.Models.AppConfigTests.LoadFromConfiguration_WithMissingConfigFile_ShouldThrowException" computerName="MacBook-Pro" duration="00:00:00.2766299" startTime="2025-08-11T23:52:26.8383450-03:00" endTime="2025-08-11T23:52:27.0360720-03:00" testType="13cdc9d9-ddb5-4fa4-a97d-d965ccfc6d4b" outcome="Failed" testListId="8c84fa94-04c1-424b-9868-57a2d4851a1d" relativeResultsDirectory="c7d7e4c0-1e6d-4a77-aa52-60e63c760066">
      <Output>
        <ErrorInfo>
          <Message>Expected a &lt;System.IO.FileNotFoundException&gt; to be thrown, but no exception was thrown.</Message>
          <StackTrace>   at FluentAssertions.Execution.XUnit2TestFramework.Throw(String message)
   at FluentAssertions.Execution.TestFrameworkProvider.Throw(String message)
   at FluentAssertions.Execution.DefaultAssertionStrategy.HandleFailure(String message)
   at FluentAssertions.Execution.AssertionScope.FailWith(Func`1 failReasonFunc)
   at FluentAssertions.Execution.AssertionScope.FailWith(Func`1 failReasonFunc)
   at FluentAssertions.Execution.AssertionScope.FailWith(String message)
   at FluentAssertions.Specialized.DelegateAssertionsBase`2.ThrowInternal[TException](Exception exception, String because, Object[] becauseArgs)
   at FluentAssertions.Specialized.DelegateAssertions`2.Throw[TException](String because, Object[] becauseArgs)
   at FileContentRenamer.Tests.Models.AppConfigTests.LoadFromConfiguration_WithMissingConfigFile_ShouldThrowException() in /Users/santibraida/Workspace/comprobantes/FileContentRenamer.Tests/Models/AppConfigTests.cs:line 116
   at System.RuntimeMethodHandle.InvokeMethod(Object target, Void** arguments, Signature sig, Boolean isConstructor)
   at System.Reflection.MethodBaseInvoker.InvokeWithNoArgs(Object obj, BindingFlags invokeAttr)</StackTrace>
        </ErrorInfo>
      </Output>
    </UnitTestResult>
    <UnitTestResult executionId="9b18e182-5b8a-46e6-bd18-83d5875144a8" testId="1ae426c8-73f8-48b1-c4fd-f2736013951b" testName="FileContentRenamer.Tests.Services.TextProcessorTests.ExtractContentAsync_WithNonExistentFile_ShouldReturnEmptyString" computerName="MacBook-Pro" duration="00:00:00.0013425" startTime="2025-08-11T23:52:26.8074370-03:00" endTime="2025-08-11T23:52:26.8081710-03:00" testType="13cdc9d9-ddb5-4fa4-a97d-d965ccfc6d4b" outcome="Passed" testListId="8c84fa94-04c1-424b-9868-57a2d4851a1d" relativeResultsDirectory="9b18e182-5b8a-46e6-bd18-83d5875144a8" />
    <UnitTestResult executionId="eb016f46-c7e0-4db9-be35-e41aac77a21f" testId="ab791beb-155a-2340-25c5-938aea845fff" testName="FileContentRenamer.Tests.Services.TextProcessorTests.ExtractContentAsync_WithSpecialCharacters_ShouldReturnContent" computerName="MacBook-Pro" duration="00:00:00.0080988" startTime="2025-08-11T23:52:26.8393460-03:00" endTime="2025-08-11T23:52:26.8393950-03:00" testType="13cdc9d9-ddb5-4fa4-a97d-d965ccfc6d4b" outcome="Passed" testListId="8c84fa94-04c1-424b-9868-57a2d4851a1d" relativeResultsDirectory="eb016f46-c7e0-4db9-be35-e41aac77a21f" />
    <UnitTestResult executionId="1c7905ef-ae4d-4965-9837-16f21c67519a" testId="d406e03e-ed03-b142-d7d1-88f454f977cb" testName="FileContentRenamer.Tests.Services.ImageProcessorTests.CanProcess_WithNonImageExtension_ShouldReturnFalse(extension: &quot;test&quot;)" computerName="MacBook-Pro" duration="00:00:00.0321997" startTime="2025-08-11T23:52:26.8711590-03:00" endTime="2025-08-11T23:52:26.9802780-03:00" testType="13cdc9d9-ddb5-4fa4-a97d-d965ccfc6d4b" outcome="Passed" testListId="8c84fa94-04c1-424b-9868-57a2d4851a1d" relativeResultsDirectory="1c7905ef-ae4d-4965-9837-16f21c67519a" />
    <UnitTestResult executionId="1750afad-cdd0-4885-91ea-fb0a2d846061" testId="b03481c9-a037-f1b2-2c67-0334afa09a62" testName="FileContentRenamer.Tests.Services.ImageProcessorTests.ExtractContentAsync_WithNonExistentTessdataPath_ShouldReturnEmpty" computerName="MacBook-Pro" duration="00:00:00.2442436" startTime="2025-08-11T23:52:26.8155350-03:00" endTime="2025-08-11T23:52:26.8705080-03:00" testType="13cdc9d9-ddb5-4fa4-a97d-d965ccfc6d4b" outcome="Passed" testListId="8c84fa94-04c1-424b-9868-57a2d4851a1d" relativeResultsDirectory="1750afad-cdd0-4885-91ea-fb0a2d846061" />
    <UnitTestResult executionId="8d489af6-a387-494c-be77-85f111067c40" testId="08a52aeb-79ca-913a-5dc9-ebd6568dcfe7" testName="FileContentRenamer.Tests.Services.ImageProcessorTests.Constructor_WithNewTesseractDataPath_ShouldCreateDirectory" computerName="MacBook-Pro" duration="00:00:00.0518360" startTime="2025-08-11T23:52:28.6696210-03:00" endTime="2025-08-11T23:52:28.7038080-03:00" testType="13cdc9d9-ddb5-4fa4-a97d-d965ccfc6d4b" outcome="Passed" testListId="8c84fa94-04c1-424b-9868-57a2d4851a1d" relativeResultsDirectory="8d489af6-a387-494c-be77-85f111067c40" />
    <UnitTestResult executionId="7f0dc550-831d-437f-94ae-e187fe9bf2d8" testId="a86e36e4-e94e-5f42-8494-d796a058bcf2" testName="FileContentRenamer.Tests.Services.DirectoryOrganizerTests.IsInYearMonthStructure_WithInvalidStructure_ShouldReturnFalse(folderName: &quot;2024_not_year&quot;)" computerName="MacBook-Pro" duration="00:00:00.0003501" startTime="2025-08-11T23:52:26.8016850-03:00" endTime="2025-08-11T23:52:26.8020400-03:00" testType="13cdc9d9-ddb5-4fa4-a97d-d965ccfc6d4b" outcome="Passed" testListId="8c84fa94-04c1-424b-9868-57a2d4851a1d" relativeResultsDirectory="7f0dc550-831d-437f-94ae-e187fe9bf2d8" />
    <UnitTestResult executionId="24301ed1-6a35-4cd4-9417-e3ca05859b18" testId="c14045dd-f91b-3e98-d221-a8a83ca7b93f" testName="FileContentRenamer.Tests.Services.FileServiceTests.ProcessFilesAsync_WithParallelProcessing_ShouldProcessMultipleFiles" computerName="MacBook-Pro" duration="00:00:00.4198427" startTime="2025-08-11T23:52:26.4838070-03:00" endTime="2025-08-11T23:52:26.8746180-03:00" testType="13cdc9d9-ddb5-4fa4-a97d-d965ccfc6d4b" outcome="Passed" testListId="8c84fa94-04c1-424b-9868-57a2d4851a1d" relativeResultsDirectory="24301ed1-6a35-4cd4-9417-e3ca05859b18" />
    <UnitTestResult executionId="1e5ad83c-d7d6-49de-8a8e-890f61c905eb" testId="2df2278f-2596-2f16-dbea-2fed2d64436a" testName="FileContentRenamer.Tests.Models.AppConfigTests.LoadFromConfiguration_WithValidConfigFile_ShouldLoadCorrectly" computerName="MacBook-Pro" duration="00:00:00.0767441" startTime="2025-08-11T23:52:27.3422930-03:00" endTime="2025-08-11T23:52:27.3694300-03:00" testType="13cdc9d9-ddb5-4fa4-a97d-d965ccfc6d4b" outcome="Failed" testListId="8c84fa94-04c1-424b-9868-57a2d4851a1d" relativeResultsDirectory="1e5ad83c-d7d6-49de-8a8e-890f61c905eb">
      <Output>
        <ErrorInfo>
          <Message>Expected result.LastUsedPath to be "/var/folders/x1/bt0l1hlj3xxfgmlll69gmfr40000gn/T/8640c7ae-79dd-4468-9bd6-ca8c89b66d89" with a length of 85, but "" has a length of 0, differs near "" (index 0).</Message>
          <StackTrace>   at FluentAssertions.Execution.XUnit2TestFramework.Throw(String message)
   at FluentAssertions.Execution.TestFrameworkProvider.Throw(String message)
   at FluentAssertions.Execution.DefaultAssertionStrategy.HandleFailure(String message)
   at FluentAssertions.Execution.AssertionScope.FailWith(Func`1 failReasonFunc)
   at FluentAssertions.Execution.AssertionScope.FailWith(Func`1 failReasonFunc)
   at FluentAssertions.Primitives.StringEqualityValidator.ValidateAgainstLengthDifferences()
   at FluentAssertions.Primitives.StringValidator.Validate()
   at FluentAssertions.Primitives.StringAssertions`1.Be(String expected, String because, Object[] becauseArgs)
   at FileContentRenamer.Tests.Models.AppConfigTests.LoadFromConfiguration_WithValidConfigFile_ShouldLoadCorrectly() in /Users/santibraida/Workspace/comprobantes/FileContentRenamer.Tests/Models/AppConfigTests.cs:line 94
   at System.RuntimeMethodHandle.InvokeMethod(Object target, Void** arguments, Signature sig, Boolean isConstructor)
   at System.Reflection.MethodBaseInvoker.InvokeWithNoArgs(Object obj, BindingFlags invokeAttr)</StackTrace>
        </ErrorInfo>
      </Output>
    </UnitTestResult>
    <UnitTestResult executionId="4af46d6e-75bf-4857-a8bd-ff78c91a9525" testId="5427cc3b-bb61-15d0-6750-2643c69cfab7" testName="FileContentRenamer.Tests.Models.AppConfigTests.Constructor_ShouldSetDefaultValues" computerName="MacBook-Pro" duration="00:00:00.0003187" startTime="2025-08-11T23:52:27.2593280-03:00" endTime="2025-08-11T23:52:27.2599460-03:00" testType="13cdc9d9-ddb5-4fa4-a97d-d965ccfc6d4b" outcome="Passed" testListId="8c84fa94-04c1-424b-9868-57a2d4851a1d" relativeResultsDirectory="4af46d6e-75bf-4857-a8bd-ff78c91a9525" />
    <UnitTestResult executionId="c3b240f0-d482-4705-89a9-31c4df8fdf44" testId="30667a3d-da81-f223-5d62-6b3c054e0a23" testName="FileContentRenamer.Tests.Services.PdfProcessorTests.CanProcess_WithPdfExtensionDifferentCasing_ShouldReturnTrue(filename: &quot;test.pDf&quot;)" computerName="MacBook-Pro" duration="00:00:00.0001015" startTime="2025-08-11T23:52:26.9772890-03:00" endTime="2025-08-11T23:52:26.9786620-03:00" testType="13cdc9d9-ddb5-4fa4-a97d-d965ccfc6d4b" outcome="Passed" testListId="8c84fa94-04c1-424b-9868-57a2d4851a1d" relativeResultsDirectory="c3b240f0-d482-4705-89a9-31c4df8fdf44" />
    <UnitTestResult executionId="df99c2b5-6db7-485a-97a2-a1d62ed28141" testId="f34e5d47-a5d2-8da3-32e4-177f4d4ebbd4" testName="FileContentRenamer.Tests.Services.DateExtractorEnhancedTests.ExtractDateFromContent_WithEnglishMonthNames_ShouldExtractCorrectDate(content: &quot;June 05, 2024&quot;, expected: &quot;2024-06-05&quot;)" computerName="MacBook-Pro" duration="00:00:00.0002181" startTime="2025-08-11T23:52:27.2950780-03:00" endTime="2025-08-11T23:52:27.2951060-03:00" testType="13cdc9d9-ddb5-4fa4-a97d-d965ccfc6d4b" outcome="Failed" testListId="8c84fa94-04c1-424b-9868-57a2d4851a1d" relativeResultsDirectory="df99c2b5-6db7-485a-97a2-a1d62ed28141">
      <Output>
        <ErrorInfo>
          <Message>Expected result to be "2024-06-05" with a length of 10, but "" has a length of 0, differs near "" (index 0).</Message>
          <StackTrace>   at FluentAssertions.Execution.XUnit2TestFramework.Throw(String message)
   at FluentAssertions.Execution.TestFrameworkProvider.Throw(String message)
   at FluentAssertions.Execution.DefaultAssertionStrategy.HandleFailure(String message)
   at FluentAssertions.Execution.AssertionScope.FailWith(Func`1 failReasonFunc)
   at FluentAssertions.Execution.AssertionScope.FailWith(Func`1 failReasonFunc)
   at FluentAssertions.Primitives.StringEqualityValidator.ValidateAgainstLengthDifferences()
   at FluentAssertions.Primitives.StringValidator.Validate()
   at FluentAssertions.Primitives.StringAssertions`1.Be(String expected, String because, Object[] becauseArgs)
   at FileContentRenamer.Tests.Services.DateExtractorEnhancedTests.ExtractDateFromContent_WithEnglishMonthNames_ShouldExtractCorrectDate(String content, String expected) in /Users/santibraida/Workspace/comprobantes/FileContentRenamer.Tests/Services/DateExtractorEnhancedTests.cs:line 85
   at InvokeStub_DateExtractorEnhancedTests.ExtractDateFromContent_WithEnglishMonthNames_ShouldExtractCorrectDate(Object, Span`1)
   at System.Reflection.MethodBaseInvoker.InvokeWithFewArgs(Object obj, BindingFlags invokeAttr, Binder binder, Object[] parameters, CultureInfo culture)</StackTrace>
        </ErrorInfo>
      </Output>
    </UnitTestResult>
    <UnitTestResult executionId="7ee2ceb4-4040-4e72-bd9a-3e97ec0b8261" testId="55667650-7485-4ca3-fd19-23d2a7a126c7" testName="FileContentRenamer.Tests.Models.NamingRulesTests.GenerateFilename_WithMinimalGenericContent_ShouldUseOriginalDate" computerName="MacBook-Pro" duration="00:00:00.0000979" startTime="2025-08-11T23:52:27.0629840-03:00" endTime="2025-08-11T23:52:27.0638600-03:00" testType="13cdc9d9-ddb5-4fa4-a97d-d965ccfc6d4b" outcome="Passed" testListId="8c84fa94-04c1-424b-9868-57a2d4851a1d" relativeResultsDirectory="7ee2ceb4-4040-4e72-bd9a-3e97ec0b8261" />
    <UnitTestResult executionId="ae678f8b-85f3-46c1-a335-d346554cdb22" testId="e8cf8bc3-bef0-2e30-44c8-004b4f2caf38" testName="FileContentRenamer.Tests.Services.DateExtractorEnhancedTests.ExtractDateFromContent_WithSlashDateFormats_ShouldExtractCorrectDate(content: &quot;FECHA: 2023/06/30&quot;, expected: &quot;2023-06-30&quot;)" computerName="MacBook-Pro" duration="00:00:00.0010556" startTime="2025-08-11T23:52:27.0572160-03:00" endTime="2025-08-11T23:52:27.0579030-03:00" testType="13cdc9d9-ddb5-4fa4-a97d-d965ccfc6d4b" outcome="Failed" testListId="8c84fa94-04c1-424b-9868-57a2d4851a1d" relativeResultsDirectory="ae678f8b-85f3-46c1-a335-d346554cdb22">
      <Output>
        <ErrorInfo>
          <Message>Expected result to be "2023-06-30" with a length of 10, but "" has a length of 0, differs near "" (index 0).</Message>
          <StackTrace>   at FluentAssertions.Execution.XUnit2TestFramework.Throw(String message)
   at FluentAssertions.Execution.TestFrameworkProvider.Throw(String message)
   at FluentAssertions.Execution.DefaultAssertionStrategy.HandleFailure(String message)
   at FluentAssertions.Execution.AssertionScope.FailWith(Func`1 failReasonFunc)
   at FluentAssertions.Execution.AssertionScope.FailWith(Func`1 failReasonFunc)
   at FluentAssertions.Primitives.StringEqualityValidator.ValidateAgainstLengthDifferences()
   at FluentAssertions.Primitives.StringValidator.Validate()
   at FluentAssertions.Primitives.StringAssertions`1.Be(String expected, String because, Object[] becauseArgs)
   at FileContentRenamer.Tests.Services.DateExtractorEnhancedTests.ExtractDateFromContent_WithSlashDateFormats_ShouldExtractCorrectDate(String content, String expected) in /Users/santibraida/Workspace/comprobantes/FileContentRenamer.Tests/Services/DateExtractorEnhancedTests.cs:line 27
   at InvokeStub_DateExtractorEnhancedTests.ExtractDateFromContent_WithSlashDateFormats_ShouldExtractCorrectDate(Object, Span`1)
   at System.Reflection.MethodBaseInvoker.InvokeWithFewArgs(Object obj, BindingFlags invokeAttr, Binder binder, Object[] parameters, CultureInfo culture)</StackTrace>
        </ErrorInfo>
      </Output>
    </UnitTestResult>
    <UnitTestResult executionId="052422c8-fa71-4d6d-978f-fef2f0a27eae" testId="7fcfbf2b-a0f0-8cea-db66-f6ff88221d45" testName="FileContentRenamer.Tests.Services.DirectoryOrganizerAdditionalTests.OrganizeFileIntoDirectoryStructure_WithAllMonths_ShouldCreateCorrectStructure(dateStr: &quot;2023-05-20&quot;, expectedMonth: &quot;05_mayo&quot;)" computerName="MacBook-Pro" duration="00:00:00.0014639" startTime="2025-08-11T23:52:26.8104900-03:00" endTime="2025-08-11T23:52:26.8112190-03:00" testType="13cdc9d9-ddb5-4fa4-a97d-d965ccfc6d4b" outcome="Passed" testListId="8c84fa94-04c1-424b-9868-57a2d4851a1d" relativeResultsDirectory="052422c8-fa71-4d6d-978f-fef2f0a27eae" />
    <UnitTestResult executionId="8f778402-f4d3-4b8f-88db-55f84c878d3d" testId="e79afc88-c7a0-bcac-2c83-9a8e654af181" testName="FileContentRenamer.Tests.Services.DateExtractorEnhancedTests.ExtractDateFromContent_WithNoDates_ShouldReturnEmptyString(content: &quot;No dates here at all&quot;)" computerName="MacBook-Pro" duration="00:00:00.0000051" startTime="2025-08-11T23:52:26.9783140-03:00" endTime="2025-08-11T23:52:26.9783440-03:00" testType="13cdc9d9-ddb5-4fa4-a97d-d965ccfc6d4b" outcome="Passed" testListId="8c84fa94-04c1-424b-9868-57a2d4851a1d" relativeResultsDirectory="8f778402-f4d3-4b8f-88db-55f84c878d3d" />
    <UnitTestResult executionId="f71bc3c0-d731-4f4c-bedd-a0b8e6a26a6f" testId="5ae8a96a-c13f-5288-d649-6a496b108bc8" testName="FileContentRenamer.Tests.Models.AppConfigTests.Properties_ShouldBeSettable" computerName="MacBook-Pro" duration="00:00:00.0231894" startTime="2025-08-11T23:52:27.0618520-03:00" endTime="2025-08-11T23:52:27.2586810-03:00" testType="13cdc9d9-ddb5-4fa4-a97d-d965ccfc6d4b" outcome="Passed" testListId="8c84fa94-04c1-424b-9868-57a2d4851a1d" relativeResultsDirectory="f71bc3c0-d731-4f4c-bedd-a0b8e6a26a6f" />
    <UnitTestResult executionId="ba5007bf-397f-43e4-80cc-618d05f32018" testId="6547cbe5-cb2c-b29f-9137-0cf0b96d8b18" testName="FileContentRenamer.Tests.Models.AppConfigTests.LoadFromConfiguration_WithPartialConfig_ShouldUseDefaultsForMissingValues" computerName="MacBook-Pro" duration="00:00:00.0759278" startTime="2025-08-11T23:52:27.4909510-03:00" endTime="2025-08-11T23:52:27.4916060-03:00" testType="13cdc9d9-ddb5-4fa4-a97d-d965ccfc6d4b" outcome="Failed" testListId="8c84fa94-04c1-424b-9868-57a2d4851a1d" relativeResultsDirectory="ba5007bf-397f-43e4-80cc-618d05f32018">
      <Output>
        <ErrorInfo>
          <Message>Expected result.ForceReprocessAlreadyNamed to be False, but found True.</Message>
          <StackTrace>   at FluentAssertions.Execution.XUnit2TestFramework.Throw(String message)
   at FluentAssertions.Execution.TestFrameworkProvider.Throw(String message)
   at FluentAssertions.Execution.DefaultAssertionStrategy.HandleFailure(String message)
   at FluentAssertions.Execution.AssertionScope.FailWith(Func`1 failReasonFunc)
   at FluentAssertions.Execution.AssertionScope.FailWith(Func`1 failReasonFunc)
   at FluentAssertions.Execution.AssertionScope.FailWith(String message, Object[] args)
   at FluentAssertions.Primitives.BooleanAssertions`1.BeFalse(String because, Object[] becauseArgs)
   at FileContentRenamer.Tests.Models.AppConfigTests.LoadFromConfiguration_WithPartialConfig_ShouldUseDefaultsForMissingValues() in /Users/santibraida/Workspace/comprobantes/FileContentRenamer.Tests/Models/AppConfigTests.cs:line 196
   at System.RuntimeMethodHandle.InvokeMethod(Object target, Void** arguments, Signature sig, Boolean isConstructor)
   at System.Reflection.MethodBaseInvoker.InvokeWithNoArgs(Object obj, BindingFlags invokeAttr)</StackTrace>
        </ErrorInfo>
      </Output>
    </UnitTestResult>
    <UnitTestResult executionId="4deba969-828c-4002-a089-03286b86210e" testId="99010084-55ec-2d67-80ac-70f30d045fef" testName="FileContentRenamer.Tests.Services.FilenameGeneratorTests.CleanupFileName_WithVariousInputs_ShouldReturnCleanedName(input: &quot;__file__name__&quot;, expected: &quot;file_name&quot;)" computerName="MacBook-Pro" duration="00:00:00.0000201" startTime="2025-08-11T23:52:26.9016430-03:00" endTime="2025-08-11T23:52:26.9016710-03:00" testType="13cdc9d9-ddb5-4fa4-a97d-d965ccfc6d4b" outcome="Passed" testListId="8c84fa94-04c1-424b-9868-57a2d4851a1d" relativeResultsDirectory="4deba969-828c-4002-a089-03286b86210e" />
    <UnitTestResult executionId="aaf694f9-84b5-4c0c-b3a7-edeacce7d7d8" testId="c32c2d70-ec54-f6cd-a455-74bb6359e097" testName="FileContentRenamer.Tests.Services.DirectoryOrganizerAdditionalTests.OrganizeFileIntoDirectoryStructure_WithAllMonths_ShouldCreateCorrectStructure(dateStr: &quot;2023-07-10&quot;, expectedMonth: &quot;07_julio&quot;)" computerName="MacBook-Pro" duration="00:00:00.0008874" startTime="2025-08-11T23:52:26.8092070-03:00" endTime="2025-08-11T23:52:26.8098510-03:00" testType="13cdc9d9-ddb5-4fa4-a97d-d965ccfc6d4b" outcome="Passed" testListId="8c84fa94-04c1-424b-9868-57a2d4851a1d" relativeResultsDirectory="aaf694f9-84b5-4c0c-b3a7-edeacce7d7d8" />
    <UnitTestResult executionId="bdc4fa8d-5f27-4f58-8ac8-0e68db45a8b6" testId="871d08c9-a126-7256-6ea3-61a20f361a2f" testName="FileContentRenamer.Tests.Services.ImageProcessorTests.ExtractContentAsync_WithInvalidTesseractDataPath_ShouldReturnEmpty" computerName="MacBook-Pro" duration="00:00:00.0584241" startTime="2025-08-11T23:52:28.9480250-03:00" endTime="2025-08-11T23:52:28.9843270-03:00" testType="13cdc9d9-ddb5-4fa4-a97d-d965ccfc6d4b" outcome="Passed" testListId="8c84fa94-04c1-424b-9868-57a2d4851a1d" relativeResultsDirectory="bdc4fa8d-5f27-4f58-8ac8-0e68db45a8b6" />
    <UnitTestResult executionId="96a8a724-fb87-4de7-a11f-a76e9dc7d76f" testId="d4537562-1c96-4e07-3939-b2da6a34e9fc" testName="FileContentRenamer.Tests.Services.DateExtractorTests.ExtractDateFromFilename_WithValidFormat_ShouldReturnCorrectDate" computerName="MacBook-Pro" duration="00:00:00.0001617" startTime="2025-08-11T23:52:26.6635450-03:00" endTime="2025-08-11T23:52:26.6635750-03:00" testType="13cdc9d9-ddb5-4fa4-a97d-d965ccfc6d4b" outcome="Passed" testListId="8c84fa94-04c1-424b-9868-57a2d4851a1d" relativeResultsDirectory="96a8a724-fb87-4de7-a11f-a76e9dc7d76f" />
    <UnitTestResult executionId="c971d12f-e74f-41c4-afd1-b09386704d5a" testId="2c747d1f-f1c9-2115-b65f-2b6f4087b146" testName="FileContentRenamer.Tests.Services.FilenameGeneratorTests.IsAlreadyNamedFilename_WithValidFormats_ShouldReturnTrue(filename: &quot;test_2023-12-31_card&quot;)" computerName="MacBook-Pro" duration="00:00:00.0000546" startTime="2025-08-11T23:52:26.8714640-03:00" endTime="2025-08-11T23:52:26.8714920-03:00" testType="13cdc9d9-ddb5-4fa4-a97d-d965ccfc6d4b" outcome="Passed" testListId="8c84fa94-04c1-424b-9868-57a2d4851a1d" relativeResultsDirectory="c971d12f-e74f-41c4-afd1-b09386704d5a" />
    <UnitTestResult executionId="7044c536-5d8d-4579-9bd4-3bcef67c7841" testId="33f231e9-c30e-3ed3-4277-b5e0ef97bdd7" testName="FileContentRenamer.Tests.Services.DateExtractorEnhancedTests.ExtractDateFromContent_WithSpanishMonthNames_ShouldExtractCorrectDate(content: &quot;18 de septiembre de 2024&quot;, expected: &quot;2024-09-18&quot;)" computerName="MacBook-Pro" duration="00:00:00.0181967" startTime="2025-08-11T23:52:27.0646320-03:00" endTime="2025-08-11T23:52:27.1782270-03:00" testType="13cdc9d9-ddb5-4fa4-a97d-d965ccfc6d4b" outcome="Passed" testListId="8c84fa94-04c1-424b-9868-57a2d4851a1d" relativeResultsDirectory="7044c536-5d8d-4579-9bd4-3bcef67c7841" />
    <UnitTestResult executionId="2f046396-9c03-4bed-adfd-2d7244934dc2" testId="3a8b252e-af29-2782-c8cf-4c2dc2637787" testName="FileContentRenamer.Tests.Services.DirectoryOrganizerTests.GetMonthName_WithValidMonth_ShouldReturnSpanishName(monthNumber: 8, expected: &quot;agosto&quot;)" computerName="MacBook-Pro" duration="00:00:00.0005237" startTime="2025-08-11T23:52:26.6698860-03:00" endTime="2025-08-11T23:52:26.7138880-03:00" testType="13cdc9d9-ddb5-4fa4-a97d-d965ccfc6d4b" outcome="Passed" testListId="8c84fa94-04c1-424b-9868-57a2d4851a1d" relativeResultsDirectory="2f046396-9c03-4bed-adfd-2d7244934dc2" />
    <UnitTestResult executionId="c044f451-2be6-499d-8b89-2d5ed47209d6" testId="f59b4127-a050-8fc1-85b0-31c4bee23013" testName="FileContentRenamer.Tests.Services.DateExtractorEnhancedTests.ExtractDateFromContent_WithSpanishMonthNames_ShouldExtractCorrectDate(content: &quot;15 de enero de 2023&quot;, expected: &quot;2023-01-15&quot;)" computerName="MacBook-Pro" duration="00:00:00.0000127" startTime="2025-08-11T23:52:27.1789950-03:00" endTime="2025-08-11T23:52:27.1790340-03:00" testType="13cdc9d9-ddb5-4fa4-a97d-d965ccfc6d4b" outcome="Passed" testListId="8c84fa94-04c1-424b-9868-57a2d4851a1d" relativeResultsDirectory="c044f451-2be6-499d-8b89-2d5ed47209d6" />
    <UnitTestResult executionId="5a32abb7-43aa-4cd7-8eb5-a54bc273e3ea" testId="31f3b2f4-1b28-6746-2403-d25f9fbdfdf8" testName="FileContentRenamer.Tests.Services.DirectoryOrganizerTests.OrganizeFileIntoDirectoryStructure_InYearFolderDifferentMonth_ShouldMoveToCorrectMonth" computerName="MacBook-Pro" duration="00:00:00.0204158" startTime="2025-08-11T23:52:26.6631900-03:00" endTime="2025-08-11T23:52:26.6682250-03:00" testType="13cdc9d9-ddb5-4fa4-a97d-d965ccfc6d4b" outcome="Passed" testListId="8c84fa94-04c1-424b-9868-57a2d4851a1d" relativeResultsDirectory="5a32abb7-43aa-4cd7-8eb5-a54bc273e3ea" />
    <UnitTestResult executionId="229aa5c7-cb12-418f-a683-5a61945b850d" testId="33f7c76c-bb78-6b08-abcd-e808bcbcf4f9" testName="FileContentRenamer.Tests.Services.TextProcessorTests.ExtractContentAsync_WithOnlyWhitespace_ShouldReturnWhitespace" computerName="MacBook-Pro" duration="00:00:00.0060736" startTime="2025-08-11T23:52:26.8472800-03:00" endTime="2025-08-11T23:52:26.8681060-03:00" testType="13cdc9d9-ddb5-4fa4-a97d-d965ccfc6d4b" outcome="Passed" testListId="8c84fa94-04c1-424b-9868-57a2d4851a1d" relativeResultsDirectory="229aa5c7-cb12-418f-a683-5a61945b850d" />
    <UnitTestResult executionId="2bf1e370-6ca7-4ba8-ac6c-d79f93fad38c" testId="10d7715a-d53b-4b8e-fcec-78d41ef67dac" testName="FileContentRenamer.Tests.Services.TextProcessorTests.CanProcess_WithTxtExtension_ShouldReturnTrue" computerName="MacBook-Pro" duration="00:00:00.0001805" startTime="2025-08-11T23:52:26.8684580-03:00" endTime="2025-08-11T23:52:26.8685200-03:00" testType="13cdc9d9-ddb5-4fa4-a97d-d965ccfc6d4b" outcome="Passed" testListId="8c84fa94-04c1-424b-9868-57a2d4851a1d" relativeResultsDirectory="2bf1e370-6ca7-4ba8-ac6c-d79f93fad38c" />
    <UnitTestResult executionId="76938f8a-e860-4732-a4e6-766e165befd8" testId="3890aa01-b165-5f49-b90e-3db1a4c16e7b" testName="FileContentRenamer.Tests.Services.FileValidatorTests.ValidateFileSize_WithInvalidPath_ShouldNotThrow" computerName="MacBook-Pro" duration="00:00:00.0005591" startTime="2025-08-11T23:52:26.8742260-03:00" endTime="2025-08-11T23:52:26.8801000-03:00" testType="13cdc9d9-ddb5-4fa4-a97d-d965ccfc6d4b" outcome="Passed" testListId="8c84fa94-04c1-424b-9868-57a2d4851a1d" relativeResultsDirectory="76938f8a-e860-4732-a4e6-766e165befd8" />
    <UnitTestResult executionId="61822ff0-0ee5-490b-8f53-876057cc7949" testId="63753db1-a700-4ddb-bad0-85dcc6fc1038" testName="FileContentRenamer.Tests.Services.DirectoryOrganizerTests.OrganizeFileIntoDirectoryStructure_ThreadSafety_ShouldHandleConcurrentCalls" computerName="MacBook-Pro" duration="00:00:00.0935776" startTime="2025-08-11T23:52:27.1781290-03:00" endTime="2025-08-11T23:52:27.3364900-03:00" testType="13cdc9d9-ddb5-4fa4-a97d-d965ccfc6d4b" outcome="Passed" testListId="8c84fa94-04c1-424b-9868-57a2d4851a1d" relativeResultsDirectory="61822ff0-0ee5-490b-8f53-876057cc7949" />
    <UnitTestResult executionId="2cc766f0-592d-474f-b87e-e4458f633bbc" testId="526ffdfa-3900-4b67-df6b-88bc8133a5c5" testName="FileContentRenamer.Tests.Services.DateExtractorEnhancedTests.ExtractDateFromContent_WithNoDates_ShouldReturnEmptyString(content: &quot;Invalid date 32/13/2023&quot;)" computerName="MacBook-Pro" duration="00:00:00.0282608" startTime="2025-08-11T23:52:26.9786260-03:00" endTime="2025-08-11T23:52:27.0537570-03:00" testType="13cdc9d9-ddb5-4fa4-a97d-d965ccfc6d4b" outcome="Failed" testListId="8c84fa94-04c1-424b-9868-57a2d4851a1d" relativeResultsDirectory="2cc766f0-592d-474f-b87e-e4458f633bbc">
      <Output>
        <ErrorInfo>
          <Message>Expected result to be empty, but found "2023-13-32".</Message>
          <StackTrace>   at FluentAssertions.Execution.XUnit2TestFramework.Throw(String message)
   at FluentAssertions.Execution.TestFrameworkProvider.Throw(String message)
   at FluentAssertions.Execution.DefaultAssertionStrategy.HandleFailure(String message)
   at FluentAssertions.Execution.AssertionScope.FailWith(Func`1 failReasonFunc)
   at FluentAssertions.Execution.AssertionScope.FailWith(Func`1 failReasonFunc)
   at FluentAssertions.Execution.AssertionScope.FailWith(String message, Object[] args)
   at FluentAssertions.Primitives.StringAssertions`1.BeEmpty(String because, Object[] becauseArgs)
   at FileContentRenamer.Tests.Services.DateExtractorEnhancedTests.ExtractDateFromContent_WithNoDates_ShouldReturnEmptyString(String content) in /Users/santibraida/Workspace/comprobantes/FileContentRenamer.Tests/Services/DateExtractorEnhancedTests.cs:line 115
   at InvokeStub_DateExtractorEnhancedTests.ExtractDateFromContent_WithNoDates_ShouldReturnEmptyString(Object, Span`1)
   at System.Reflection.MethodBaseInvoker.InvokeWithOneArg(Object obj, BindingFlags invokeAttr, Binder binder, Object[] parameters, CultureInfo culture)</StackTrace>
        </ErrorInfo>
      </Output>
    </UnitTestResult>
    <UnitTestResult executionId="5dc11076-b098-48b3-8178-611c16cfb06a" testId="f74a6a94-f390-b5f6-1cb3-44e2f343eb63" testName="FileContentRenamer.Tests.Models.NamingRulesTests.GenerateFilename_WithDateOverrideButRichContent_ShouldUseOriginalDate" computerName="MacBook-Pro" duration="00:00:00.0003355" startTime="2025-08-11T23:52:27.0615050-03:00" endTime="2025-08-11T23:52:27.0618790-03:00" testType="13cdc9d9-ddb5-4fa4-a97d-d965ccfc6d4b" outcome="Passed" testListId="8c84fa94-04c1-424b-9868-57a2d4851a1d" relativeResultsDirectory="5dc11076-b098-48b3-8178-611c16cfb06a" />
    <UnitTestResult executionId="1160314b-ea01-4ff7-9073-dc1a05da66ec" testId="1f3ff8e1-e91a-ea79-b96f-cb3e726fda8c" testName="FileContentRenamer.Tests.Services.DirectoryOrganizerTests.OrganizeFileIntoDirectoryStructure_AlreadyInCorrectStructure_ShouldReturnSamePath" computerName="MacBook-Pro" duration="00:00:00.0057371" startTime="2025-08-11T23:52:27.0596980-03:00" endTime="2025-08-11T23:52:27.0646680-03:00" testType="13cdc9d9-ddb5-4fa4-a97d-d965ccfc6d4b" outcome="Passed" testListId="8c84fa94-04c1-424b-9868-57a2d4851a1d" relativeResultsDirectory="1160314b-ea01-4ff7-9073-dc1a05da66ec" />
    <UnitTestResult executionId="c53a935a-bf89-41ba-ba2e-036b9d6a917e" testId="75799e7f-c8b2-eb49-e7fc-7e63546cf626" testName="FileContentRenamer.Tests.Services.ImageProcessorTests.CanProcess_WithImageExtensions_ShouldReturnTrue(extension: &quot;.tif&quot;)" computerName="MacBook-Pro" duration="00:00:00.1244298" startTime="2025-08-11T23:52:27.4891290-03:00" endTime="2025-08-11T23:52:27.4910080-03:00" testType="13cdc9d9-ddb5-4fa4-a97d-d965ccfc6d4b" outcome="Passed" testListId="8c84fa94-04c1-424b-9868-57a2d4851a1d" relativeResultsDirectory="c53a935a-bf89-41ba-ba2e-036b9d6a917e" />
    <UnitTestResult executionId="cd4ae47b-48d2-463d-8626-3ef306cb7d7a" testId="73a4ef3c-a881-1492-597f-eb30563d6bb4" testName="FileContentRenamer.Tests.Services.DateExtractorEnhancedTests.ExtractDateFromContent_WithSlashDateFormats_ShouldExtractCorrectDate(content: &quot;Fecha: 2023/01/15&quot;, expected: &quot;2023-01-15&quot;)" computerName="MacBook-Pro" duration="00:00:00.0049891" startTime="2025-08-11T23:52:27.0602350-03:00" endTime="2025-08-11T23:52:27.0620070-03:00" testType="13cdc9d9-ddb5-4fa4-a97d-d965ccfc6d4b" outcome="Failed" testListId="8c84fa94-04c1-424b-9868-57a2d4851a1d" relativeResultsDirectory="cd4ae47b-48d2-463d-8626-3ef306cb7d7a">
      <Output>
        <ErrorInfo>
          <Message>Expected result to be "2023-01-15" with a length of 10, but "" has a length of 0, differs near "" (index 0).</Message>
          <StackTrace>   at FluentAssertions.Execution.XUnit2TestFramework.Throw(String message)
   at FluentAssertions.Execution.TestFrameworkProvider.Throw(String message)
   at FluentAssertions.Execution.DefaultAssertionStrategy.HandleFailure(String message)
   at FluentAssertions.Execution.AssertionScope.FailWith(Func`1 failReasonFunc)
   at FluentAssertions.Execution.AssertionScope.FailWith(Func`1 failReasonFunc)
   at FluentAssertions.Primitives.StringEqualityValidator.ValidateAgainstLengthDifferences()
   at FluentAssertions.Primitives.StringValidator.Validate()
   at FluentAssertions.Primitives.StringAssertions`1.Be(String expected, String because, Object[] becauseArgs)
   at FileContentRenamer.Tests.Services.DateExtractorEnhancedTests.ExtractDateFromContent_WithSlashDateFormats_ShouldExtractCorrectDate(String content, String expected) in /Users/santibraida/Workspace/comprobantes/FileContentRenamer.Tests/Services/DateExtractorEnhancedTests.cs:line 27
   at InvokeStub_DateExtractorEnhancedTests.ExtractDateFromContent_WithSlashDateFormats_ShouldExtractCorrectDate(Object, Span`1)
   at System.Reflection.MethodBaseInvoker.InvokeWithFewArgs(Object obj, BindingFlags invokeAttr, Binder binder, Object[] parameters, CultureInfo culture)</StackTrace>
        </ErrorInfo>
      </Output>
    </UnitTestResult>
[...]
[xUnit.net 00:00:01.08]            at FluentAssertions.Primitives.StringValidator.Validate()
[xUnit.net 00:00:01.08]            at FluentAssertions.Primitives.StringAssertions`1.Be(String expected, String because, Object[] becauseArgs)
[xUnit.net 00:00:01.08]         /Users/santibraida/Workspace/comprobantes/FileContentRenamer.Tests/Models/AppConfigTests.cs(94,0): at FileContentRenamer.Tests.Models.AppConfigTests.LoadFromConfiguration_WithValidConfigFile_ShouldLoadCorrectly()
[xUnit.net 00:00:01.08]            at System.RuntimeMethodHandle.InvokeMethod(Object target, Void** arguments, Signature sig, Boolean isConstructor)
[xUnit.net 00:00:01.08]            at System.Reflection.MethodBaseInvoker.InvokeWithNoArgs(Object obj, BindingFlags invokeAttr)
[xUnit.net 00:00:01.20]       Expected a &lt;System.Exception&gt; to be thrown, but no exception was thrown.
[xUnit.net 00:00:01.20]       Stack Trace:
[xUnit.net 00:00:01.20]            at FluentAssertions.Execution.XUnit2TestFramework.Throw(String message)
[xUnit.net 00:00:01.20]            at FluentAssertions.Execution.TestFrameworkProvider.Throw(String message)
[xUnit.net 00:00:01.20]            at FluentAssertions.Execution.DefaultAssertionStrategy.HandleFailure(String message)
[xUnit.net 00:00:01.20]            at FluentAssertions.Execution.AssertionScope.FailWith(Func`1 failReasonFunc)
[xUnit.net 00:00:01.20]            at FluentAssertions.Execution.AssertionScope.FailWith(Func`1 failReasonFunc)
[xUnit.net 00:00:01.20]            at FluentAssertions.Execution.AssertionScope.FailWith(String message)
[xUnit.net 00:00:01.20]            at FluentAssertions.Specialized.DelegateAssertionsBase`2.ThrowInternal[TException](Exception exception, String because, Object[] becauseArgs)
[xUnit.net 00:00:01.20]            at FluentAssertions.Specialized.DelegateAssertions`2.Throw[TException](String because, Object[] becauseArgs)
[xUnit.net 00:00:01.20]         /Users/santibraida/Workspace/comprobantes/FileContentRenamer.Tests/Models/AppConfigTests.cs(141,0): at FileContentRenamer.Tests.Models.AppConfigTests.LoadFromConfiguration_WithInvalidJson_ShouldThrowException()
[xUnit.net 00:00:01.20]            at System.RuntimeMethodHandle.InvokeMethod(Object target, Void** arguments, Signature sig, Boolean isConstructor)
[xUnit.net 00:00:01.20]            at System.Reflection.MethodBaseInvoker.InvokeWithNoArgs(Object obj, BindingFlags invokeAttr)
[xUnit.net 00:00:01.20]       Expected result.ForceReprocessAlreadyNamed to be False, but found True.
[xUnit.net 00:00:01.20]       Stack Trace:
[xUnit.net 00:00:01.20]            at FluentAssertions.Execution.XUnit2TestFramework.Throw(String message)
[xUnit.net 00:00:01.20]            at FluentAssertions.Execution.TestFrameworkProvider.Throw(String message)
[xUnit.net 00:00:01.20]            at FluentAssertions.Execution.DefaultAssertionStrategy.HandleFailure(String message)
[xUnit.net 00:00:01.20]            at FluentAssertions.Execution.AssertionScope.FailWith(Func`1 failReasonFunc)
[xUnit.net 00:00:01.20]            at FluentAssertions.Execution.AssertionScope.FailWith(Func`1 failReasonFunc)
[xUnit.net 00:00:01.20]            at FluentAssertions.Execution.AssertionScope.FailWith(String message, Object[] args)
[xUnit.net 00:00:01.20]            at FluentAssertions.Primitives.BooleanAssertions`1.BeFalse(String because, Object[] becauseArgs)
[xUnit.net 00:00:01.20]         /Users/santibraida/Workspace/comprobantes/FileContentRenamer.Tests/Models/AppConfigTests.cs(196,0): at FileContentRenamer.Tests.Models.AppConfigTests.LoadFromConfiguration_WithPartialConfig_ShouldUseDefaultsForMissingValues()
[xUnit.net 00:00:01.20]            at System.RuntimeMethodHandle.InvokeMethod(Object target, Void** arguments, Signature sig, Boolean isConstructor)
[xUnit.net 00:00:01.20]            at System.Reflection.MethodBaseInvoker.InvokeWithNoArgs(Object obj, BindingFlags invokeAttr)
[xUnit.net 00:00:01.35]       Expected a &lt;System.InvalidOperationException&gt; to be thrown, but no exception was thrown.
[xUnit.net 00:00:01.35]       Stack Trace:
[xUnit.net 00:00:01.35]            at FluentAssertions.Execution.XUnit2TestFramework.Throw(String message)
[xUnit.net 00:00:01.35]            at FluentAssertions.Execution.TestFrameworkProvider.Throw(String message)
[xUnit.net 00:00:01.35]            at FluentAssertions.Execution.DefaultAssertionStrategy.HandleFailure(String message)
[xUnit.net 00:00:01.35]            at FluentAssertions.Execution.AssertionScope.FailWith(Func`1 failReasonFunc)
[xUnit.net 00:00:01.35]            at FluentAssertions.Execution.AssertionScope.FailWith(Func`1 failReasonFunc)
[xUnit.net 00:00:01.35]            at FluentAssertions.Execution.AssertionScope.FailWith(String message)
[xUnit.net 00:00:01.35]            at FluentAssertions.Specialized.DelegateAssertionsBase`2.ThrowInternal[TException](Exception exception, String because, Object[] becauseArgs)
[xUnit.net 00:00:01.35]            at FluentAssertions.Specialized.DelegateAssertions`2.Throw[TException](String because, Object[] becauseArgs)
[xUnit.net 00:00:01.35]         /Users/santibraida/Workspace/comprobantes/FileContentRenamer.Tests/Models/AppConfigTests.cs(161,0): at FileContentRenamer.Tests.Models.AppConfigTests.LoadFromConfiguration_WithEmptyConfig_ShouldThrowException()
[xUnit.net 00:00:01.35]            at System.RuntimeMethodHandle.InvokeMethod(Object target, Void** arguments, Signature sig, Boolean isConstructor)
[xUnit.net 00:00:01.35]            at System.Reflection.MethodBaseInvoker.InvokeWithNoArgs(Object obj, BindingFlags invokeAttr)
[xUnit.net 00:00:01.48]       Expected a &lt;System.InvalidOperationException&gt; to be thrown, but no exception was thrown.
[xUnit.net 00:00:01.48]       Stack Trace:
[xUnit.net 00:00:01.48]            at FluentAssertions.Execution.XUnit2TestFramework.Throw(String message)
[xUnit.net 00:00:01.48]            at FluentAssertions.Execution.TestFrameworkProvider.Throw(String message)
[xUnit.net 00:00:01.48]            at FluentAssertions.Execution.DefaultAssertionStrategy.HandleFailure(String message)
[xUnit.net 00:00:01.48]            at FluentAssertions.Execution.AssertionScope.FailWith(Func`1 failReasonFunc)
[xUnit.net 00:00:01.48]            at FluentAssertions.Execution.AssertionScope.FailWith(Func`1 failReasonFunc)
[xUnit.net 00:00:01.48]            at FluentAssertions.Execution.AssertionScope.FailWith(String message)
[xUnit.net 00:00:01.48]            at FluentAssertions.Specialized.DelegateAssertionsBase`2.ThrowInternal[TException](Exception exception, String because, Object[] becauseArgs)
[xUnit.net 00:00:01.48]            at FluentAssertions.Specialized.DelegateAssertions`2.Throw[TException](String because, Object[] becauseArgs)
[xUnit.net 00:00:01.48]         /Users/santibraida/Workspace/comprobantes/FileContentRenamer.Tests/Models/AppConfigTests.cs(260,0): at FileContentRenamer.Tests.Models.AppConfigTests.LoadFromConfiguration_WithMissingFileExtensions_ShouldThrowException()
[xUnit.net 00:00:01.48]            at System.RuntimeMethodHandle.InvokeMethod(Object target, Void** arguments, Signature sig, Boolean isConstructor)
[xUnit.net 00:00:01.48]            at System.Reflection.MethodBaseInvoker.InvokeWithNoArgs(Object obj, BindingFlags invokeAttr)
[xUnit.net 00:00:02.84]   Finished:    FileContentRenamer.Tests
</StdOut>
    </Output>
    <RunInfos>
      <RunInfo computerName="MacBook-Pro" outcome="Error" timestamp="2025-08-11T23:52:26.9861710-03:00">
        <Text>[xUnit.net 00:00:00.70]     FileContentRenamer.Tests.Services.DirectoryOrganizerAdditionalTests.OrganizeFileIntoDirectoryStructure_WithInvalidDate_ShouldThrowException [FAIL]</Text>
      </RunInfo>
      <RunInfo computerName="MacBook-Pro" outcome="Error" timestamp="2025-08-11T23:52:27.0373960-03:00">
        <Text>[xUnit.net 00:00:00.75]     FileContentRenamer.Tests.Models.AppConfigTests.LoadFromConfiguration_WithMissingConfigFile_ShouldThrowException [FAIL]</Text>
      </RunInfo>
      <RunInfo computerName="MacBook-Pro" outcome="Error" timestamp="2025-08-11T23:52:27.0374200-03:00">
        <Text>[xUnit.net 00:00:00.75]     FileContentRenamer.Tests.Services.DirectoryOrganizerTests.OrganizeFileIntoDirectoryStructure_AlreadyInYearFolder_ShouldMoveToMonthFolder [FAIL]</Text>
      </RunInfo>
      <RunInfo computerName="MacBook-Pro" outcome="Error" timestamp="2025-08-11T23:52:27.0542220-03:00">
        <Text>[xUnit.net 00:00:00.77]     FileContentRenamer.Tests.Services.DateExtractorEnhancedTests.ExtractDateFromContent_WithNoDates_ShouldReturnEmptyString(content: "Invalid date 32/13/2023") [FAIL]</Text>
      </RunInfo>
      <RunInfo computerName="MacBook-Pro" outcome="Error" timestamp="2025-08-11T23:52:27.0576020-03:00">
        <Text>[xUnit.net 00:00:00.77]     FileContentRenamer.Tests.Services.DateExtractorEnhancedTests.ExtractDateFromContent_WithSlashDateFormats_ShouldExtractCorrectDate(content: "fecha 2023/02/28", expected: "2023-02-28") [FAIL]</Text>
      </RunInfo>
      <RunInfo computerName="MacBook-Pro" outcome="Error" timestamp="2025-08-11T23:52:27.0581360-03:00">
        <Text>[xUnit.net 00:00:00.77]     FileContentRenamer.Tests.Services.DateExtractorEnhancedTests.ExtractDateFromContent_WithSlashDateFormats_ShouldExtractCorrectDate(content: "FECHA: 2023/06/30", expected: "2023-06-30") [FAIL]</Text>
      </RunInfo>
      <RunInfo computerName="MacBook-Pro" outcome="Error" timestamp="2025-08-11T23:52:27.0618610-03:00">
        <Text>[xUnit.net 00:00:00.77]     FileContentRenamer.Tests.Services.DateExtractorEnhancedTests.ExtractDateFromContent_WithSlashDateFormats_ShouldExtractCorrectDate(content: "Date: 2023/12/31", expected: "2023-12-31") [FAIL]</Text>
      </RunInfo>
      <RunInfo computerName="MacBook-Pro" outcome="Error" timestamp="2025-08-11T23:52:27.0622540-03:00">
        <Text>[xUnit.net 00:00:00.77]     FileContentRenamer.Tests.Services.DateExtractorEnhancedTests.ExtractDateFromContent_WithSlashDateFormats_ShouldExtractCorrectDate(content: "Fecha: 2023/01/15", expected: "2023-01-15") [FAIL]</Text>
      </RunInfo>
      <RunInfo computerName="MacBook-Pro" outcome="Error" timestamp="2025-08-11T23:52:27.0644570-03:00">
        <Text>[xUnit.net 00:00:00.78]     FileContentRenamer.Tests.Services.FilenameGeneratorTests.GenerateUniqueFilename_ThreadSafety_ShouldHandleConcurrentCalls [FAIL]</Text>
      </RunInfo>
      <RunInfo computerName="MacBook-Pro" outcome="Error" timestamp="2025-08-11T23:52:27.2590290-03:00">
        <Text>[xUnit.net 00:00:00.97]     FileContentRenamer.Tests.Services.DateExtractorEnhancedTests.ExtractDateFromContent_WithEnglishMonthNames_ShouldExtractCorrectDate(content: "November 08, 2024", expected: "2024-11-08") [FAIL]</Text>
      </RunInfo>
      <RunInfo computerName="MacBook-Pro" outcome="Error" timestamp="2025-08-11T23:52:27.2608880-03:00">
        <Text>[xUnit.net 00:00:00.97]     FileContentRenamer.Tests.Services.DateExtractorAdditionalTests.ExtractDateFromContent_WithVariousFormats_ShouldReturnCorrectDate(content: "2023/01/01 - Inicio del año", expected: "2023-01-01") [FAIL]</Text>
      </RunInfo>
      <RunInfo computerName="MacBook-Pro" outcome="Error" timestamp="2025-08-11T23:52:27.2609290-03:00">
        <Text>[xUnit.net 00:00:00.97]     FileContentRenamer.Tests.Services.DateExtractorAdditionalTests.ExtractDateFromContent_WithVariousFormats_ShouldReturnCorrectDate(content: "31/13/2023", expected: "") [FAIL]</Text>
      </RunInfo>
      <RunInfo computerName="MacBook-Pro" outcome="Error" timestamp="2025-08-11T23:52:27.2618460-03:00">
        <Text>[xUnit.net 00:00:00.97]     FileContentRenamer.Tests.Services.DateExtractorEnhancedTests.ExtractDateFromContent_WithEnglishMonthNames_ShouldExtractCorrectDate(content: "December 31, 2023", expected: "2023-12-31") [FAIL]</Text>
      </RunInfo>
      <RunInfo computerName="MacBook-Pro" outcome="Error" timestamp="2025-08-11T23:52:27.2914030-03:00">
        <Text>[xUnit.net 00:00:01.00]     FileContentRenamer.Tests.Services.DateExtractorEnhancedTests.ExtractDateFromContent_WithEnglishMonthNames_ShouldExtractCorrectDate(content: "July 25, 2024", expected: "2024-07-25") [FAIL]</Text>
      </RunInfo>
      <RunInfo computerName="MacBook-Pro" outcome="Error" timestamp="2025-08-11T23:52:27.2914430-03:00">
        <Text>[xUnit.net 00:00:01.00]     FileContentRenamer.Tests.Services.DateExtractorAdditionalTests.ExtractDateFromContent_WithVariousFormats_ShouldReturnCorrectDate(content: "32/12/2023", expected: "") [FAIL]</Text>
      </RunInfo>
      <RunInfo computerName="MacBook-Pro" outcome="Error" timestamp="2025-08-11T23:52:27.2917080-03:00">
        <Text>[xUnit.net 00:00:01.00]     FileContentRenamer.Tests.Services.DateExtractorEnhancedTests.ExtractDateFromContent_WithEnglishMonthNames_ShouldExtractCorrectDate(content: "October 22, 2024", expected: "2024-10-22") [FAIL]</Text>
      </RunInfo>
      <RunInfo computerName="MacBook-Pro" outcome="Error" timestamp="2025-08-11T23:52:27.2956560-03:00">
        <Text>[xUnit.net 00:00:01.01]     FileContentRenamer.Tests.Services.DateExtractorEnhancedTests.ExtractDateFromContent_WithEnglishMonthNames_ShouldExtractCorrectDate(content: "September 18, 2024", expected: "2024-09-18") [FAIL]</Text>
      </RunInfo>
      <RunInfo computerName="MacBook-Pro" outcome="Error" timestamp="2025-08-11T23:52:27.2968790-03:00">
        <Text>[xUnit.net 00:00:01.01]     FileContentRenamer.Tests.Services.DateExtractorEnhancedTests.ExtractDateFromContent_WithEnglishMonthNames_ShouldExtractCorrectDate(content: "April 20, 2024", expected: "2024-04-20") [FAIL]</Text>
      </RunInfo>
      <RunInfo computerName="MacBook-Pro" outcome="Error" timestamp="2025-08-11T23:52:27.2968940-03:00">
        <Text>[xUnit.net 00:00:01.01]     FileContentRenamer.Tests.Services.DateExtractorEnhancedTests.ExtractDateFromContent_WithEnglishMonthNames_ShouldExtractCorrectDate(content: "May 10, 2024", expected: "2024-05-10") [FAIL]</Text>
      </RunInfo>
      <RunInfo computerName="MacBook-Pro" outcome="Error" timestamp="2025-08-11T23:52:27.2969060-03:00">
        <Text>[xUnit.net 00:00:01.01]     FileContentRenamer.Tests.Services.DateExtractorEnhancedTests.ExtractDateFromContent_WithEnglishMonthNames_ShouldExtractCorrectDate(content: "August 12, 2024", expected: "2024-08-12") [FAIL]</Text>
      </RunInfo>
      <RunInfo computerName="MacBook-Pro" outcome="Error" timestamp="2025-08-11T23:52:27.2969190-03:00">
        <Text>[xUnit.net 00:00:01.01]     FileContentRenamer.Tests.Services.DateExtractorEnhancedTests.ExtractDateFromContent_WithEnglishMonthNames_ShouldExtractCorrectDate(content: "June 05, 2024", expected: "2024-06-05") [FAIL]</Text>
      </RunInfo>
      <RunInfo computerName="MacBook-Pro" outcome="Error" timestamp="2025-08-11T23:52:27.3138090-03:00">
        <Text>[xUnit.net 00:00:01.03]     FileContentRenamer.Tests.Services.DateExtractorEnhancedTests.ExtractDateFromContent_WithEnglishMonthNames_ShouldExtractCorrectDate(content: "January 15, 2023", expected: "2023-01-15") [FAIL]</Text>
      </RunInfo>
      <RunInfo computerName="MacBook-Pro" outcome="Error" timestamp="2025-08-11T23:52:27.3383890-03:00">
        <Text>[xUnit.net 00:00:01.05]     FileContentRenamer.Tests.Services.DateExtractorEnhancedTests.ExtractDateFromContent_WithEnglishMonthNames_ShouldExtractCorrectDate(content: "March 15, 2024", expected: "2024-03-15") [FAIL]</Text>
      </RunInfo>
      <RunInfo computerName="MacBook-Pro" outcome="Error" timestamp="2025-08-11T23:52:27.3384310-03:00">
        <Text>[xUnit.net 00:00:01.05]     FileContentRenamer.Tests.Services.DateExtractorEnhancedTests.ExtractDateFromContent_WithEnglishMonthNames_ShouldExtractCorrectDate(content: "February 28, 2023", expected: "2023-02-28") [FAIL]</Text>
      </RunInfo>
      <RunInfo computerName="MacBook-Pro" outcome="Error" timestamp="2025-08-11T23:52:27.3386500-03:00">
        <Text>[xUnit.net 00:00:01.05]     FileContentRenamer.Tests.Services.DateExtractorEnhancedTests.ExtractDateFromContent_WithInvalidDates_ShouldReturnEmptyString(content: "32/01/2023") [FAIL]</Text>
      </RunInfo>
      <RunInfo computerName="MacBook-Pro" outcome="Error" timestamp="2025-08-11T23:52:27.3391790-03:00">
        <Text>[xUnit.net 00:00:01.05]     FileContentRenamer.Tests.Services.DateExtractorEnhancedTests.ExtractDateFromContent_WithInvalidDates_ShouldReturnEmptyString(content: "2023-01-32") [FAIL]</Text>
      </RunInfo>
      <RunInfo computerName="MacBook-Pro" outcome="Error" timestamp="2025-08-11T23:52:27.3439850-03:00">
        <Text>[xUnit.net 00:00:01.05]     FileContentRenamer.Tests.Services.DateExtractorEnhancedTests.ExtractDateFromContent_WithInvalidDates_ShouldReturnEmptyString(content: "2023-13-01") [FAIL]</Text>
      </RunInfo>
      <RunInfo computerName="MacBook-Pro" outcome="Error" timestamp="2025-08-11T23:52:27.3440040-03:00">
        <Text>[xUnit.net 00:00:01.05]     FileContentRenamer.Tests.Services.DateExtractorEnhancedTests.ExtractDateFromContent_WithInvalidDates_ShouldReturnEmptyString(content: "2023-02-30") [FAIL]</Text>
      </RunInfo>
      <RunInfo computerName="MacBook-Pro" outcome="Error" timestamp="2025-08-11T23:52:27.3440180-03:00">
        <Text>[xUnit.net 00:00:01.06]     FileContentRenamer.Tests.Services.DateExtractorEnhancedTests.ExtractDateFromContent_WithInvalidDates_ShouldReturnEmptyString(content: "2023-00-15") [FAIL]</Text>
      </RunInfo>
      <RunInfo computerName="MacBook-Pro" outcome="Error" timestamp="2025-08-11T23:52:27.3440300-03:00">
        <Text>[xUnit.net 00:00:01.06]     FileContentRenamer.Tests.Services.DateExtractorEnhancedTests.ExtractDateFromContent_WithInvalidDates_ShouldReturnEmptyString(content: "15/13/2023") [FAIL]</Text>
      </RunInfo>
      <RunInfo computerName="MacBook-Pro" outcome="Error" timestamp="2025-08-11T23:52:27.3453230-03:00">
        <Text>[xUnit.net 00:00:01.06]     FileContentRenamer.Tests.Services.DateExtractorEnhancedTests.ExtractDateFromContent_WithContextualDateFormats_ShouldExtractFirstValidDate(content: "Service date: January 15, 2023") [FAIL]</Text>
      </RunInfo>
      <RunInfo computerName="MacBook-Pro" outcome="Error" timestamp="2025-08-11T23:52:27.3702750-03:00">
        <Text>[xUnit.net 00:00:01.08]     FileContentRenamer.Tests.Models.AppConfigTests.LoadFromConfiguration_WithValidConfigFile_ShouldLoadCorrectly [FAIL]</Text>
      </RunInfo>
      <RunInfo computerName="MacBook-Pro" outcome="Error" timestamp="2025-08-11T23:52:27.4925370-03:00">
        <Text>[xUnit.net 00:00:01.20]     FileContentRenamer.Tests.Models.AppConfigTests.LoadFromConfiguration_WithInvalidJson_ShouldThrowException [FAIL]</Text>
      </RunInfo>
      <RunInfo computerName="MacBook-Pro" outcome="Error" timestamp="2025-08-11T23:52:27.4925550-03:00">
        <Text>[xUnit.net 00:00:01.20]     FileContentRenamer.Tests.Models.AppConfigTests.LoadFromConfiguration_WithPartialConfig_ShouldUseDefaultsForMissingValues [FAIL]</Text>
      </RunInfo>
      <RunInfo computerName="MacBook-Pro" outcome="Error" timestamp="2025-08-11T23:52:27.6369920-03:00">
        <Text>[xUnit.net 00:00:01.35]     FileContentRenamer.Tests.Models.AppConfigTests.LoadFromConfiguration_WithEmptyConfig_ShouldThrowException [FAIL]</Text>
      </RunInfo>
      <RunInfo computerName="MacBook-Pro" outcome="Error" timestamp="2025-08-11T23:52:27.7640030-03:00">
        <Text>[xUnit.net 00:00:01.48]     FileContentRenamer.Tests.Models.AppConfigTests.LoadFromConfiguration_WithMissingFileExtensions_ShouldThrowException [FAIL]</Text>
      </RunInfo>
    </RunInfos>
    <CollectorDataEntries>
      <Collector agentName="MacBook-Pro" uri="datacollector://microsoft/CoverletCodeCoverage/1.0" collectorDisplayName="XPlat code coverage">
        <UriAttachments>
          <UriAttachment>
            <A href="MacBook-Pro/coverage.cobertura.xml"></A>
          </UriAttachment>
        </UriAttachments>
      </Collector>
    </CollectorDataEntries>
  </ResultSummary>
</TestRun>